                                                      
       * * * * * * * * * * * * * * * * * *            
      *       ____   _____ _           _   *          
     *  /\   |  _ \ / ____| |         | |  * * * * *  
    *  /  \  | |_) | |    | |_   _ ___| |_ ___ _ __  *
   *  / /\ \ |  _ <| |    | | | | / __| __/ _ \ '__| *
  *  / ____ \| |_) | |____| | |_| \__ \ ||  __/ |  *  
  * /_/    \_\____/ \_____|_|\__,_|___/\__\___|_|  *  
  *                                                *  
  * * * * * * * * * * * * * * * * * * * * * * * * *   
                                                      

rigidmol 3.2
Specific flag:  official version
Platform:       LINUX/UNIX
Compiled by:    zhangjun@SZBL-Precision-7920-Tower
Compiling date: Apr  6 2024 09:19:20
C++ compiler:   g++ (Ubuntu 9.3.0-17ubuntu1~20.04) 9.3.0
C++ options:    -O2 -Os -fno-exceptions --std=c++11 -fopenmp -static-libstdc++ -static-libgcc  -static -Wl,--whole-archive -lpthread -Wl,--no-whole-archive  

Contributors:
Jun Zhang(Shenzhen Bay Laboratory): Design and coding.

For any suggestions, comments, and questions on the theory and
implementation of rigidmol, please feel free to contact:

Dr. Jun Zhang, zhangjun@szbl.ac.cn

If you used this program in your work, please cite these references:

[1] Zhang, J.; Dolg, M.; ABCluster: The Artificial Bee Colony Algorithm for
    Cluster Global Optimization. Phys. Chem. Chem. Phys. 2015, 17, 24173-24181.
[2] Zhang, J.; Dolg, M.; Global Optimization of Clusters of Rigid Molecules by the
    Artificial Bee Colony Algorithm. Phys. Chem. Chem. Phys. 2016, 18, 3003-3010.

Program starts at Thu Apr 18 11:59:50 2024.
Command line: " /home/kubeckaj/Applications/ABCluster-3.3pre-Linux//rigidmol calc.inp "
Process ID:   125546
Run by:       kubeckaj@s55n01.grendel.cscaa.dk
Available CPU cores:    64
Read "OMP_NUM_THREADS": 1

Random number testing (integers): 1390873060...956644556
Random number testing (fractals): 0.02530519...0.31675145

 -- Input/Output Parameters --
Input file name:      calc.inp
Cluster file name:    calc.cluster
Result file name:     calc.(cluster/xyz/gjf)
Temporary file name:  abclusterkubeckajs55n01.grendel.cscaa.dk125546-OPT
# of saved LMs:       3
LMs are stored in:    calc-LM

 -- ABC Control Parameters --
Population size:                   30
Maximal generation:                30
Scout limit:                        4
Amplitude:                 9.00000000

 -- Cluster Components: from [ calc.cluster ] --
 -----------------------------------------------------------
   Source                                       #
 -----------------------------------------------------------
   /home/kubeckaj/Applications/JKCS2.1/JKCSx/../TOOLS/STRUCTURES/ABC/hso4.xyz     1
   /home/kubeckaj/Applications/JKCS2.1/JKCSx/../TOOLS/STRUCTURES/ABC/nh4.xyz     1
 -----------------------------------------------------------
   External electric field:        0.000000 Volt/Angstrom
 -----------------------------------------------------------

Artificial Bee Colony Optimization Starts!
----------------------------------------------------------------------------------
 * Population: 30; Maximal cycles: 30
 * EM = Employed Bee; Trigonometric mutation
 * OL = Onlooker Bee; ABC/best/2(0.5)+ABC/current/2(0.5);
        Tournament selection from 5 nectars.
 * SC = Scout Bee; Random nectar; Limit = 4
----------------------------------------------------------------------------------
    #       Diversity            maxE            minE    byEM    byOL    bySC
----------------------------------------------------------------------------------
    1      6.34982208   -479.74539661   -515.11936685       6       0       0
    2      6.34982208   -479.74539661   -515.11936685       0       0       0
    3      0.00000051   -515.11936787   -515.11936685       1       0       0
    4      0.00000051   -515.11936787   -515.11936685       0       0       0
    5      0.00000051   -515.11936787   -515.11936685       0       0       0
    6     35.35960419   -367.56455637   -515.11936685       0       0      24
    7      0.00000051   -515.11936685   -515.11936685       5       0       5
    8     15.76328528   -427.30430971   -515.11936685       0       0       1
    9      0.00000051   -515.11936685   -515.11936685       1       0       0
   10      0.00000051   -515.11936685   -515.11936685       0       0       0
   11     41.13412215   -310.34064488   -515.11936787       0       0      19
   12      9.14955812   -464.14845862   -515.11936685       4       0      10
   13      0.00000051   -515.11936787   -515.11936685       1       0       0
   14      0.00000051   -515.11936787   -515.11936685       0       0       1
   15      0.00000051   -515.11936787   -515.11936685       0       0       0
   16      8.50891835   -467.71737313   -515.11936685       0       0      15
   17     38.30067552   -317.15170670   -515.11936685       1       0      13
   18      0.00000051   -515.11936787   -515.11936685       2       0       1
   19      0.00000051   -515.11936787   -515.11936685       0       0       1
   20      0.00000051   -515.11936787   -515.11936685       0       0       0
   21     40.25754121   -299.80547857   -515.11936685       0       0      14
   22     52.18703951   -269.14936675   -515.11936787       3       0      12
   23      7.20347349   -474.98982402   -515.11936685       4       0       3
   24      0.00000051   -515.11936787   -515.11936685       1       0       1
   25      0.00000051   -515.11936787   -515.11936685       0       0       0
   26     22.72525907   -423.27043871   -515.11936685       0       0      11
   27     44.23762721   -268.67773302   -515.11936787       4       0      10
   28      8.83714160   -465.88888734   -515.11936685       1       0       8
   29      0.00000050   -515.11936787   -515.11936685       1       0       1
   30      0.00000050   -515.11936787   -515.11936685       0       0       0
----------------------------------------------------------------------------------
Artificial Bee Colony Optimization Finished!

 -- Results Report --
 * 3 LMs will be saved in [ calc-LM ].
      #          Energy      Match-RMSD
      0   -515.11936787      0.00000000
      1   -499.75471604      0.94016115
      2   -499.32705426      1.26835368

 * Final Global Minimal Energy:   -515.11936685
 * The Global Minimum is saved as: [ calc-OPT.(cluster/xyz/gjf) ]

===== (^ _ ^) =====
Normal termination at Thu Apr 18 11:59:50 2024.
Total run time: 0 seconds = 0 days 0 hours 0 minutes 0 seconds.
