                                                      
       * * * * * * * * * * * * * * * * * *            
      *       ____   _____ _           _   *          
     *  /\   |  _ \ / ____| |         | |  * * * * *  
    *  /  \  | |_) | |    | |_   _ ___| |_ ___ _ __  *
   *  / /\ \ |  _ <| |    | | | | / __| __/ _ \ '__| *
  *  / ____ \| |_) | |____| | |_| \__ \ ||  __/ |  *  
  * /_/    \_\____/ \_____|_|\__,_|___/\__\___|_|  *  
  *                                                *  
  * * * * * * * * * * * * * * * * * * * * * * * * *   
                                                      

rigidmol 3.2
Specific flag:  official version
Platform:       LINUX/UNIX
Compiled by:    zhangjun@SZBL-Precision-7920-Tower
Compiling date: Apr  6 2024 09:19:20
C++ compiler:   g++ (Ubuntu 9.3.0-17ubuntu1~20.04) 9.3.0
C++ options:    -O2 -Os -fno-exceptions --std=c++11 -fopenmp -static-libstdc++ -static-libgcc  -static -Wl,--whole-archive -lpthread -Wl,--no-whole-archive  

Contributors:
Jun Zhang(Shenzhen Bay Laboratory): Design and coding.

For any suggestions, comments, and questions on the theory and
implementation of rigidmol, please feel free to contact:

Dr. Jun Zhang, zhangjun@szbl.ac.cn

If you used this program in your work, please cite these references:

[1] Zhang, J.; Dolg, M.; ABCluster: The Artificial Bee Colony Algorithm for
    Cluster Global Optimization. Phys. Chem. Chem. Phys. 2015, 17, 24173-24181.
[2] Zhang, J.; Dolg, M.; Global Optimization of Clusters of Rigid Molecules by the
    Artificial Bee Colony Algorithm. Phys. Chem. Chem. Phys. 2016, 18, 3003-3010.

Program starts at Thu Apr 18 12:00:52 2024.
Command line: " /home/kubeckaj/Applications/ABCluster-3.3pre-Linux//rigidmol calc.inp "
Process ID:   126083
Run by:       kubeckaj@s55n01.grendel.cscaa.dk
Available CPU cores:    64
Read "OMP_NUM_THREADS": 1

Random number testing (integers): 555958100...357924913
Random number testing (fractals): 0.80160985...0.43025174

 -- Input/Output Parameters --
Input file name:      calc.inp
Cluster file name:    calc.cluster
Result file name:     calc.(cluster/xyz/gjf)
Temporary file name:  abclusterkubeckajs55n01.grendel.cscaa.dk126083-OPT
# of saved LMs:       3
LMs are stored in:    calc-LM

 -- ABC Control Parameters --
Population size:                   30
Maximal generation:                30
Scout limit:                        4
Amplitude:                11.00000000

 -- Cluster Components: from [ calc.cluster ] --
 -----------------------------------------------------------
   Source                                       #
 -----------------------------------------------------------
   /home/kubeckaj/Applications/JKCS2.1/JKCSx/../TOOLS/STRUCTURES/JACOB/sa.xyz     1
   /home/kubeckaj/Applications/JKCS2.1/JKCSx/../TOOLS/STRUCTURES/ABC/hso4.xyz     1
   /home/kubeckaj/Applications/JKCS2.1/JKCSx/../TOOLS/STRUCTURES/ABC/nh3.xyz     1
   /home/kubeckaj/Applications/JKCS2.1/JKCSx/../TOOLS/STRUCTURES/ABC/nh4.xyz     1
 -----------------------------------------------------------
   External electric field:        0.000000 Volt/Angstrom
 -----------------------------------------------------------

Artificial Bee Colony Optimization Starts!
----------------------------------------------------------------------------------
 * Population: 30; Maximal cycles: 30
 * EM = Employed Bee; Trigonometric mutation
 * OL = Onlooker Bee; ABC/best/2(0.5)+ABC/current/2(0.5);
        Tournament selection from 5 nectars.
 * SC = Scout Bee; Random nectar; Limit = 4
----------------------------------------------------------------------------------
    #       Diversity            maxE            minE    byEM    byOL    bySC
----------------------------------------------------------------------------------
    1     64.60421456   -294.03953080   -659.17312678      16       3       0
    2      5.97915646   -635.55840005   -659.17900027      13       4       0
    3      3.29164185   -644.64453731   -659.17900027      12       3       0
    4      1.24555114   -654.37194641   -659.17900027       5       2       0
    5      1.07487169   -656.28721874   -659.17900027       7       3       0
    6      1.10279696   -656.64796027   -659.17900031       6       0       0
    7     61.97021010   -404.60743250   -659.17900031       3       0       6
    8     32.23611299   -479.76835102   -659.17900032       8       0       7
    9     25.76525362   -529.65474073   -659.17900032       6       0       6
   10     73.98396048   -358.11124918   -659.17900031      11       1       9
   11     76.38906853   -334.39258582   -659.17900031      12       0       2
   12      3.28262809   -645.11457639   -659.17900024       9       2       0
   13     19.29274780   -558.97322019   -659.17900031       5       1       3
   14     14.48166303   -578.52594591   -659.17900032       9       0       4
   15     71.70242840   -351.85130624   -659.17900030      11       0       6
   16      4.84776335   -644.43921498   -659.17900030      12       0       4
   17     99.93505595   -251.14753586   -659.17900031      11       0       9
   18      4.99115201   -635.00431824   -659.17900031      11       0       1
   19     71.24815579   -306.63211337   -659.17900022       8       0       2
   20     78.44307150   -229.77564942   -659.17900032       9       0       4
   21     49.69105008   -383.33773771   -659.17900032       8       0       4
   22      3.79188192   -643.47946623   -659.17900032       9       1       6
   23     70.34079707   -266.19347539   -659.17900032       8       0       3
   24     30.97312732   -492.51831746   -659.17900032       8       0       5
   25     37.36252845   -453.60694629   -659.17900031       9       0       4
   26     58.46316085   -361.00323508   -659.17900032       7       0       4
   27     51.30502907   -372.71171271   -659.17900032       7       0       3
   28     42.72544602   -425.80231563   -659.17900032       6       0       9
   29     12.14900793   -593.86857674   -659.17900031       9       0       2
   30     63.34717961   -325.79101540   -659.17900031       8       0       5
----------------------------------------------------------------------------------
Artificial Bee Colony Optimization Finished!

 -- Results Report --
 * 3 LMs will be saved in [ calc-LM ].
      #          Energy      Match-RMSD
      0   -659.17900028      0.00000000
      1   -659.17896583      2.35046002
      2   -659.17312678      1.59899934

 * Final Global Minimal Energy:   -659.17900027
 * The Global Minimum is saved as: [ calc-OPT.(cluster/xyz/gjf) ]

===== (^ _ ^) =====
Normal termination at Thu Apr 18 12:00:54 2024.
Total run time: 2 seconds = 0 days 0 hours 0 minutes 2 seconds.
