 
       ==============================================
       |                                            |
       |                 C R E S T                  |
       |                                            |
       |  Conformer-Rotamer Ensemble Sampling Tool  |
       |          based on the GFN methods          |
       |             P.Pracht, S.Grimme             |
       |          Universitaet Bonn, MCTC           |
       ==============================================
       Version 2.12,   Thu 19. Mai 16:32:32 CEST 2022
  Using the xTB program. Compatible with xTB version 6.4.0
 
   Cite work conducted with this code as

   • P.Pracht, F.Bohle, S.Grimme, PCCP, 2020, 22, 7169-7192.
   • S.Grimme, JCTC, 2019, 15, 2847-2862.

   and for works involving QCG as

   • S.Spicher, C.Plett, P.Pracht, A.Hansen, S.Grimme,
     JCTC, 2022, 18 (5), 3174-3189.
 
   with help from:
   C.Bannwarth, F.Bohle, S.Ehlert, S.Grimme,
   C.Plett, P.Pracht, S.Spicher
 
   This program is distributed in the hope that it will be useful,
   but WITHOUT ANY WARRANTY; without even the implied warranty of
   MERCHANTABILITY or FITNESS FOR A PARTICULAR PURPOSE.

 Command line input:
 > /home/kubeckaj/Applications/crest//crest calc.xyz --gfn 2 --noreftopo --chrg 0 --uhf 0

  -gfn2 : Use of GFN2-xTB requested.
  --chrg 0
  --uhf 0
 
 -------------------------
 xTB Geometry Optimization
 -------------------------
 Geometry successfully optimized.
 
------------------------------------------------
Generating MTD length from a flexibility measure
------------------------------------------------
 Calculating WBOs... done.
 Calculating NCI flexibility... done.
     covalent flexibility measure :   0.389
 non-covalent flexibility measure :   0.747
 flexibility measure :   0.427
 t(MTD) / ps    :     6.0
 Σ(t(MTD)) / ps :    84.0 (14 MTDs)
 
-------------------------------------
Starting a trial MTD to test settings
-------------------------------------
 Estimated runtime for one MTD (6.0 ps) on a single thread: 22 sec
 Estimated runtime for a batch of 14 MTDs on 4 threads: 1 min 29 sec
 
 list of Vbias parameters applied:
$metadyn    0.00300   1.300
$metadyn    0.00150   1.300
$metadyn    0.00075   1.300
$metadyn    0.00300   0.780
$metadyn    0.00150   0.780
$metadyn    0.00075   0.780
$metadyn    0.00300   0.468
$metadyn    0.00150   0.468
$metadyn    0.00075   0.468
$metadyn    0.00300   0.281
$metadyn    0.00150   0.281
$metadyn    0.00075   0.281
$metadyn    0.00100   0.100
$metadyn    0.00500   0.800
 
*******************************************************************************************
**                        N E W    I T E R A T I O N    C Y C L E                        **
*******************************************************************************************
 
========================================
            MTD Iteration  1
========================================
 
     ========================================
     |         Meta-MD (MTD) Sampling       |
     ========================================
 
Starting Meta-MD   1 with the settings:
     MD time /ps        :     6.0
     dt /fs             :     5.0
     dumpstep(trj) /fs  :     100
     dumpstep(Vbias)/ps :     1.0
     Vbias factor k /Eh :  0.0780
     Vbias exp α /bohr⁻²:    1.30
*Meta-MTD 1 finished*
Starting Meta-MD   2 with the settings:
     MD time /ps        :     6.0
     dt /fs             :     5.0
     dumpstep(trj) /fs  :     100
     dumpstep(Vbias)/ps :     1.0
     Vbias factor k /Eh :  0.0390
     Vbias exp α /bohr⁻²:    1.30
*Meta-MTD 2 finished*
Starting Meta-MD   3 with the settings:
     MD time /ps        :     6.0
     dt /fs             :     5.0
     dumpstep(trj) /fs  :     100
     dumpstep(Vbias)/ps :     1.0
     Vbias factor k /Eh :  0.0195
     Vbias exp α /bohr⁻²:    1.30
*Meta-MTD 3 finished*
Starting Meta-MD   4 with the settings:
     MD time /ps        :     6.0
     dt /fs             :     5.0
     dumpstep(trj) /fs  :     100
     dumpstep(Vbias)/ps :     1.0
     Vbias factor k /Eh :  0.0780
     Vbias exp α /bohr⁻²:    0.78
*Meta-MTD 4 finished*
Starting Meta-MD   5 with the settings:
     MD time /ps        :     6.0
     dt /fs             :     5.0
     dumpstep(trj) /fs  :     100
     dumpstep(Vbias)/ps :     1.0
     Vbias factor k /Eh :  0.0390
     Vbias exp α /bohr⁻²:    0.78
*Meta-MTD 5 finished*
Starting Meta-MD   6 with the settings:
     MD time /ps        :     6.0
     dt /fs             :     5.0
     dumpstep(trj) /fs  :     100
     dumpstep(Vbias)/ps :     1.0
     Vbias factor k /Eh :  0.0195
     Vbias exp α /bohr⁻²:    0.78
*Meta-MTD 6 finished*
Starting Meta-MD   7 with the settings:
     MD time /ps        :     6.0
     dt /fs             :     5.0
     dumpstep(trj) /fs  :     100
     dumpstep(Vbias)/ps :     1.0
     Vbias factor k /Eh :  0.0780
     Vbias exp α /bohr⁻²:    0.47
*Meta-MTD 7 finished*
Starting Meta-MD   8 with the settings:
     MD time /ps        :     6.0
     dt /fs             :     5.0
     dumpstep(trj) /fs  :     100
     dumpstep(Vbias)/ps :     1.0
     Vbias factor k /Eh :  0.0390
     Vbias exp α /bohr⁻²:    0.47
*Meta-MTD 8 finished*
Starting Meta-MD   9 with the settings:
     MD time /ps        :     6.0
     dt /fs             :     5.0
     dumpstep(trj) /fs  :     100
     dumpstep(Vbias)/ps :     1.0
     Vbias factor k /Eh :  0.0195
     Vbias exp α /bohr⁻²:    0.47
*Meta-MTD 9 finished*
Starting Meta-MD  10 with the settings:
     MD time /ps        :     6.0
     dt /fs             :     5.0
     dumpstep(trj) /fs  :     100
     dumpstep(Vbias)/ps :     1.0
     Vbias factor k /Eh :  0.0780
     Vbias exp α /bohr⁻²:    0.28
*Meta-MTD 10 finished*
Starting Meta-MD  11 with the settings:
     MD time /ps        :     6.0
     dt /fs             :     5.0
     dumpstep(trj) /fs  :     100
     dumpstep(Vbias)/ps :     1.0
     Vbias factor k /Eh :  0.0390
     Vbias exp α /bohr⁻²:    0.28
*Meta-MTD 11 finished*
Starting Meta-MD  12 with the settings:
     MD time /ps        :     6.0
     dt /fs             :     5.0
     dumpstep(trj) /fs  :     100
     dumpstep(Vbias)/ps :     1.0
     Vbias factor k /Eh :  0.0195
     Vbias exp α /bohr⁻²:    0.28
*Meta-MTD 12 finished*
Starting Meta-MD  13 with the settings:
     MD time /ps        :     6.0
     dt /fs             :     5.0
     dumpstep(trj) /fs  :     100
     dumpstep(Vbias)/ps :     1.0
     Vbias factor k /Eh :  0.0260
     Vbias exp α /bohr⁻²:    0.10
*Meta-MTD 13 finished*
Starting Meta-MD  14 with the settings:
     MD time /ps        :     6.0
     dt /fs             :     5.0
     dumpstep(trj) /fs  :     100
     dumpstep(Vbias)/ps :     1.0
     Vbias factor k /Eh :  0.1300
     Vbias exp α /bohr⁻²:    0.80
*Meta-MTD 14 finished*
 
-----------------------
Multilevel Optimization
-----------------------
 
 -------------------------
 1. crude pre-optimization
 -------------------------
 Optimizing all 826 structures from file "crest_rotamers_0.xyz" ...
 1 2 3 4 5 6 7 8 9 10 11 12 13 14 15 16 17 18 19 20 21 22 23 24 25 26 27 28 29 30 31 32 33 34 35 36 37 38 39 40 41 42 43 44 45 46 47 48 49 50 51 52 53 54 55 56 57 58 59 60 61 62 63 64 65 66 67 68 69 70 71 72 73 74 75 76 77 78 79 80 81 82 83 84 85 86 87 88 89 90 91 92 93 94 95 96 97 98 99 100 101 102 103 104 105 106 107 108 109 110 111 112 113 114 115 116 117 118 119 120 121 122 123 124 125 126 127 128 129 130 131 132 133 134 135 136 137 138 139 140 141 142 143 144 145 146 147 148 149 150 151 152 153 154 155 156 157 158 159 160 161 162 163 164 165 166 167 168 169 170 171 172 173 174 175 176 177 178 179 180 181 182 183 184 185 186 187 188 189 190 191 192 193 194 195 196 197 198 199 200 201 202 203 204 205 206 207 208 209 210 211 212 213 214 215 216 217 218 219 220 221 222 223 224 225 226 227 228 229 230 231 232 233 234 235 236 237 238 239 240 241 242 243 244 245 246 247 248 249 250 251 252 253 254 255 256 257 258 259 260 261 262 263 264 265 266 267 268 269 270 271 272 273 274 275 276 277 278 279 280 281 282 283 284 285 286 287 288 289 290 291 292 293 294 295 296 297 298 299 300 301 302 303 304 305 306 307 308 309 310 311 312 313 314 315 316 317 318 319 320 321 322 323 324 325 326 327 328 329 330 331 332 333 334 335 336 337 338 339 340 341 342 343 344 345 346 347 348 349 350 351 352 353 354 355 356 357 358 359 360 361 362 363 364 365 366 367 368 369 370 371 372 373 374 375 376 377 378 379 380 381 382 383 384 385 386 387 388 389 390 391 392 393 394 395 396 397 398 399 400 401 402 403 404 405 406 407 408 409 410 411 412 413 414 415 416 417 418 419 420 421 422 423 424 425 426 427 428 429 430 431 432 433 434 435 436 437 438 439 440 441 442 443 444 445 446 447 448 449 450 451 452 453 454 455 456 457 458 459 460 461 462 463 464 465 466 467 468 469 470 471 472 473 474 475 476 477 478 479 480 481 482 483 484 485 486 487 488 489 490 491 492 493 494 495 496 497 498 499 500 501 502 503 504 505 506 507 508 509 510 511 512 513 514 515 516 517 518 519 520 521 522 523 524 525 526 527 528 529 530 531 532 533 534 535 536 537 538 539 540 541 542 543 544 545 546 547 548 549 550 551 552 553 554 555 556 557 558 559 560 561 562 563 564 565 566 567 568 569 570 571 572 573 574 575 576 577 578 579 580 581 582 583 584 585 586 587 588 589 590 591 592 593 594 595 596 597 598 599 600 601 602 603 604 605 606 607 608 609 610 611 612 613 614 615 616 617 618 619 620 621 622 623 624 625 626 627 628 629 630 631 632 633 634 635 636 637 638 639 640 641 642 643 644 645 646 647 648 649 650 651 652 653 654 655 656 657 658 659 660 661 662 663 664 665 666 667 668 669 670 671 672 673 674 675 676 677 678 679 680 681 682 683 684 685 686 687 688 689 690 691 692 693 694 695 696 697 698 699 700 701 702 703 704 705 706 707 708 709 710 711 712 713 714 715 716 717 718 719 720 721 722 723 724 725 726 727 728 729 730 731 732 733 734 735 736 737 738 739 740 741 742 743 744 745 746 747 748 749 750 751 752 753 754 755 756 757 758 759 760 761 762 763 764 765 766 767 768 769 770 771 772 773 774 775 776 777 778 779 780 781 782 783 784 785 786 787 788 789 790 791 792 793 794 795 796 797 798 799 800 801 802 803 804 805 806 807 808 809 810 811 812 813 814 815 816 817 818 819 820 821 822 823 824 825 826
 done.
 running RMSDs...
 done.
 E lowest :   -47.69777
 771 structures remain within    12.00 kcal/mol window
 
 -------------------------------------
 2. optimization with tight thresholds
 -------------------------------------
 Optimizing all 772 structures from file "crest_rotamers_1.xyz" ...
 1 2 3 4 5 6 7 8 9 10 11 12 13 14 15 16 17 18 19 20 21 22 23 24 25 26 27 28 29 30 31 32 33 34 35 36 37 38 39 40 41 42 43 44 45 46 47 48 49 50 51 52 53 54 55 56 57 58 59 60 61 62 63 64 65 66 67 68 69 70 71 72 73 74 75 76 77 78 79 80 81 82 83 84 85 86 87 88 89 90 91 92 93 94 95 96 97 98 99 100 101 102 103 104 105 106 107 108 109 110 111 112 113 114 115 116 117 118 119 120 121 122 123 124 125 126 127 128 129 130 131 132 133 134 135 136 137 138 139 140 141 142 143 144 145 146 147 148 149 150 151 152 153 154 155 156 157 158 159 160 161 162 163 164 165 166 167 168 169 170 171 172 173 174 175 176 177 178 179 180 181 182 183 184 185 186 187 188 189 190 191 192 193 194 195 196 197 198 199 200 201 202 203 204 205 206 207 208 209 210 211 212 213 214 215 216 217 218 219 220 221 222 223 224 225 226 227 228 229 230 231 232 233 234 235 236 237 238 239 240 241 242 243 244 245 246 247 248 249 250 251 252 253 254 255 256 257 258 259 260 261 262 263 264 265 266 267 268 269 270 271 272 273 274 275 276 277 278 279 280 281 282 283 284 285 286 287 288 289 290 291 292 293 294 295 296 297 298 299 300 301 302 303 304 305 306 307 308 309 310 311 312 313 314 315 316 317 318 319 320 321 322 323 324 325 326 327 328 329 330 331 332 333 334 335 336 337 338 339 340 341 342 343 344 345 346 347 348 349 350 351 352 353 354 355 356 357 358 359 360 361 362 363 364 365 366 367 368 369 370 371 372 373 374 375 376 377 378 379 380 381 382 383 384 385 386 387 388 389 390 391 392 393 394 395 396 397 398 399 400 401 402 403 404 405 406 407 408 409 410 411 412 413 414 415 416 417 418 419 420 421 422 423 424 425 426 427 428 429 430 431 432 433 434 435 436 437 438 439 440 441 442 443 444 445 446 447 448 449 450 451 452 453 454 455 456 457 458 459 460 461 462 463 464 465 466 467 468 469 470 471 472 473 474 475 476 477 478 479 480 481 482 483 484 485 486 487 488 489 490 491 492 493 494 495 496 497 498 499 500 501 502 503 504 505 506 507 508 509 510 511 512 513 514 515 516 517 518 519 520 521 522 523 524 525 526 527 528 529 530 531 532 533 534 535 536 537 538 539 540 541 542 543 544 545 546 547 548 549 550 551 552 553 554 555 556 557 558 559 560 561 562 563 564 565 566 567 568 569 570 571 572 573 574 575 576 577 578 579 580 581 582 583 584 585 586 587 588 589 590 591 592 593 594 595 596 597 598 599 600 601 602 603 604 605 606 607 608 609 610 611 612 613 614 615 616 617 618 619 620 621 622 623 624 625 626 627 628 629 630 631 632 633 634 635 636 637 638 639 640 641 642 643 644 645 646 647 648 649 650 651 652 653 654 655 656 657 658 659 660 661 662 663 664 665 666 667 668 669 670 671 672 673 674 675 676 677 678 679 680 681 682 683 684 685 686 687 688 689 690 691 692 693 694 695 696 697 698 699 700 701 702 703 704 705 706 707 708 709 710 711 712 713 714 715 716 717 718 719 720 721 722 723 724 725 726 727 728 729 730 731 732 733 734 735 736 737 738 739 740 741 742 743 744 745 746 747 748 749 750 751 752 753 754 755 756 757 758 759 760 761 762 763 764 765 766 767 768 769 770 771 772
 done.
 running RMSDs...
 done.
 E lowest :   -47.69832
 264 structures remain within     6.00 kcal/mol window
 
 
========================================
            MTD Iteration  2
========================================
 
     ========================================
     |         Meta-MD (MTD) Sampling       |
     ========================================
 
Starting Meta-MD   1 with the settings:
     MD time /ps        :     6.0
     dt /fs             :     5.0
     dumpstep(trj) /fs  :     100
     dumpstep(Vbias)/ps :     1.0
     Vbias factor k /Eh :  0.0780
     Vbias exp α /bohr⁻²:    1.30
*Meta-MTD 1 finished*
Starting Meta-MD   2 with the settings:
     MD time /ps        :     6.0
     dt /fs             :     5.0
     dumpstep(trj) /fs  :     100
     dumpstep(Vbias)/ps :     1.0
     Vbias factor k /Eh :  0.0390
     Vbias exp α /bohr⁻²:    1.30
*Meta-MTD 2 finished*
Starting Meta-MD   3 with the settings:
     MD time /ps        :     6.0
     dt /fs             :     5.0
     dumpstep(trj) /fs  :     100
     dumpstep(Vbias)/ps :     1.0
     Vbias factor k /Eh :  0.0195
     Vbias exp α /bohr⁻²:    1.30
*Meta-MTD 3 finished*
Starting Meta-MD   4 with the settings:
     MD time /ps        :     6.0
     dt /fs             :     5.0
     dumpstep(trj) /fs  :     100
     dumpstep(Vbias)/ps :     1.0
     Vbias factor k /Eh :  0.0780
     Vbias exp α /bohr⁻²:    0.78
*Meta-MTD 4 finished*
Starting Meta-MD   5 with the settings:
     MD time /ps        :     6.0
     dt /fs             :     5.0
     dumpstep(trj) /fs  :     100
     dumpstep(Vbias)/ps :     1.0
     Vbias factor k /Eh :  0.0390
     Vbias exp α /bohr⁻²:    0.78
*Meta-MTD 5 finished*
Starting Meta-MD   6 with the settings:
     MD time /ps        :     6.0
     dt /fs             :     5.0
     dumpstep(trj) /fs  :     100
     dumpstep(Vbias)/ps :     1.0
     Vbias factor k /Eh :  0.0195
     Vbias exp α /bohr⁻²:    0.78
*Meta-MTD 6 finished*
Starting Meta-MD   7 with the settings:
     MD time /ps        :     6.0
     dt /fs             :     5.0
     dumpstep(trj) /fs  :     100
     dumpstep(Vbias)/ps :     1.0
     Vbias factor k /Eh :  0.0780
     Vbias exp α /bohr⁻²:    0.47
*Meta-MTD 7 finished*
Starting Meta-MD   8 with the settings:
     MD time /ps        :     6.0
     dt /fs             :     5.0
     dumpstep(trj) /fs  :     100
     dumpstep(Vbias)/ps :     1.0
     Vbias factor k /Eh :  0.0390
     Vbias exp α /bohr⁻²:    0.47
*Meta-MTD 8 finished*
Starting Meta-MD   9 with the settings:
     MD time /ps        :     6.0
     dt /fs             :     5.0
     dumpstep(trj) /fs  :     100
     dumpstep(Vbias)/ps :     1.0
     Vbias factor k /Eh :  0.0195
     Vbias exp α /bohr⁻²:    0.47
*Meta-MTD 9 finished*
Starting Meta-MD  10 with the settings:
     MD time /ps        :     6.0
     dt /fs             :     5.0
     dumpstep(trj) /fs  :     100
     dumpstep(Vbias)/ps :     1.0
     Vbias factor k /Eh :  0.0780
     Vbias exp α /bohr⁻²:    0.28
*Meta-MTD 10 finished*
Starting Meta-MD  11 with the settings:
     MD time /ps        :     6.0
     dt /fs             :     5.0
     dumpstep(trj) /fs  :     100
     dumpstep(Vbias)/ps :     1.0
     Vbias factor k /Eh :  0.0390
     Vbias exp α /bohr⁻²:    0.28
*Meta-MTD 11 finished*
Starting Meta-MD  12 with the settings:
     MD time /ps        :     6.0
     dt /fs             :     5.0
     dumpstep(trj) /fs  :     100
     dumpstep(Vbias)/ps :     1.0
     Vbias factor k /Eh :  0.0195
     Vbias exp α /bohr⁻²:    0.28
*Meta-MTD 12 finished*
 
-----------------------
Multilevel Optimization
-----------------------
 
 -------------------------
 1. crude pre-optimization
 -------------------------
 Optimizing all 708 structures from file "crest_rotamers_0.xyz" ...
 1 2 3 4 5 6 7 8 9 10 11 12 13 14 15 16 17 18 19 20 21 22 23 24 25 26 27 28 29 30 31 32 33 34 35 36 37 38 39 40 41 42 43 44 45 46 47 48 49 50 51 52 53 54 55 56 57 58 59 60 61 62 63 64 65 66 67 68 69 70 71 72 73 74 75 76 77 78 79 80 81 82 83 84 85 86 87 88 89 90 91 92 93 94 95 96 97 98 99 100 101 102 103 104 105 106 107 108 109 110 111 112 113 114 115 116 117 118 119 120 121 122 123 124 125 126 127 128 129 130 131 132 133 134 135 136 137 138 139 140 141 142 143 144 145 146 147 148 149 150 151 152 153 154 155 156 157 158 159 160 161 162 163 164 165 166 167 168 169 170 171 172 173 174 175 176 177 178 179 180 181 182 183 184 185 186 187 188 189 190 191 192 193 194 195 196 197 198 199 200 201 202 203 204 205 206 207 208 209 210 211 212 213 214 215 216 217 218 219 220 221 222 223 224 225 226 227 228 229 230 231 232 233 234 235 236 237 238 239 240 241 242 243 244 245 246 247 248 249 250 251 252 253 254 255 256 257 258 259 260 261 262 263 264 265 266 267 268 269 270 271 272 273 274 275 276 277 278 279 280 281 282 283 284 285 286 287 288 289 290 291 292 293 294 295 296 297 298 299 300 301 302 303 304 305 306 307 308 309 310 311 312 313 314 315 316 317 318 319 320 321 322 323 324 325 326 327 328 329 330 331 332 333 334 335 336 337 338 339 340 341 342 343 344 345 346 347 348 349 350 351 352 353 354 355 356 357 358 359 360 361 362 363 364 365 366 367 368 369 370 371 372 373 374 375 376 377 378 379 380 381 382 383 384 385 386 387 388 389 390 391 392 393 394 395 396 397 398 399 400 401 402 403 404 405 406 407 408 409 410 411 412 413 414 415 416 417 418 419 420 421 422 423 424 425 426 427 428 429 430 431 432 433 434 435 436 437 438 439 440 441 442 443 444 445 446 447 448 449 450 451 452 453 454 455 456 457 458 459 460 461 462 463 464 465 466 467 468 469 470 471 472 473 474 475 476 477 478 479 480 481 482 483 484 485 486 487 488 489 490 491 492 493 494 495 496 497 498 499 500 501 502 503 504 505 506 507 508 509 510 511 512 513 514 515 516 517 518 519 520 521 522 523 524 525 526 527 528 529 530 531 532 533 534 535 536 537 538 539 540 541 542 543 544 545 546 547 548 549 550 551 552 553 554 555 556 557 558 559 560 561 562 563 564 565 566 567 568 569 570 571 572 573 574 575 576 577 578 579 580 581 582 583 584 585 586 587 588 589 590 591 592 593 594 595 596 597 598 599 600 601 602 603 604 605 606 607 608 609 610 611 612 613 614 615 616 617 618 619 620 621 622 623 624 625 626 627 628 629 630 631 632 633 634 635 636 637 638 639 640 641 642 643 644 645 646 647 648 649 650 651 652 653 654 655 656 657 658 659 660 661 662 663 664 665 666 667 668 669 670 671 672 673 674 675 676 677 678 679 680 681 682 683 684 685 686 687 688 689 690 691 692 693 694 695 696 697 698 699 700 701 702 703 704 705 706 707 708
 done.
 running RMSDs...
 done.
 E lowest :   -47.69804
 633 structures remain within    12.00 kcal/mol window
 
 -------------------------------------
 2. optimization with tight thresholds
 -------------------------------------
 Optimizing all 634 structures from file "crest_rotamers_1.xyz" ...
 1 2 3 4 5 6 7 8 9 10 11 12 13 14 15 16 17 18 19 20 21 22 23 24 25 26 27 28 29 30 31 32 33 34 35 36 37 38 39 40 41 42 43 44 45 46 47 48 49 50 51 52 53 54 55 56 57 58 59 60 61 62 63 64 65 66 67 68 69 70 71 72 73 74 75 76 77 78 79 80 81 82 83 84 85 86 87 88 89 90 91 92 93 94 95 96 97 98 99 100 101 102 103 104 105 106 107 108 109 110 111 112 113 114 115 116 117 118 119 120 121 122 123 124 125 126 127 128 129 130 131 132 133 134 135 136 137 138 139 140 141 142 143 144 145 146 147 148 149 150 151 152 153 154 155 156 157 158 159 160 161 162 163 164 165 166 167 168 169 170 171 172 173 174 175 176 177 178 179 180 181 182 183 184 185 186 187 188 189 190 191 192 193 194 195 196 197 198 199 200 201 202 203 204 205 206 207 208 209 210 211 212 213 214 215 216 217 218 219 220 221 222 223 224 225 226 227 228 229 230 231 232 233 234 235 236 237 238 239 240 241 242 243 244 245 246 247 248 249 250 251 252 253 254 255 256 257 258 259 260 261 262 263 264 265 266 267 268 269 270 271 272 273 274 275 276 277 278 279 280 281 282 283 284 285 286 287 288 289 290 291 292 293 294 295 296 297 298 299 300 301 302 303 304 305 306 307 308 309 310 311 312 313 314 315 316 317 318 319 320 321 322 323 324 325 326 327 328 329 330 331 332 333 334 335 336 337 338 339 340 341 342 343 344 345 346 347 348 349 350 351 352 353 354 355 356 357 358 359 360 361 362 363 364 365 366 367 368 369 370 371 372 373 374 375 376 377 378 379 380 381 382 383 384 385 386 387 388 389 390 391 392 393 394 395 396 397 398 399 400 401 402 403 404 405 406 407 408 409 410 411 412 413 414 415 416 417 418 419 420 421 422 423 424 425 426 427 428 429 430 431 432 433 434 435 436 437 438 439 440 441 442 443 444 445 446 447 448 449 450 451 452 453 454 455 456 457 458 459 460 461 462 463 464 465 466 467 468 469 470 471 472 473 474 475 476 477 478 479 480 481 482 483 484 485 486 487 488 489 490 491 492 493 494 495 496 497 498 499 500 501 502 503 504 505 506 507 508 509 510 511 512 513 514 515 516 517 518 519 520 521 522 523 524 525 526 527 528 529 530 531 532 533 534 535 536 537 538 539 540 541 542 543 544 545 546 547 548 549 550 551 552 553 554 555 556 557 558 559 560 561 562 563 564 565 566 567 568 569 570 571 572 573 574 575 576 577 578 579 580 581 582 583 584 585 586 587 588 589 590 591 592 593 594 595 596 597 598 599 600 601 602 603 604 605 606 607 608 609 610 611 612 613 614 615 616 617 618 619 620 621 622 623 624 625 626 627 628 629 630 631 632 633 634
 done.
 running RMSDs...
 done.
 E lowest :   -47.69832
 223 structures remain within     6.00 kcal/mol window
 
========================================
            MTD Iterations done         
========================================
 Collecting ensmbles.
 running RMSDs...
 done.
 E lowest :   -47.69832
 443 structures remain within     6.00 kcal/mol window
 
 -------------------------------
 Additional orientation sampling
 -------------------------------
 Optimizing all 507 structures from file "oh_ensemble.xyz" ...
 1 2 3 4 5 6 7 8 9 10 11 12 13 14 15 16 17 18 19 20 21 22 23 24 25 26 27 28 29 30 31 32 33 34 35 36 37 38 39 40 41 42 43 44 45 46 47 48 49 50 51 52 53 54 55 56 57 58 59 60 61 62 63 64 65 66 67 68 69 70 71 72 73 74 75 76 77 78 79 80 81 82 83 84 85 86 87 88 89 90 91 92 93 94 95 96 97 98 99 100 101 102 103 104 105 106 107 108 109 110 111 112 113 114 115 116 117 118 119 120 121 122 123 124 125 126 127 128 129 130 131 132 133 134 135 136 137 138 139 140 141 142 143 144 145 146 147 148 149 150 151 152 153 154 155 156 157 158 159 160 161 162 163 164 165 166 167 168 169 170 171 172 173 174 175 176 177 178 179 180 181 182 183 184 185 186 187 188 189 190 191 192 193 194 195 196 197 198 199 200 201 202 203 204 205 206 207 208 209 210 211 212 213 214 215 216 217 218 219 220 221 222 223 224 225 226 227 228 229 230 231 232 233 234 235 236 237 238 239 240 241 242 243 244 245 246 247 248 249 250 251 252 253 254 255 256 257 258 259 260 261 262 263 264 265 266 267 268 269 270 271 272 273 274 275 276 277 278 279 280 281 282 283 284 285 286 287 288 289 290 291 292 293 294 295 296 297 298 299 300 301 302 303 304 305 306 307 308 309 310 311 312 313 314 315 316 317 318 319 320 321 322 323 324 325 326 327 328 329 330 331 332 333 334 335 336 337 338 339 340 341 342 343 344 345 346 347 348 349 350 351 352 353 354 355 356 357 358 359 360 361 362 363 364 365 366 367 368 369 370 371 372 373 374 375 376 377 378 379 380 381 382 383 384 385 386 387 388 389 390 391 392 393 394 395 396 397 398 399 400 401 402 403 404 405 406 407 408 409 410 411 412 413 414 415 416 417 418 419 420 421 422 423 424 425 426 427 428 429 430 431 432 433 434 435 436 437 438 439 440 441 442 443 444 445 446 447 448 449 450 451 452 453 454 455 456 457 458 459 460 461 462 463 464 465 466 467 468 469 470 471 472 473 474 475 476 477 478 479 480 481 482 483 484 485 486 487 488 489 490 491 492 493 494 495 496 497 498 499 500 501 502 503 504 505 506 507
 done.
 running RMSDs...
 done.
 E lowest :   -47.69832
 552 structures remain within     6.00 kcal/mol window
 
-----------------------------------------------
Additional regular MDs on lowest 4 conformer(s)
-----------------------------------------------
Starting MD   1 with the settings:
     MD time /ps        :     3.0
     MD Temperature /K  :   400.0
     dt /fs             :     5.0
     dumpstep(trj) /fs  :     100
*MD 1 finished*
Starting MD   2 with the settings:
     MD time /ps        :     3.0
     MD Temperature /K  :   500.0
     dt /fs             :     5.0
     dumpstep(trj) /fs  :     100
*MD 2 finished*
Starting MD   3 with the settings:
     MD time /ps        :     3.0
     MD Temperature /K  :   400.0
     dt /fs             :     5.0
     dumpstep(trj) /fs  :     100
*MD 3 finished*
Starting MD   4 with the settings:
     MD time /ps        :     3.0
     MD Temperature /K  :   500.0
     dt /fs             :     5.0
     dumpstep(trj) /fs  :     100
*MD 4 finished*
Starting MD   5 with the settings:
     MD time /ps        :     3.0
     MD Temperature /K  :   400.0
     dt /fs             :     5.0
     dumpstep(trj) /fs  :     100
*MD 5 finished*
Starting MD   6 with the settings:
     MD time /ps        :     3.0
     MD Temperature /K  :   500.0
     dt /fs             :     5.0
     dumpstep(trj) /fs  :     100
*MD 6 finished*
Starting MD   7 with the settings:
     MD time /ps        :     3.0
     MD Temperature /K  :   400.0
     dt /fs             :     5.0
     dumpstep(trj) /fs  :     100
*MD 7 finished*
Starting MD   8 with the settings:
     MD time /ps        :     3.0
     MD Temperature /K  :   500.0
     dt /fs             :     5.0
     dumpstep(trj) /fs  :     100
*MD 8 finished*
 Appending file crest_rotamers_2.xyz with new structures
 
 -------------------------------------------
 Ensemble optimization with tight thresholds
 -------------------------------------------
 Optimizing all 784 structures from file "crest_rotamers_2.xyz" ...
 1 2 3 4 5 6 7 8 9 10 11 12 13 14 15 16 17 18 19 20 21 22 23 24 25 26 27 28 29 30 31 32 33 34 35 36 37 38 39 40 41 42 43 44 45 46 47 48 49 50 51 52 53 54 55 56 57 58 59 60 61 62 63 64 65 66 67 68 69 70 71 72 73 74 75 76 77 78 79 80 81 82 83 84 85 86 87 88 89 90 91 92 93 94 95 96 97 98 99 100 101 102 103 104 105 106 107 108 109 110 111 112 113 114 115 116 117 118 119 120 121 122 123 124 125 126 127 128 129 130 131 132 133 134 135 136 137 138 139 140 141 142 143 144 145 146 147 148 149 150 151 152 153 154 155 156 157 158 159 160 161 162 163 164 165 166 167 168 169 170 171 172 173 174 175 176 177 178 179 180 181 182 183 184 185 186 187 188 189 190 191 192 193 194 195 196 197 198 199 200 201 202 203 204 205 206 207 208 209 210 211 212 213 214 215 216 217 218 219 220 221 222 223 224 225 226 227 228 229 230 231 232 233 234 235 236 237 238 239 240 241 242 243 244 245 246 247 248 249 250 251 252 253 254 255 256 257 258 259 260 261 262 263 264 265 266 267 268 269 270 271 272 273 274 275 276 277 278 279 280 281 282 283 284 285 286 287 288 289 290 291 292 293 294 295 296 297 298 299 300 301 302 303 304 305 306 307 308 309 310 311 312 313 314 315 316 317 318 319 320 321 322 323 324 325 326 327 328 329 330 331 332 333 334 335 336 337 338 339 340 341 342 343 344 345 346 347 348 349 350 351 352 353 354 355 356 357 358 359 360 361 362 363 364 365 366 367 368 369 370 371 372 373 374 375 376 377 378 379 380 381 382 383 384 385 386 387 388 389 390 391 392 393 394 395 396 397 398 399 400 401 402 403 404 405 406 407 408 409 410 411 412 413 414 415 416 417 418 419 420 421 422 423 424 425 426 427 428 429 430 431 432 433 434 435 436 437 438 439 440 441 442 443 444 445 446 447 448 449 450 451 452 453 454 455 456 457 458 459 460 461 462 463 464 465 466 467 468 469 470 471 472 473 474 475 476 477 478 479 480 481 482 483 484 485 486 487 488 489 490 491 492 493 494 495 496 497 498 499 500 501 502 503 504 505 506 507 508 509 510 511 512 513 514 515 516 517 518 519 520 521 522 523 524 525 526 527 528 529 530 531 532 533 534 535 536 537 538 539 540 541 542 543 544 545 546 547 548 549 550 551 552 553 554 555 556 557 558 559 560 561 562 563 564 565 566 567 568 569 570 571 572 573 574 575 576 577 578 579 580 581 582 583 584 585 586 587 588 589 590 591 592 593 594 595 596 597 598 599 600 601 602 603 604 605 606 607 608 609 610 611 612 613 614 615 616 617 618 619 620 621 622 623 624 625 626 627 628 629 630 631 632 633 634 635 636 637 638 639 640 641 642 643 644 645 646 647 648 649 650 651 652 653 654 655 656 657 658 659 660 661 662 663 664 665 666 667 668 669 670 671 672 673 674 675 676 677 678 679 680 681 682 683 684 685 686 687 688 689 690 691 692 693 694 695 696 697 698 699 700 701 702 703 704 705 706 707 708 709 710 711 712 713 714 715 716 717 718 719 720 721 722 723 724 725 726 727 728 729 730 731 732 733 734 735 736 737 738 739 740 741 742 743 744 745 746 747 748 749 750 751 752 753 754 755 756 757 758 759 760 761 762 763 764 765 766 767 768 769 770 771 772 773 774 775 776 777 778 779 780 781 782 783 784
 done.
 running RMSDs...
 done.
 E lowest :   -47.69832
 561 structures remain within     6.00 kcal/mol window
 
 
     ========================================
     |        Structure Crossing (GC)       |
     ========================================
 input  file name : crest_rotamers_4.xyz
number of atoms                :    26
number of points on xyz files  :   561
conformer energy window  /kcal :    6.00
CN per atom difference cut-off :  0.3000
RMSD threshold                 :  0.2500
max. # of generated structures : 300
 reading xyz file ...
 # in E window                561
 generating pairs ...      157640
  17.8 % done
  35.7 % done
  53.5 % done
  71.3 % done
  89.1 % done
 generated pairs           :       34325
 number of clash discarded :      122755
 average rmsd w.r.t input  : 3.51293
 sd of ensemble            : 0.99191
 number of new structures      :          64
 removed identical structures  :         536
 writing           64  TMPCONF* dirs ...
 --------------------------
 GC: loose pre-optimization
 --------------------------
 Starting optimization of generated structures
 64 jobs to do.
 1 2 3 4 5 6 7 8 9 10 11 12 13 14 15 16 17 18 19 20 21 22 23 24 25 26 27 28 29 30 31 32 33 34 35 36 37 38 39 40 41 42 43 44 45 46 47 48 49 50 51 52 53 54 55 56 57 58 59 60 61 62 63 64 
 done.
 Now appending opt.xyz file with new structures
 running RMSDs...
 done.
 E lowest :   -47.69832
 43 structures remain within    10.00 kcal/mol window
 --------------------------------------
 GC: optimization with tight thresholds
 --------------------------------------
 Optimizing all 43 structures from file "crest_rotamers_1.xyz" ...
 1 2 3 4 5 6 7 8 9 10 11 12 13 14 15 16 17 18 19 20 21 22 23 24 25 26 27 28 29 30 31 32 33 34 35 36 37 38 39 40 41 42 43
 done.
 running RMSDs...
 done.
 E lowest :   -47.69832
 
 
   ================================================
   |           Final Geometry Optimization        |
   ================================================
 ------------------------------------------------
 Ensemble optimization with very tight thresholds
 ------------------------------------------------
 Optimizing all 570 structures from file "crest_rotamers_5.xyz" ...
 1 2 3 4 5 6 7 8 9 10 11 12 13 14 15 16 17 18 19 20 21 22 23 24 25 26 27 28 29 30 31 32 33 34 35 36 37 38 39 40 41 42 43 44 45 46 47 48 49 50 51 52 53 54 55 56 57 58 59 60 61 62 63 64 65 66 67 68 69 70 71 72 73 74 75 76 77 78 79 80 81 82 83 84 85 86 87 88 89 90 91 92 93 94 95 96 97 98 99 100 101 102 103 104 105 106 107 108 109 110 111 112 113 114 115 116 117 118 119 120 121 122 123 124 125 126 127 128 129 130 131 132 133 134 135 136 137 138 139 140 141 142 143 144 145 146 147 148 149 150 151 152 153 154 155 156 157 158 159 160 161 162 163 164 165 166 167 168 169 170 171 172 173 174 175 176 177 178 179 180 181 182 183 184 185 186 187 188 189 190 191 192 193 194 195 196 197 198 199 200 201 202 203 204 205 206 207 208 209 210 211 212 213 214 215 216 217 218 219 220 221 222 223 224 225 226 227 228 229 230 231 232 233 234 235 236 237 238 239 240 241 242 243 244 245 246 247 248 249 250 251 252 253 254 255 256 257 258 259 260 261 262 263 264 265 266 267 268 269 270 271 272 273 274 275 276 277 278 279 280 281 282 283 284 285 286 287 288 289 290 291 292 293 294 295 296 297 298 299 300 301 302 303 304 305 306 307 308 309 310 311 312 313 314 315 316 317 318 319 320 321 322 323 324 325 326 327 328 329 330 331 332 333 334 335 336 337 338 339 340 341 342 343 344 345 346 347 348 349 350 351 352 353 354 355 356 357 358 359 360 361 362 363 364 365 366 367 368 369 370 371 372 373 374 375 376 377 378 379 380 381 382 383 384 385 386 387 388 389 390 391 392 393 394 395 396 397 398 399 400 401 402 403 404 405 406 407 408 409 410 411 412 413 414 415 416 417 418 419 420 421 422 423 424 425 426 427 428 429 430 431 432 433 434 435 436 437 438 439 440 441 442 443 444 445 446 447 448 449 450 451 452 453 454 455 456 457 458 459 460 461 462 463 464 465 466 467 468 469 470 471 472 473 474 475 476 477 478 479 480 481 482 483 484 485 486 487 488 489 490 491 492 493 494 495 496 497 498 499 500 501 502 503 504 505 506 507 508 509 510 511 512 513 514 515 516 517 518 519 520 521 522 523 524 525 526 527 528 529 530 531 532 533 534 535 536 537 538 539 540 541 542 543 544 545 546 547 548 549 550 551 552 553 554 555 556 557 558 559 560 561 562 563 564 565 566 567 568 569 570
 done.
 running RMSDs...
 done.
 E lowest :   -47.69832
 547 structures remain within     6.00 kcal/mol window
 
 input  file name : crest_rotamers_6.xyz
 output file name : crest_rotamers_7.xyz
 number of atoms                :   26
 number of points on xyz files  :   570
 RMSD threshold                 :   0.1250
 Bconst threshold               :   0.0100
 population threshold           :   0.0500
 conformer energy window  /kcal :   6.0000
 # fragment in coord            :     1
 # bonds in reference structure :    25
 number of reliable points      :   570
 reference state Etot :  -47.6983249600000
 number of doubles removed by rot/RMSD         :          23
 total number unique points considered further :         547
       Erel/kcal        Etot weight/tot  conformer     set   degen     origin
       1   0.000   -47.69832    0.02200    0.13198       1       6     md2
       2   0.000   -47.69832    0.02200                                mtd7
       3   0.000   -47.69832    0.02200                                mtd1
       4   0.000   -47.69832    0.02200                                gc
       5   0.000   -47.69832    0.02200                                gc
       6   0.000   -47.69832    0.02199                                mtd2
       7   0.125   -47.69813    0.01782    0.10689       2       6     mtd7
       8   0.125   -47.69813    0.01782                                md3
       9   0.125   -47.69813    0.01782                                mtd6
      10   0.125   -47.69813    0.01782                                mtd9
      11   0.125   -47.69813    0.01782                                md4
      12   0.125   -47.69813    0.01781                                md4
      13   0.316   -47.69782    0.01290    0.09032       3       7     mtd1
      14   0.316   -47.69782    0.01290                                mtd8
      15   0.316   -47.69782    0.01290                                mtd5
      16   0.316   -47.69782    0.01290                                mtd5
      17   0.316   -47.69782    0.01290                                mtd5
      18   0.316   -47.69782    0.01290                                mtd8
      19   0.317   -47.69782    0.01290                                md6
      20   0.523   -47.69749    0.00911    0.06374       4       7     mtd9
      21   0.523   -47.69749    0.00911                                mtd1
      22   0.523   -47.69749    0.00911                                md7
      23   0.523   -47.69749    0.00911                                mtd1
      24   0.523   -47.69749    0.00911                                mtd9
      25   0.523   -47.69749    0.00910                                md7
      26   0.523   -47.69749    0.00910                                mtd6
      27   0.663   -47.69727    0.00719    0.05747       5       8     mtd8
      28   0.663   -47.69727    0.00719                                mtd2
      29   0.663   -47.69727    0.00719                                mtd2
      30   0.664   -47.69727    0.00719                                mtd2
      31   0.664   -47.69727    0.00719                                mtd2
      32   0.664   -47.69727    0.00718                                mtd2
      33   0.664   -47.69727    0.00718                                mtd11
      34   0.665   -47.69727    0.00717                                mtd7
      35   0.729   -47.69716    0.00643    0.05143       6       8     mtd11
      36   0.729   -47.69716    0.00643                                mtd5
      37   0.729   -47.69716    0.00643                                mtd7
      38   0.729   -47.69716    0.00643                                mtd8
      39   0.729   -47.69716    0.00643                                mtd5
      40   0.729   -47.69716    0.00643                                mtd8
      41   0.729   -47.69716    0.00643                                mtd11
      42   0.730   -47.69716    0.00643                                mtd7
      43   0.737   -47.69715    0.00635    0.03175       7       5     mtd12
      44   0.737   -47.69715    0.00635                                mtd12
      45   0.737   -47.69715    0.00635                                mtd1
      46   0.737   -47.69715    0.00635                                mtd5
      47   0.737   -47.69715    0.00635                                md6
      48   0.798   -47.69705    0.00573    0.03435       8       6     mtd4
      49   0.798   -47.69705    0.00573                                mtd4
      50   0.798   -47.69705    0.00573                                mtd10
      51   0.798   -47.69705    0.00573                                mtd4
      52   0.798   -47.69705    0.00573                                mtd4
      53   0.799   -47.69705    0.00572                                mtd14
      54   0.839   -47.69699    0.00535    0.03208       9       6     mtd14
      55   0.839   -47.69699    0.00535                                mtd10
      56   0.839   -47.69699    0.00535                                mtd9
      57   0.839   -47.69699    0.00535                                mtd4
      58   0.839   -47.69699    0.00535                                mtd14
      59   0.839   -47.69699    0.00535                                mtd14
      60   0.908   -47.69688    0.00476    0.01903      10       4     hor
      61   0.908   -47.69688    0.00476                                hor
      62   0.908   -47.69688    0.00476                                hor
      63   0.908   -47.69688    0.00476                                hor
      64   0.917   -47.69686    0.00468    0.02810      11       6     mtd9
      65   0.917   -47.69686    0.00468                                md8
      66   0.917   -47.69686    0.00468                                md3
      67   0.917   -47.69686    0.00468                                mtd6
      68   0.918   -47.69686    0.00468                                mtd13
      69   0.918   -47.69686    0.00468                                mtd11
      70   0.940   -47.69683    0.00451    0.03608      12       8     md3
      71   0.940   -47.69683    0.00451                                mtd3
      72   0.940   -47.69683    0.00451                                mtd4
      73   0.940   -47.69683    0.00451                                mtd9
      74   0.940   -47.69683    0.00451                                mtd1
      75   0.940   -47.69683    0.00451                                mtd12
      76   0.940   -47.69683    0.00451                                mtd7
      77   0.940   -47.69683    0.00451                                mtd11
      78   0.948   -47.69681    0.00444    0.03555      13       8     mtd11
      79   0.948   -47.69681    0.00444                                mtd10
      80   0.948   -47.69681    0.00444                                mtd11
      81   0.948   -47.69681    0.00444                                mtd7
      82   0.948   -47.69681    0.00444                                mtd11
      83   0.948   -47.69681    0.00444                                mtd8
      84   0.948   -47.69681    0.00444                                mtd11
      85   0.949   -47.69681    0.00444                                mtd8
      86   1.124   -47.69653    0.00330    0.00330      14       1     md2
      87   1.165   -47.69647    0.00309    0.01234      15       4     mtd13
      88   1.165   -47.69647    0.00309                                mtd11
      89   1.165   -47.69647    0.00308                                mtd4
      90   1.165   -47.69647    0.00308                                mtd4
      91   1.186   -47.69643    0.00298    0.01488      16       5     mtd4
      92   1.186   -47.69643    0.00298                                mtd7
      93   1.186   -47.69643    0.00298                                mtd8
      94   1.186   -47.69643    0.00298                                mtd7
      95   1.187   -47.69643    0.00297                                mtd11
      96   1.213   -47.69639    0.00284    0.00284      17       1     mtd13
      97   1.275   -47.69629    0.00256    0.01280      18       5     mtd4
      98   1.275   -47.69629    0.00256                                mtd12
      99   1.275   -47.69629    0.00256                                mtd1
     100   1.275   -47.69629    0.00256                                mtd1
     101   1.276   -47.69629    0.00256                                mtd8
     102   1.302   -47.69625    0.00245    0.00490      19       2     mtd5
     103   1.302   -47.69625    0.00245                                mtd12
     104   1.313   -47.69623    0.00240    0.01441      20       6     mtd11
     105   1.313   -47.69623    0.00240                                mtd11
     106   1.313   -47.69623    0.00240                                mtd7
     107   1.313   -47.69623    0.00240                                mtd7
     108   1.313   -47.69623    0.00240                                mtd7
     109   1.314   -47.69623    0.00240                                mtd4
     110   1.330   -47.69621    0.00234    0.00467      21       2     mtd10
     111   1.330   -47.69621    0.00234                                mtd3
     112   1.355   -47.69617    0.00224    0.00671      22       3     mtd7
     113   1.355   -47.69616    0.00224                                mtd11
     114   1.357   -47.69616    0.00223                                mtd11
     115   1.376   -47.69613    0.00216    0.01080      23       5     md1
     116   1.376   -47.69613    0.00216                                mtd12
     117   1.376   -47.69613    0.00216                                mtd1
     118   1.376   -47.69613    0.00216                                mtd2
     119   1.377   -47.69613    0.00216                                mtd2
     120   1.391   -47.69611    0.00211    0.00632      24       3     mtd6
     121   1.391   -47.69611    0.00211                                mtd8
     122   1.391   -47.69611    0.00211                                mtd8
     123   1.435   -47.69604    0.00196    0.00781      25       4     mtd5
     124   1.436   -47.69604    0.00195                                md6
     125   1.437   -47.69603    0.00195                                mtd5
     126   1.437   -47.69603    0.00195                                mtd1
     127   1.438   -47.69603    0.00195    0.00195      26       1     mtd5
     128   1.461   -47.69600    0.00187    0.00936      27       5     mtd7
     129   1.461   -47.69600    0.00187                                mtd6
     130   1.461   -47.69600    0.00187                                mtd6
     131   1.461   -47.69600    0.00187                                mtd7
     132   1.461   -47.69600    0.00187                                mtd6
     133   1.504   -47.69593    0.00174    0.01045      28       6     mtd2
     134   1.504   -47.69593    0.00174                                mtd2
     135   1.504   -47.69593    0.00174                                mtd11
     136   1.504   -47.69593    0.00174                                mtd13
     137   1.504   -47.69593    0.00174                                mtd7
     138   1.505   -47.69593    0.00174                                mtd14
     139   1.542   -47.69587    0.00163    0.00980      29       6     mtd2
     140   1.542   -47.69587    0.00163                                mtd11
     141   1.542   -47.69587    0.00163                                mtd7
     142   1.542   -47.69587    0.00163                                mtd11
     143   1.542   -47.69587    0.00163                                mtd13
     144   1.542   -47.69587    0.00163                                mtd11
     145   1.563   -47.69583    0.00158    0.01260      30       8     mtd8
     146   1.563   -47.69583    0.00158                                mtd11
     147   1.563   -47.69583    0.00158                                mtd7
     148   1.563   -47.69583    0.00158                                mtd7
     149   1.563   -47.69583    0.00158                                mtd8
     150   1.563   -47.69583    0.00158                                mtd7
     151   1.564   -47.69583    0.00157                                mtd8
     152   1.565   -47.69583    0.00157                                mtd8
     153   1.572   -47.69582    0.00155    0.00155      31       1     mtd8
     154   1.577   -47.69581    0.00154    0.00308      32       2     mtd9
     155   1.577   -47.69581    0.00154                                mtd4
     156   1.663   -47.69567    0.00133    0.00666      33       5     mtd6
     157   1.663   -47.69567    0.00133                                mtd10
     158   1.663   -47.69567    0.00133                                mtd10
     159   1.663   -47.69567    0.00133                                md1
     160   1.663   -47.69567    0.00133                                mtd1
     161   1.696   -47.69562    0.00126    0.00378      34       3     mtd14
     162   1.696   -47.69562    0.00126                                mtd10
     163   1.696   -47.69562    0.00126                                mtd4
     164   1.713   -47.69560    0.00122    0.00122      35       1     mtd14
     165   1.733   -47.69556    0.00118    0.00471      36       4     mtd7
     166   1.736   -47.69556    0.00118                                mtd8
     167   1.737   -47.69556    0.00118                                mtd7
     168   1.737   -47.69556    0.00118                                mtd7
     169   1.737   -47.69556    0.00118    0.00587      37       5     mtd13
     170   1.737   -47.69556    0.00118                                mtd7
     171   1.737   -47.69556    0.00117                                mtd10
     172   1.741   -47.69555    0.00117                                mtd7
     173   1.737   -47.69556    0.00118                                mtd8
     174   1.755   -47.69553    0.00114    0.00342      38       3     mtd7
     175   1.755   -47.69553    0.00114                                mtd11
     176   1.757   -47.69552    0.00114                                mtd4
     177   1.759   -47.69552    0.00113    0.00566      39       5     mtd8
     178   1.759   -47.69552    0.00113                                mtd4
     179   1.759   -47.69552    0.00113                                mtd5
     180   1.759   -47.69552    0.00113                                mtd10
     181   1.759   -47.69552    0.00113                                mtd8
     182   1.762   -47.69552    0.00113    0.00225      40       2     mtd10
     183   1.762   -47.69552    0.00113                                mtd13
     184   1.817   -47.69543    0.00103    0.00308      41       3     mtd13
     185   1.818   -47.69543    0.00103                                mtd13
     186   1.818   -47.69543    0.00103                                mtd14
     187   1.826   -47.69541    0.00101    0.00202      42       2     mtd4
     188   1.826   -47.69541    0.00101                                mtd4
     189   1.863   -47.69536    0.00095    0.00570      43       6     mtd2
     190   1.863   -47.69536    0.00095                                mtd7
     191   1.863   -47.69536    0.00095                                mtd13
     192   1.863   -47.69536    0.00095                                mtd4
     193   1.864   -47.69536    0.00095                                mtd14
     194   1.864   -47.69535    0.00095                                mtd11
     195   1.874   -47.69534    0.00093    0.00466      44       5     md1
     196   1.874   -47.69534    0.00093                                mtd3
     197   1.874   -47.69534    0.00093                                mtd6
     198   1.874   -47.69534    0.00093                                mtd1
     199   1.874   -47.69534    0.00093                                mtd6
     200   1.884   -47.69532    0.00092    0.00642      45       7     mtd12
     201   1.884   -47.69532    0.00092                                mtd6
     202   1.884   -47.69532    0.00092                                mtd10
     203   1.884   -47.69532    0.00092                                mtd7
     204   1.884   -47.69532    0.00092                                mtd10
     205   1.884   -47.69532    0.00092                                mtd11
     206   1.884   -47.69532    0.00092                                mtd7
     207   1.942   -47.69523    0.00083    0.00333      46       4     mtd8
     208   1.942   -47.69523    0.00083                                mtd9
     209   1.942   -47.69523    0.00083                                mtd12
     210   1.942   -47.69523    0.00083                                mtd7
     211   1.949   -47.69522    0.00082    0.00082      47       1     mtd14
     212   2.005   -47.69513    0.00075    0.00598      48       8     mtd2
     213   2.005   -47.69513    0.00075                                mtd4
     214   2.005   -47.69513    0.00075                                mtd4
     215   2.005   -47.69513    0.00075                                mtd13
     216   2.005   -47.69513    0.00075                                mtd4
     217   2.005   -47.69513    0.00075                                mtd4
     218   2.006   -47.69513    0.00075                                mtd11
     219   2.006   -47.69513    0.00075                                mtd7
     220   2.011   -47.69512    0.00074    0.00148      49       2     mtd9
     221   2.011   -47.69512    0.00074                                mtd9
     222   2.020   -47.69511    0.00073    0.00219      50       3     mtd14
     223   2.020   -47.69511    0.00073                                mtd2
     224   2.021   -47.69510    0.00073                                mtd13
     225   2.027   -47.69509    0.00072    0.00284      51       4     mtd9
     226   2.039   -47.69508    0.00071                                mtd1
     227   2.039   -47.69508    0.00071                                mtd1
     228   2.039   -47.69508    0.00071                                mtd4
     229   2.060   -47.69504    0.00068    0.00068      52       1     mtd7
     230   2.070   -47.69503    0.00067    0.00402      53       6     mtd1
     231   2.070   -47.69503    0.00067                                mtd8
     232   2.070   -47.69503    0.00067                                mtd12
     233   2.070   -47.69503    0.00067                                mtd1
     234   2.070   -47.69503    0.00067                                mtd12
     235   2.070   -47.69503    0.00067                                mtd5
     236   2.073   -47.69502    0.00067    0.00133      54       2     mtd4
     237   2.073   -47.69502    0.00067                                mtd4
     238   2.106   -47.69497    0.00063    0.00126      55       2     mtd10
     239   2.108   -47.69497    0.00063                                mtd9
     240   2.179   -47.69485    0.00056    0.00334      56       6     mtd4
     241   2.179   -47.69485    0.00056                                mtd5
     242   2.179   -47.69485    0.00056                                mtd8
     243   2.179   -47.69485    0.00056                                mtd5
     244   2.179   -47.69485    0.00056                                mtd12
     245   2.180   -47.69485    0.00056                                mtd8
     246   2.215   -47.69480    0.00053    0.00105      57       2     md8
     247   2.215   -47.69480    0.00053                                mtd3
     248   2.219   -47.69479    0.00052    0.00312      58       6     mtd6
     249   2.219   -47.69479    0.00052                                mtd2
     250   2.219   -47.69479    0.00052                                mtd10
     251   2.220   -47.69479    0.00052                                mtd2
     252   2.224   -47.69478    0.00052                                mtd10
     253   2.224   -47.69478    0.00052                                mtd10
     254   2.247   -47.69474    0.00050    0.00249      59       5     mtd2
     255   2.247   -47.69474    0.00050                                mtd6
     256   2.247   -47.69474    0.00050                                mtd10
     257   2.247   -47.69474    0.00050                                mtd10
     258   2.247   -47.69474    0.00050                                mtd8
     259   2.266   -47.69471    0.00048    0.00096      60       2     mtd8
     260   2.266   -47.69471    0.00048                                mtd10
     261   2.267   -47.69471    0.00048    0.00192      61       4     mtd10
     262   2.268   -47.69471    0.00048                                mtd10
     263   2.268   -47.69471    0.00048                                mtd5
     264   2.268   -47.69471    0.00048                                mtd7
     265   2.269   -47.69471    0.00048    0.00192      62       4     mtd14
     266   2.269   -47.69471    0.00048                                mtd6
     267   2.269   -47.69471    0.00048                                mtd13
     268   2.269   -47.69471    0.00048                                mtd10
     269   2.271   -47.69471    0.00048    0.00048      63       1     mtd14
     270   2.294   -47.69467    0.00046    0.00092      64       2     mtd10
     271   2.294   -47.69467    0.00046                                mtd7
     272   2.316   -47.69463    0.00044    0.00177      65       4     mtd11
     273   2.316   -47.69463    0.00044                                mtd7
     274   2.317   -47.69463    0.00044                                mtd2
     275   2.317   -47.69463    0.00044                                mtd11
     276   2.325   -47.69462    0.00044    0.00131      66       3     mtd9
     277   2.325   -47.69462    0.00044                                mtd6
     278   2.325   -47.69462    0.00044                                mtd1
     279   2.342   -47.69459    0.00042    0.00042      67       1     mtd2
     280   2.356   -47.69457    0.00041    0.00041      68       1     mtd14
     281   2.384   -47.69453    0.00039    0.00158      69       4     mtd5
     282   2.384   -47.69453    0.00039                                mtd7
     283   2.384   -47.69453    0.00039                                mtd9
     284   2.384   -47.69453    0.00039                                mtd9
     285   2.393   -47.69451    0.00039    0.00233      70       6     mtd12
     286   2.393   -47.69451    0.00039                                mtd9
     287   2.393   -47.69451    0.00039                                mtd9
     288   2.393   -47.69451    0.00039                                mtd9
     289   2.393   -47.69451    0.00039                                mtd9
     290   2.395   -47.69451    0.00039                                mtd9
     291   2.412   -47.69448    0.00038    0.00113      71       3     mtd12
     292   2.412   -47.69448    0.00038                                mtd14
     293   2.412   -47.69448    0.00038                                mtd3
     294   2.422   -47.69447    0.00037    0.00074      72       2     mtd3
     295   2.422   -47.69447    0.00037                                mtd12
     296   2.441   -47.69443    0.00036    0.00143      73       4     mtd1
     297   2.441   -47.69443    0.00036                                mtd7
     298   2.442   -47.69443    0.00036                                mtd10
     299   2.445   -47.69443    0.00036                                mtd1
     300   2.457   -47.69441    0.00035    0.00035      74       1     gc
     301   2.492   -47.69435    0.00033    0.00033      75       1     mtd7
     302   2.501   -47.69434    0.00032    0.00032      76       1     mtd7
     303   2.505   -47.69433    0.00032    0.00097      77       3     gc
     304   2.505   -47.69433    0.00032                                mtd12
     305   2.505   -47.69433    0.00032                                mtd3
     306   2.515   -47.69432    0.00032    0.00127      78       4     hor
     307   2.515   -47.69432    0.00032                                hor
     308   2.515   -47.69432    0.00032                                hor
     309   2.516   -47.69432    0.00032                                hor
     310   2.524   -47.69430    0.00031    0.00094      79       3     hor
     311   2.524   -47.69430    0.00031                                hor
     312   2.524   -47.69430    0.00031                                hor
     313   2.543   -47.69427    0.00030    0.00091      80       3     mtd7
     314   2.543   -47.69427    0.00030                                mtd7
     315   2.544   -47.69427    0.00030                                mtd8
     316   2.557   -47.69425    0.00030    0.00030      81       1     mtd6
     317   2.586   -47.69420    0.00028    0.00084      82       3     mtd4
     318   2.586   -47.69420    0.00028                                mtd7
     319   2.586   -47.69420    0.00028                                mtd10
     320   2.592   -47.69419    0.00028    0.00056      83       2     mtd6
     321   2.592   -47.69419    0.00028                                mtd8
     322   2.604   -47.69418    0.00027    0.00054      84       2     hor
     323   2.604   -47.69418    0.00027                                hor
     324   2.609   -47.69417    0.00027    0.00054      85       2     md1
     325   2.609   -47.69417    0.00027                                mtd9
     326   2.646   -47.69411    0.00025    0.00051      86       2     hor
     327   2.646   -47.69411    0.00025                                hor
     328   2.657   -47.69409    0.00025    0.00075      87       3     mtd8
     329   2.657   -47.69409    0.00025                                mtd10
     330   2.657   -47.69409    0.00025                                mtd10
     331   2.671   -47.69407    0.00024    0.00024      88       1     mtd6
     332   2.676   -47.69406    0.00024    0.00024      89       1     mtd12
     333   2.687   -47.69404    0.00024    0.00119      90       5     mtd7
     334   2.687   -47.69404    0.00024                                mtd7
     335   2.687   -47.69404    0.00024                                mtd7
     336   2.687   -47.69404    0.00024                                mtd11
     337   2.687   -47.69404    0.00024                                mtd10
     338   2.697   -47.69403    0.00023    0.00047      91       2     mtd9
     339   2.697   -47.69403    0.00023                                gc
     340   2.709   -47.69401    0.00023    0.00023      92       1     mtd5
     341   2.756   -47.69393    0.00021    0.00063      93       3     hor
     342   2.756   -47.69393    0.00021                                hor
     343   2.756   -47.69393    0.00021                                hor
     344   2.761   -47.69393    0.00021    0.00021      94       1     mtd4
     345   2.781   -47.69389    0.00020    0.00020      95       1     mtd4
     346   2.783   -47.69389    0.00020    0.00020      96       1     hor
     347   2.800   -47.69386    0.00020    0.00039      97       2     mtd6
     348   2.800   -47.69386    0.00020                                mtd6
     349   2.805   -47.69385    0.00019    0.00019      98       1     mtd9
     350   2.816   -47.69384    0.00019    0.00057      99       3     hor
     351   2.816   -47.69384    0.00019                                hor
     352   2.816   -47.69384    0.00019                                hor
     353   2.825   -47.69382    0.00019    0.00019     100       1     mtd5
     354   2.858   -47.69377    0.00018    0.00018     101       1     mtd12
     355   2.864   -47.69376    0.00018    0.00053     102       3     mtd11
     356   2.865   -47.69376    0.00018                                mtd3
     357   2.865   -47.69376    0.00018                                mtd3
     358   2.869   -47.69375    0.00017    0.00035     103       2     mtd5
     359   2.870   -47.69375    0.00017                                mtd7
     360   2.891   -47.69372    0.00017    0.00034     104       2     mtd9
     361   2.891   -47.69372    0.00017                                mtd1
     362   2.919   -47.69367    0.00016    0.00032     105       2     mtd6
     363   2.919   -47.69367    0.00016                                mtd3
     364   2.919   -47.69367    0.00016    0.00048     106       3     mtd6
     365   2.919   -47.69367    0.00016                                mtd10
     366   2.919   -47.69367    0.00016                                mtd3
     367   2.951   -47.69362    0.00015    0.00030     107       2     mtd8
     368   2.951   -47.69362    0.00015                                mtd14
     369   2.980   -47.69358    0.00014    0.00029     108       2     mtd1
     370   2.980   -47.69358    0.00014                                mtd1
     371   3.026   -47.69350    0.00013    0.00027     109       2     mtd3
     372   3.026   -47.69350    0.00013                                mtd6
     373   3.036   -47.69349    0.00013    0.00039     110       3     mtd1
     374   3.036   -47.69349    0.00013                                mtd1
     375   3.037   -47.69349    0.00013                                mtd14
     376   3.050   -47.69346    0.00013    0.00051     111       4     mtd6
     377   3.060   -47.69345    0.00013                                mtd10
     378   3.060   -47.69345    0.00013                                mtd10
     379   3.054   -47.69346    0.00013                                mtd14
     380   3.054   -47.69346    0.00013    0.00025     112       2     mtd4
     381   3.059   -47.69345    0.00013                                mtd3
     382   3.067   -47.69344    0.00012    0.00025     113       2     hor
     383   3.067   -47.69344    0.00012                                hor
     384   3.084   -47.69341    0.00012    0.00036     114       3     mtd10
     385   3.084   -47.69341    0.00012                                mtd14
     386   3.084   -47.69341    0.00012                                mtd10
     387   3.088   -47.69340    0.00012    0.00012     115       1     mtd3
     388   3.155   -47.69330    0.00011    0.00011     116       1     mtd9
     389   3.168   -47.69328    0.00011    0.00032     117       3     hor
     390   3.168   -47.69328    0.00011                                hor
     391   3.168   -47.69328    0.00011                                hor
     392   3.170   -47.69327    0.00010    0.00021     118       2     mtd6
     393   3.170   -47.69327    0.00010                                mtd6
     394   3.189   -47.69324    0.00010    0.00010     119       1     mtd10
     395   3.201   -47.69322    0.00010    0.00020     120       2     mtd6
     396   3.202   -47.69322    0.00010                                mtd11
     397   3.205   -47.69322    0.00010    0.00010     121       1     mtd10
     398   3.225   -47.69319    0.00010    0.00019     122       2     hor
     399   3.225   -47.69319    0.00010                                hor
     400   3.292   -47.69308    0.00009    0.00009     123       1     mtd10
     401   3.293   -47.69308    0.00009    0.00017     124       2     mtd10
     402   3.293   -47.69308    0.00009                                mtd14
     403   3.326   -47.69302    0.00008    0.00008     125       1     mtd10
     404   3.348   -47.69299    0.00008    0.00016     126       2     mtd11
     405   3.348   -47.69299    0.00008                                mtd12
     406   3.367   -47.69296    0.00008    0.00008     127       1     hor
     407   3.374   -47.69295    0.00007    0.00022     128       3     hor
     408   3.374   -47.69295    0.00007                                hor
     409   3.375   -47.69295    0.00007                                hor
     410   3.381   -47.69294    0.00007    0.00007     129       1     hor
     411   3.411   -47.69289    0.00007    0.00007     130       1     md8
     412   3.426   -47.69287    0.00007    0.00007     131       1     mtd11
     413   3.434   -47.69285    0.00007    0.00027     132       4     mtd10
     414   3.434   -47.69285    0.00007                                mtd10
     415   3.434   -47.69285    0.00007                                mtd10
     416   3.434   -47.69285    0.00007                                mtd10
     417   3.458   -47.69281    0.00006    0.00006     133       1     hor
     418   3.486   -47.69277    0.00006    0.00018     134       3     hor
     419   3.486   -47.69277    0.00006                                hor
     420   3.486   -47.69277    0.00006                                hor
     421   3.496   -47.69275    0.00006    0.00012     135       2     mtd12
     422   3.496   -47.69275    0.00006                                mtd3
     423   3.538   -47.69269    0.00006    0.00011     136       2     hor
     424   3.538   -47.69269    0.00006                                hor
     425   3.579   -47.69262    0.00005    0.00005     137       1     mtd10
     426   3.612   -47.69257    0.00005    0.00005     138       1     mtd7
     427   3.634   -47.69253    0.00005    0.00010     139       2     hor
     428   3.634   -47.69253    0.00005                                hor
     429   3.651   -47.69251    0.00005    0.00014     140       3     mtd7
     430   3.651   -47.69251    0.00005                                mtd10
     431   3.651   -47.69251    0.00005                                mtd10
     432   3.661   -47.69249    0.00005    0.00009     141       2     mtd7
     433   3.662   -47.69249    0.00005                                mtd11
     434   3.683   -47.69246    0.00004    0.00004     142       1     mtd8
     435   3.687   -47.69245    0.00004    0.00009     143       2     hor
     436   3.687   -47.69245    0.00004                                hor
     437   3.775   -47.69231    0.00004    0.00008     144       2     mtd10
     438   3.775   -47.69231    0.00004                                mtd10
     439   3.801   -47.69227    0.00004    0.00004     145       1     mtd3
     440   3.832   -47.69222    0.00003    0.00003     146       1     hor
     441   3.857   -47.69218    0.00003    0.00007     147       2     mtd10
     442   3.857   -47.69218    0.00003                                mtd10
     443   3.899   -47.69211    0.00003    0.00009     148       3     hor
     444   3.899   -47.69211    0.00003                                hor
     445   3.899   -47.69211    0.00003                                hor
     446   3.909   -47.69209    0.00003    0.00009     149       3     mtd4
     447   3.910   -47.69209    0.00003                                mtd13
     448   3.910   -47.69209    0.00003                                mtd13
     449   3.957   -47.69202    0.00003    0.00006     150       2     hor
     450   3.957   -47.69202    0.00003                                hor
     451   3.958   -47.69202    0.00003    0.00003     151       1     mtd3
     452   3.962   -47.69201    0.00003    0.00003     152       1     hor
     453   4.004   -47.69194    0.00003    0.00005     153       2     mtd10
     454   4.004   -47.69194    0.00003                                mtd4
     455   4.005   -47.69194    0.00003    0.00003     154       1     hor
     456   4.027   -47.69191    0.00002    0.00005     155       2     hor
     457   4.028   -47.69191    0.00002                                hor
     458   4.033   -47.69190    0.00002    0.00002     156       1     mtd12
     459   4.051   -47.69187    0.00002    0.00002     157       1     hor
     460   4.061   -47.69185    0.00002    0.00007     158       3     mtd7
     461   4.061   -47.69185    0.00002                                mtd7
     462   4.061   -47.69185    0.00002                                mtd7
     463   4.068   -47.69184    0.00002    0.00002     159       1     hor
     464   4.109   -47.69178    0.00002    0.00006     160       3     hor
     465   4.109   -47.69178    0.00002                                hor
     466   4.109   -47.69178    0.00002                                hor
     467   4.118   -47.69176    0.00002    0.00004     161       2     hor
     468   4.119   -47.69176    0.00002                                hor
     469   4.221   -47.69160    0.00002    0.00004     162       2     hor
     470   4.221   -47.69160    0.00002                                hor
     471   4.236   -47.69157    0.00002    0.00002     163       1     hor
     472   4.262   -47.69153    0.00002    0.00002     164       1     mtd3
     473   4.269   -47.69152    0.00002    0.00003     165       2     hor
     474   4.269   -47.69152    0.00002                                hor
     475   4.291   -47.69149    0.00002    0.00002     166       1     mtd4
     476   4.293   -47.69148    0.00002    0.00003     167       2     mtd11
     477   4.294   -47.69148    0.00002                                mtd8
     478   4.343   -47.69140    0.00001    0.00001     168       1     hor
     479   4.356   -47.69138    0.00001    0.00004     169       3     hor
     480   4.356   -47.69138    0.00001                                hor
     481   4.356   -47.69138    0.00001                                hor
     482   4.547   -47.69108    0.00001    0.00003     170       3     hor
     483   4.547   -47.69108    0.00001                                hor
     484   4.547   -47.69108    0.00001                                hor
     485   4.594   -47.69100    0.00001    0.00002     171       2     mtd7
     486   4.594   -47.69100    0.00001                                mtd7
     487   4.606   -47.69099    0.00001    0.00003     172       3     hor
     488   4.606   -47.69099    0.00001                                hor
     489   4.606   -47.69099    0.00001                                hor
     490   4.634   -47.69094    0.00001    0.00003     173       3     hor
     491   4.634   -47.69094    0.00001                                hor
     492   4.634   -47.69094    0.00001                                hor
     493   4.667   -47.69089    0.00001    0.00001     174       1     mtd1
     494   4.688   -47.69085    0.00001    0.00001     175       1     mtd1
     495   4.701   -47.69083    0.00001    0.00001     176       1     mtd1
     496   4.790   -47.69069    0.00001    0.00001     177       2     hor
     497   4.790   -47.69069    0.00001                                hor
     498   4.791   -47.69069    0.00001    0.00001     178       1     hor
     499   4.803   -47.69067    0.00001    0.00001     179       2     hor
     500   4.803   -47.69067    0.00001                                hor
     501   4.816   -47.69065    0.00001    0.00003     180       4     hor
     502   4.816   -47.69065    0.00001                                gc
     503   4.816   -47.69065    0.00001                                hor
     504   4.816   -47.69065    0.00001                                gc
     505   4.978   -47.69039    0.00000    0.00001     181       3     mtd9
     506   4.978   -47.69039    0.00000                                mtd5
     507   4.978   -47.69039    0.00000                                mtd14
     508   4.991   -47.69037    0.00000    0.00001     182       2     hor
     509   4.991   -47.69037    0.00000                                hor
     510   5.007   -47.69035    0.00000    0.00001     183       2     mtd7
     511   5.007   -47.69035    0.00000                                mtd7
     512   5.140   -47.69013    0.00000    0.00000     184       1     mtd11
     513   5.217   -47.69001    0.00000    0.00000     185       1     mtd7
     514   5.225   -47.69000    0.00000    0.00000     186       1     hor
     515   5.247   -47.68996    0.00000    0.00000     187       1     hor
     516   5.306   -47.68987    0.00000    0.00001     188       3     mtd14
     517   5.306   -47.68987    0.00000                                mtd10
     518   5.307   -47.68987    0.00000                                mtd14
     519   5.387   -47.68974    0.00000    0.00000     189       1     hor
     520   5.418   -47.68969    0.00000    0.00000     190       1     hor
     521   5.452   -47.68964    0.00000    0.00001     191       3     hor
     522   5.452   -47.68964    0.00000                                hor
     523   5.452   -47.68964    0.00000                                hor
     524   5.538   -47.68950    0.00000    0.00000     192       1     mtd7
     525   5.540   -47.68950    0.00000    0.00000     193       1     mtd7
     526   5.567   -47.68945    0.00000    0.00000     194       1     mtd13
     527   5.572   -47.68945    0.00000    0.00000     195       1     hor
     528   5.601   -47.68940    0.00000    0.00000     196       2     hor
     529   5.601   -47.68940    0.00000                                hor
     530   5.670   -47.68929    0.00000    0.00000     197       1     mtd10
     531   5.707   -47.68923    0.00000    0.00000     198       1     hor
     532   5.710   -47.68923    0.00000    0.00001     199       5     gc
     533   5.710   -47.68923    0.00000                                gc
     534   5.710   -47.68923    0.00000                                gc
     535   5.710   -47.68923    0.00000                                hor
     536   5.710   -47.68923    0.00000                                hor
     537   5.713   -47.68922    0.00000    0.00000     200       1     mtd9
     538   5.733   -47.68919    0.00000    0.00000     201       2     hor
     539   5.733   -47.68919    0.00000                                hor
     540   5.737   -47.68918    0.00000    0.00000     202       1     mtd7
     541   5.745   -47.68917    0.00000    0.00000     203       2     hor
     542   5.745   -47.68917    0.00000                                hor
     543   5.794   -47.68909    0.00000    0.00000     204       1     mtd4
     544   5.835   -47.68903    0.00000    0.00000     205       1     hor
     545   5.880   -47.68896    0.00000    0.00000     206       1     hor
     546   5.885   -47.68895    0.00000    0.00000     207       2     hor
     547   5.885   -47.68895    0.00000                                hor
T /K                                  :   298.15
E lowest                              :   -47.69832
ensemble average energy (kcal)        :    0.824
ensemble entropy (J/mol K, cal/mol K) :   43.283   10.345
ensemble free energy (kcal/mol)       :   -3.084
population of lowest in %             :   13.198
 number of unique conformers for further calc          207
 list of relative energies saved as "crest.energies"
 
 -----------------
 Wall Time Summary
 -----------------
             test MD wall time :         0h : 0m : 3s
                 MTD wall time :         0h : 9m :21s
      multilevel OPT wall time :         0h :27m :36s
                  MD wall time :         0h : 5m :30s
                  GC wall time :         0h : 0m :38s
--------------------
Overall wall time  : 0h :45m : 3s
 
 CREST terminated normally.
