                                                      
       * * * * * * * * * * * * * * * * * *            
      *       ____   _____ _           _   *          
     *  /\   |  _ \ / ____| |         | |  * * * * *  
    *  /  \  | |_) | |    | |_   _ ___| |_ ___ _ __  *
   *  / /\ \ |  _ <| |    | | | | / __| __/ _ \ '__| *
  *  / ____ \| |_) | |____| | |_| \__ \ ||  __/ |  *  
  * /_/    \_\____/ \_____|_|\__,_|___/\__\___|_|  *  
  *                                                *  
  * * * * * * * * * * * * * * * * * * * * * * * * *   
                                                      

rigidmol 3.2
Specific flag:  official version
Platform:       LINUX/UNIX
Compiled by:    zhangjun@SZBL-Precision-7920-Tower
Compiling date: Apr  6 2024 09:19:20
C++ compiler:   g++ (Ubuntu 9.3.0-17ubuntu1~20.04) 9.3.0
C++ options:    -O2 -Os -fno-exceptions --std=c++11 -fopenmp -static-libstdc++ -static-libgcc  -static -Wl,--whole-archive -lpthread -Wl,--no-whole-archive  

Contributors:
Jun Zhang(Shenzhen Bay Laboratory): Design and coding.

For any suggestions, comments, and questions on the theory and
implementation of rigidmol, please feel free to contact:

Dr. Jun Zhang, zhangjun@szbl.ac.cn

If you used this program in your work, please cite these references:

[1] Zhang, J.; Dolg, M.; ABCluster: The Artificial Bee Colony Algorithm for
    Cluster Global Optimization. Phys. Chem. Chem. Phys. 2015, 17, 24173-24181.
[2] Zhang, J.; Dolg, M.; Global Optimization of Clusters of Rigid Molecules by the
    Artificial Bee Colony Algorithm. Phys. Chem. Chem. Phys. 2016, 18, 3003-3010.

Program starts at Thu Apr 18 12:02:52 2024.
Command line: " /home/kubeckaj/Applications/ABCluster-3.3pre-Linux//rigidmol calc.inp "
Process ID:   2706187
Run by:       kubeckaj@s55n03.grendel.cscaa.dk
Available CPU cores:    64
Read "OMP_NUM_THREADS": 1

Random number testing (integers): 702908757...1442734003
Random number testing (fractals): 0.36867797...0.61768421

 -- Input/Output Parameters --
Input file name:      calc.inp
Cluster file name:    calc.cluster
Result file name:     calc.(cluster/xyz/gjf)
Temporary file name:  abclusterkubeckajs55n03.grendel.cscaa.dk2706187-OPT
# of saved LMs:       3
LMs are stored in:    calc-LM

 -- ABC Control Parameters --
Population size:                   30
Maximal generation:                30
Scout limit:                        4
Amplitude:                11.00000000

 -- Cluster Components: from [ calc.cluster ] --
 -----------------------------------------------------------
   Source                                       #
 -----------------------------------------------------------
   /home/kubeckaj/Applications/JKCS2.1/JKCSx/../TOOLS/STRUCTURES/JACOB/h2so4_cis.xyz     1
   /home/kubeckaj/Applications/JKCS2.1/JKCSx/../TOOLS/STRUCTURES/ABC/hso4.xyz     1
   /home/kubeckaj/Applications/JKCS2.1/JKCSx/../TOOLS/STRUCTURES/ABC/nh3.xyz     1
   /home/kubeckaj/Applications/JKCS2.1/JKCSx/../TOOLS/STRUCTURES/ABC/nh4.xyz     1
 -----------------------------------------------------------
   External electric field:        0.000000 Volt/Angstrom
 -----------------------------------------------------------

Artificial Bee Colony Optimization Starts!
----------------------------------------------------------------------------------
 * Population: 30; Maximal cycles: 30
 * EM = Employed Bee; Trigonometric mutation
 * OL = Onlooker Bee; ABC/best/2(0.5)+ABC/current/2(0.5);
        Tournament selection from 5 nectars.
 * SC = Scout Bee; Random nectar; Limit = 4
----------------------------------------------------------------------------------
    #       Diversity            maxE            minE    byEM    byOL    bySC
----------------------------------------------------------------------------------
    1     17.44233194   -718.59112612   -774.81956436      24       8       0
    2     15.57842428   -718.59112612   -774.81956436      10       2       0
    3     13.21331045   -732.06260887   -774.81956436       7       4       0
    4      9.63105452   -740.08770669   -774.81956436      11       2       0
    5      5.86327753   -751.13816674   -774.81956436       9       1       0
    6     19.72637411   -664.12071453   -774.81956436       6       0       2
    7     51.17985580   -487.80221143   -774.81956436       4       1       1
    8     60.41586771   -522.39392507   -774.81956436       7       1       6
    9    116.34625992   -359.01416770   -774.81956816      11       0       9
   10     42.14447100   -573.69732277   -774.81956436       8       0       5
   11     63.21592863   -424.87563913   -774.81956816      10       2       4
   12     78.99961962   -332.26864141   -774.81956816      12       0       1
   13     32.75839682   -617.79388495   -774.81956816      13       0       2
   14     49.86659341   -506.43517371   -774.81956816      11       0       3
   15     64.84446174   -450.69130521   -774.81956816      11       0       5
   16     68.56456209   -392.14849771   -774.81956816       7       0       6
   17     45.75436830   -540.48332602   -774.81956816      11       0       4
   18    104.23466835   -254.71091674   -774.81956816      13       0       6
   19     94.43864815   -343.86176472   -774.81956816      10       0       3
   20     53.07466692   -479.94562262   -774.81956816       8       0       1
   21     33.97505421   -616.48090107   -774.81956816       6       0       3
   22    106.12115485   -274.83472493   -774.81956816       6       0       6
   23     64.66632914   -486.39616737   -774.81956816       7       0       8
   24     72.21070246   -442.27153792   -774.81956816      10       0       5
   25     64.74607714   -422.74653919   -774.81956816       8       0       4
   26     18.84173291   -679.00180831   -774.81956816       9       1       2
   27     15.52075938   -713.03401344   -774.81956816       7       0       5
   28     18.21610243   -699.45613442   -774.81956808      10       0       4
   29     40.21798293   -555.23948185   -774.81956816       8       0       3
   30     22.04527211   -660.29276163   -774.81956816       7       0       5
----------------------------------------------------------------------------------
Artificial Bee Colony Optimization Finished!

 -- Results Report --
 * 3 LMs will be saved in [ calc-LM ].
      #          Energy      Match-RMSD
      0   -774.81956816      0.00000000
      1   -774.81954019      0.85910272
      2   -774.09484343      1.09512978

 * Final Global Minimal Energy:   -774.81956436
 * The Global Minimum is saved as: [ calc-OPT.(cluster/xyz/gjf) ]

===== (^ _ ^) =====
Normal termination at Thu Apr 18 12:02:54 2024.
Total run time: 2 seconds = 0 days 0 hours 0 minutes 2 seconds.
