                                                      
       * * * * * * * * * * * * * * * * * *            
      *       ____   _____ _           _   *          
     *  /\   |  _ \ / ____| |         | |  * * * * *  
    *  /  \  | |_) | |    | |_   _ ___| |_ ___ _ __  *
   *  / /\ \ |  _ <| |    | | | | / __| __/ _ \ '__| *
  *  / ____ \| |_) | |____| | |_| \__ \ ||  __/ |  *  
  * /_/    \_\____/ \_____|_|\__,_|___/\__\___|_|  *  
  *                                                *  
  * * * * * * * * * * * * * * * * * * * * * * * * *   
                                                      

rigidmol 3.2
Specific flag:  official version
Platform:       LINUX/UNIX
Compiled by:    zhangjun@SZBL-Precision-7920-Tower
Compiling date: Apr  6 2024 09:19:20
C++ compiler:   g++ (Ubuntu 9.3.0-17ubuntu1~20.04) 9.3.0
C++ options:    -O2 -Os -fno-exceptions --std=c++11 -fopenmp -static-libstdc++ -static-libgcc  -static -Wl,--whole-archive -lpthread -Wl,--no-whole-archive  

Contributors:
Jun Zhang(Shenzhen Bay Laboratory): Design and coding.

For any suggestions, comments, and questions on the theory and
implementation of rigidmol, please feel free to contact:

Dr. Jun Zhang, zhangjun@szbl.ac.cn

If you used this program in your work, please cite these references:

[1] Zhang, J.; Dolg, M.; ABCluster: The Artificial Bee Colony Algorithm for
    Cluster Global Optimization. Phys. Chem. Chem. Phys. 2015, 17, 24173-24181.
[2] Zhang, J.; Dolg, M.; Global Optimization of Clusters of Rigid Molecules by the
    Artificial Bee Colony Algorithm. Phys. Chem. Chem. Phys. 2016, 18, 3003-3010.

Program starts at Thu Apr 18 12:01:53 2024.
Command line: " /home/kubeckaj/Applications/ABCluster-3.3pre-Linux//rigidmol calc.inp "
Process ID:   2706011
Run by:       kubeckaj@s55n03.grendel.cscaa.dk
Available CPU cores:    64
Read "OMP_NUM_THREADS": 1

Random number testing (integers): 2048201755...54404048
Random number testing (fractals): 0.08153494...0.28385809

 -- Input/Output Parameters --
Input file name:      calc.inp
Cluster file name:    calc.cluster
Result file name:     calc.(cluster/xyz/gjf)
Temporary file name:  abclusterkubeckajs55n03.grendel.cscaa.dk2706011-OPT
# of saved LMs:       3
LMs are stored in:    calc-LM

 -- ABC Control Parameters --
Population size:                   30
Maximal generation:                30
Scout limit:                        4
Amplitude:                11.00000000

 -- Cluster Components: from [ calc.cluster ] --
 -----------------------------------------------------------
   Source                                       #
 -----------------------------------------------------------
   /home/kubeckaj/Applications/JKCS2.1/JKCSx/../TOOLS/STRUCTURES/JACOB/sa.xyz     1
   /home/kubeckaj/Applications/JKCS2.1/JKCSx/../TOOLS/STRUCTURES/ABC/so4.xyz     1
   /home/kubeckaj/Applications/JKCS2.1/JKCSx/../TOOLS/STRUCTURES/ABC/nh4.xyz     2
 -----------------------------------------------------------
   External electric field:        0.000000 Volt/Angstrom
 -----------------------------------------------------------

Artificial Bee Colony Optimization Starts!
----------------------------------------------------------------------------------
 * Population: 30; Maximal cycles: 30
 * EM = Employed Bee; Trigonometric mutation
 * OL = Onlooker Bee; ABC/best/2(0.5)+ABC/current/2(0.5);
        Tournament selection from 5 nectars.
 * SC = Scout Bee; Random nectar; Limit = 4
----------------------------------------------------------------------------------
    #       Diversity            maxE            minE    byEM    byOL    bySC
----------------------------------------------------------------------------------
    1      5.64641649  -1458.46389194  -1477.71523863      18       0       0
    2      3.60470082  -1458.46389196  -1477.71523874      11       0       0
    3      0.75596144  -1473.50224816  -1477.71523859       7       0       0
    4      0.00276102  -1477.70833606  -1477.71523859       3       0       0
    5      0.00234641  -1477.70833623  -1477.71523863       2       0       0
    6      0.00276098  -1477.70833611  -1477.71523863       1       0       6
    7     57.66144318  -1238.72532759  -1477.71523863       2       0      10
    8    104.05324122  -1010.89420754  -1477.71523857       4       0       8
    9     12.24893722  -1411.46184452  -1477.71523857      11       0       6
   10      1.26317471  -1473.50107717  -1477.71523857       3       0       0
   11     38.00311349  -1266.00259092  -1477.71523857       7       0       3
   12      4.82841147  -1458.42465988  -1477.71523857       5       0       7
   13    146.51584063   -815.22510113  -1477.71523846       5       0       4
   14      3.64254798  -1458.46389195  -1477.71523870       7       0       7
   15    130.33473799   -787.36665918  -1477.71523863       5       0       6
   16      0.75591921  -1473.50224827  -1477.71523864       8       0       2
   17    152.77101442   -899.69491942  -1477.71523864       2       0       7
   18     36.14522120  -1276.67884037  -1477.71523864      10       0       3
   19     53.74076118  -1179.50582146  -1477.71523864       6       0       5
   20    107.03176198   -880.69248723  -1477.71523875       8       0       5
   21    136.48901467   -792.71351901  -1477.71523868       8       0       7
   22      1.05068508  -1473.50107741  -1477.71523868       5       0       3
   23      4.82861493  -1458.42465992  -1477.71523868       2       0       3
   24    143.65249094   -676.73645853  -1477.71523868       5       0       5
   25      3.64917954  -1458.42465978  -1477.71523875       4       0       4
   26    140.66199299   -897.04095025  -1477.71523874       6       0       9
   27    112.26573150   -897.04095025  -1477.71523862       8       0       4
   28     52.33284521  -1258.02269583  -1477.71523862       9       0       5
   29     35.94285893  -1277.51245487  -1477.71523862       4       0       2
   30     32.18294877  -1298.23234472  -1477.71523867       6       0       5
----------------------------------------------------------------------------------
Artificial Bee Colony Optimization Finished!

 -- Results Report --
 * 3 LMs will be saved in [ calc-LM ].
      #          Energy      Match-RMSD
      0  -1477.71523856      0.00000000
      1  -1477.70833627      1.52209119
      2  -1473.50224833      1.97923715

 * Final Global Minimal Energy:  -1477.71523874
 * The Global Minimum is saved as: [ calc-OPT.(cluster/xyz/gjf) ]

===== (^ _ ^) =====
Normal termination at Thu Apr 18 12:01:55 2024.
Total run time: 2 seconds = 0 days 0 hours 0 minutes 2 seconds.
