                                                      
       * * * * * * * * * * * * * * * * * *            
      *       ____   _____ _           _   *          
     *  /\   |  _ \ / ____| |         | |  * * * * *  
    *  /  \  | |_) | |    | |_   _ ___| |_ ___ _ __  *
   *  / /\ \ |  _ <| |    | | | | / __| __/ _ \ '__| *
  *  / ____ \| |_) | |____| | |_| \__ \ ||  __/ |  *  
  * /_/    \_\____/ \_____|_|\__,_|___/\__\___|_|  *  
  *                                                *  
  * * * * * * * * * * * * * * * * * * * * * * * * *   
                                                      

rigidmol 3.2
Specific flag:  official version
Platform:       LINUX/UNIX
Compiled by:    zhangjun@SZBL-Precision-7920-Tower
Compiling date: Apr  6 2024 09:19:20
C++ compiler:   g++ (Ubuntu 9.3.0-17ubuntu1~20.04) 9.3.0
C++ options:    -O2 -Os -fno-exceptions --std=c++11 -fopenmp -static-libstdc++ -static-libgcc  -static -Wl,--whole-archive -lpthread -Wl,--no-whole-archive  

Contributors:
Jun Zhang(Shenzhen Bay Laboratory): Design and coding.

For any suggestions, comments, and questions on the theory and
implementation of rigidmol, please feel free to contact:

Dr. Jun Zhang, zhangjun@szbl.ac.cn

If you used this program in your work, please cite these references:

[1] Zhang, J.; Dolg, M.; ABCluster: The Artificial Bee Colony Algorithm for
    Cluster Global Optimization. Phys. Chem. Chem. Phys. 2015, 17, 24173-24181.
[2] Zhang, J.; Dolg, M.; Global Optimization of Clusters of Rigid Molecules by the
    Artificial Bee Colony Algorithm. Phys. Chem. Chem. Phys. 2016, 18, 3003-3010.

Program starts at Thu Apr 18 11:59:50 2024.
Command line: " /home/kubeckaj/Applications/ABCluster-3.3pre-Linux//rigidmol calc.inp "
Process ID:   125548
Run by:       kubeckaj@s55n01.grendel.cscaa.dk
Available CPU cores:    64
Read "OMP_NUM_THREADS": 1

Random number testing (integers): 1390873060...956644556
Random number testing (fractals): 0.02530519...0.31675145

 -- Input/Output Parameters --
Input file name:      calc.inp
Cluster file name:    calc.cluster
Result file name:     calc.(cluster/xyz/gjf)
Temporary file name:  abclusterkubeckajs55n01.grendel.cscaa.dk125548-OPT
# of saved LMs:       3
LMs are stored in:    calc-LM

 -- ABC Control Parameters --
Population size:                   30
Maximal generation:                30
Scout limit:                        4
Amplitude:                11.00000000

 -- Cluster Components: from [ calc.cluster ] --
 -----------------------------------------------------------
   Source                                       #
 -----------------------------------------------------------
   /home/kubeckaj/Applications/JKCS2.1/JKCSx/../TOOLS/STRUCTURES/JACOB/sa.xyz     2
   /home/kubeckaj/Applications/JKCS2.1/JKCSx/../TOOLS/STRUCTURES/ABC/nh3.xyz     2
 -----------------------------------------------------------
   External electric field:        0.000000 Volt/Angstrom
 -----------------------------------------------------------

Artificial Bee Colony Optimization Starts!
----------------------------------------------------------------------------------
 * Population: 30; Maximal cycles: 30
 * EM = Employed Bee; Trigonometric mutation
 * OL = Onlooker Bee; ABC/best/2(0.5)+ABC/current/2(0.5);
        Tournament selection from 5 nectars.
 * SC = Scout Bee; Random nectar; Limit = 4
----------------------------------------------------------------------------------
    #       Diversity            maxE            minE    byEM    byOL    bySC
----------------------------------------------------------------------------------
    1      4.38047300    -72.84855310    -87.85496230      14       3       0
    2      3.50375885    -74.71077506    -87.85496230      15       2       0
    3      3.05207379    -77.82574334    -87.85496230      13       1       0
    4      3.02099082    -78.61082290    -87.85497617       6       3       0
    5      2.42834987    -80.87113265    -87.85498311      12       3       0
    6      8.51431635    -40.15857691    -87.85498311       7       1       2
    7     17.08070201    -12.73762368    -87.85498311       5       1       2
    8      6.02867890    -61.51960282    -87.85497615       4       1       6
    9     19.00005024    -13.77846472    -87.85496936       9       1       8
   10     11.29673366    -48.68990128    -87.85497612      13       2       7
   11      4.16972808    -74.82682332    -87.85496931      10       1       1
   12     15.00372303    -28.43190540    -87.85497617      11       4       4
   13      3.16043357    -78.70954423    -87.85497617      13       1       1
   14      3.63115255    -74.28399138    -87.85497617       5       1       2
   15      9.77965763    -36.81902059    -87.85497474       9       0       3
   16     15.94410923    -23.46639407    -87.85497617      11       1       7
   17      4.39624252    -71.20248282    -87.85497470       8       1       8
   18      3.02297455    -78.23063463    -87.85497470      10       2       1
   19      5.94648681    -55.48082651    -87.85497617      11       2       4
   20      3.29096970    -74.66960343    -87.85497617       6       0       2
   21      3.84436575    -74.18837324    -87.85497610      11       1       4
   22      2.77447750    -77.15865193    -87.85497610       7       3       2
   23     19.44420125    -22.61732809    -87.85498316       9       0       6
   24      5.14371286    -71.31643717    -87.85497615       8       3       7
   25      4.18274028    -74.39499069    -87.85497472       9       1       4
   26      9.70992468    -34.57648799    -87.85497077      11       1       2
   27      8.77355132    -42.45889407    -87.85497077      11       1       4
   28      7.87042907    -47.32109816    -87.85497077       7       1       2
   29      4.23602261    -73.31857639    -87.85498303       9       1       4
   30      4.43301563    -74.27365733    -87.85497616      11       2       6
----------------------------------------------------------------------------------
Artificial Bee Colony Optimization Finished!

 -- Results Report --
 * 3 LMs will be saved in [ calc-LM ].
      #          Energy      Match-RMSD
      0    -87.85498303      0.00000000
      1    -87.85496920      2.61601441
      2    -87.85498303      0.00000000

 * Final Global Minimal Energy:    -87.85497617
 * The Global Minimum is saved as: [ calc-OPT.(cluster/xyz/gjf) ]

===== (^ _ ^) =====
Normal termination at Thu Apr 18 11:59:51 2024.
Total run time: 1 seconds = 0 days 0 hours 0 minutes 1 seconds.
