                                                      
       * * * * * * * * * * * * * * * * * *            
      *       ____   _____ _           _   *          
     *  /\   |  _ \ / ____| |         | |  * * * * *  
    *  /  \  | |_) | |    | |_   _ ___| |_ ___ _ __  *
   *  / /\ \ |  _ <| |    | | | | / __| __/ _ \ '__| *
  *  / ____ \| |_) | |____| | |_| \__ \ ||  __/ |  *  
  * /_/    \_\____/ \_____|_|\__,_|___/\__\___|_|  *  
  *                                                *  
  * * * * * * * * * * * * * * * * * * * * * * * * *   
                                                      

rigidmol 3.2
Specific flag:  official version
Platform:       LINUX/UNIX
Compiled by:    zhangjun@SZBL-Precision-7920-Tower
Compiling date: Apr  6 2024 09:19:20
C++ compiler:   g++ (Ubuntu 9.3.0-17ubuntu1~20.04) 9.3.0
C++ options:    -O2 -Os -fno-exceptions --std=c++11 -fopenmp -static-libstdc++ -static-libgcc  -static -Wl,--whole-archive -lpthread -Wl,--no-whole-archive  

Contributors:
Jun Zhang(Shenzhen Bay Laboratory): Design and coding.

For any suggestions, comments, and questions on the theory and
implementation of rigidmol, please feel free to contact:

Dr. Jun Zhang, zhangjun@szbl.ac.cn

If you used this program in your work, please cite these references:

[1] Zhang, J.; Dolg, M.; ABCluster: The Artificial Bee Colony Algorithm for
    Cluster Global Optimization. Phys. Chem. Chem. Phys. 2015, 17, 24173-24181.
[2] Zhang, J.; Dolg, M.; Global Optimization of Clusters of Rigid Molecules by the
    Artificial Bee Colony Algorithm. Phys. Chem. Chem. Phys. 2016, 18, 3003-3010.

Program starts at Thu Apr 18 12:00:52 2024.
Command line: " /home/kubeckaj/Applications/ABCluster-3.3pre-Linux//rigidmol calc.inp "
Process ID:   126082
Run by:       kubeckaj@s55n01.grendel.cscaa.dk
Available CPU cores:    64
Read "OMP_NUM_THREADS": 1

Random number testing (integers): 555958100...357924913
Random number testing (fractals): 0.80160985...0.43025174

 -- Input/Output Parameters --
Input file name:      calc.inp
Cluster file name:    calc.cluster
Result file name:     calc.(cluster/xyz/gjf)
Temporary file name:  abclusterkubeckajs55n01.grendel.cscaa.dk126082-OPT
# of saved LMs:       3
LMs are stored in:    calc-LM

 -- ABC Control Parameters --
Population size:                   30
Maximal generation:                30
Scout limit:                        4
Amplitude:                11.00000000

 -- Cluster Components: from [ calc.cluster ] --
 -----------------------------------------------------------
   Source                                       #
 -----------------------------------------------------------
   /home/kubeckaj/Applications/JKCS2.1/JKCSx/../TOOLS/STRUCTURES/JACOB/sa.xyz     1
   /home/kubeckaj/Applications/JKCS2.1/JKCSx/../TOOLS/STRUCTURES/JACOB/h2so4_cis.xyz     1
   /home/kubeckaj/Applications/JKCS2.1/JKCSx/../TOOLS/STRUCTURES/ABC/nh3.xyz     2
 -----------------------------------------------------------
   External electric field:        0.000000 Volt/Angstrom
 -----------------------------------------------------------

Artificial Bee Colony Optimization Starts!
----------------------------------------------------------------------------------
 * Population: 30; Maximal cycles: 30
 * EM = Employed Bee; Trigonometric mutation
 * OL = Onlooker Bee; ABC/best/2(0.5)+ABC/current/2(0.5);
        Tournament selection from 5 nectars.
 * SC = Scout Bee; Random nectar; Limit = 4
----------------------------------------------------------------------------------
    #       Diversity            maxE            minE    byEM    byOL    bySC
----------------------------------------------------------------------------------
    1     18.70973117   -110.05522127   -167.67147193      18       3       0
    2     13.72998513   -110.07042223   -167.67147193      10       1       0
    3     12.06165354   -114.43965851   -169.58328194       4       2       0
    4      9.46514031   -139.45919326   -169.58328196       9       6       0
    5      8.95339012   -143.05862328   -169.58328196       6       2       0
    6      8.70775927   -143.05862328   -169.58328194       4       2       0
    7     33.60002293    -25.82192090   -169.58777137       5       1       7
    8     42.70789424    -14.14784314   -169.58777134       6       4       7
    9     31.02614795    -25.43326239   -169.58777134       7       3      10
   10     32.33590739    -12.57322422   -169.58777134      10       5       3
   11     32.32182620    -23.13906447   -169.58777136       7       1       3
   12     10.55815072   -134.05712398   -169.58777136      11       2       0
   13      9.46593124   -132.11301419   -169.58777135       6       2       2
   14     16.79295895   -103.02422375   -169.58777135       4       3       4
   15     26.92563699    -43.59657905   -169.58777135       6       2       9
   16     15.79339135   -117.09632533   -169.58777133       8       1       3
   17     21.85644017    -62.84574692   -169.58777133       7       2       4
   18     26.45983779    -54.23227940   -169.58777133       9       0       4
   19     13.97167220   -109.80865720   -169.58777133       7       2       4
   20     24.66311863    -49.43304526   -169.58777133       9       6       4
   21    562.45976418   2982.86566354   -169.58777104       6       2       4
   22     19.34259183   -104.32753826   -169.58777133       6       3       2
   23     25.44578373    -54.80921344   -169.58777133      12       4       5
   24     25.73401182    -51.96558858   -169.58777137       9       2       4
   25     15.87625084   -119.22818395   -169.58777137       5       1       1
   26     26.75418948    -31.59443577   -169.58777137       6       3       5
   27     26.37697245    -31.14066369   -169.58777134       8       5       6
   28     22.99278999    -71.37096189   -169.58777134       7       5       4
   29     14.83945874   -111.02333513   -169.58777134       7       1       4
   30     36.24467174    -13.39123718   -169.58777132       9       0       4
----------------------------------------------------------------------------------
Artificial Bee Colony Optimization Finished!

 -- Results Report --
 * 3 LMs will be saved in [ calc-LM ].
      #          Energy      Match-RMSD
      0   -169.58777135      0.00000000
      1   -169.58776020      0.59833642
      2   -169.58328162      1.59192697

 * Final Global Minimal Energy:   -169.58777137
 * The Global Minimum is saved as: [ calc-OPT.(cluster/xyz/gjf) ]

===== (^ _ ^) =====
Normal termination at Thu Apr 18 12:00:54 2024.
Total run time: 2 seconds = 0 days 0 hours 0 minutes 2 seconds.
