                                                      
       * * * * * * * * * * * * * * * * * *            
      *       ____   _____ _           _   *          
     *  /\   |  _ \ / ____| |         | |  * * * * *  
    *  /  \  | |_) | |    | |_   _ ___| |_ ___ _ __  *
   *  / /\ \ |  _ <| |    | | | | / __| __/ _ \ '__| *
  *  / ____ \| |_) | |____| | |_| \__ \ ||  __/ |  *  
  * /_/    \_\____/ \_____|_|\__,_|___/\__\___|_|  *  
  *                                                *  
  * * * * * * * * * * * * * * * * * * * * * * * * *   
                                                      

rigidmol 3.2
Specific flag:  official version
Platform:       LINUX/UNIX
Compiled by:    zhangjun@SZBL-Precision-7920-Tower
Compiling date: Apr  6 2024 09:19:20
C++ compiler:   g++ (Ubuntu 9.3.0-17ubuntu1~20.04) 9.3.0
C++ options:    -O2 -Os -fno-exceptions --std=c++11 -fopenmp -static-libstdc++ -static-libgcc  -static -Wl,--whole-archive -lpthread -Wl,--no-whole-archive  

Contributors:
Jun Zhang(Shenzhen Bay Laboratory): Design and coding.

For any suggestions, comments, and questions on the theory and
implementation of rigidmol, please feel free to contact:

Dr. Jun Zhang, zhangjun@szbl.ac.cn

If you used this program in your work, please cite these references:

[1] Zhang, J.; Dolg, M.; ABCluster: The Artificial Bee Colony Algorithm for
    Cluster Global Optimization. Phys. Chem. Chem. Phys. 2015, 17, 24173-24181.
[2] Zhang, J.; Dolg, M.; Global Optimization of Clusters of Rigid Molecules by the
    Artificial Bee Colony Algorithm. Phys. Chem. Chem. Phys. 2016, 18, 3003-3010.

Program starts at Thu Apr 18 12:02:48 2024.
Command line: " /home/kubeckaj/Applications/ABCluster-3.3pre-Linux//rigidmol calc.inp "
Process ID:   2704951
Run by:       kubeckaj@s51n10.grendel.cscaa.dk
Available CPU cores:    64
Read "OMP_NUM_THREADS": 1

Random number testing (integers): 370389762...504995070
Random number testing (fractals): 0.38309861...0.57810846

 -- Input/Output Parameters --
Input file name:      calc.inp
Cluster file name:    calc.cluster
Result file name:     calc.(cluster/xyz/gjf)
Temporary file name:  abclusterkubeckajs51n10.grendel.cscaa.dk2704951-OPT
# of saved LMs:       3
LMs are stored in:    calc-LM

 -- ABC Control Parameters --
Population size:                   30
Maximal generation:                30
Scout limit:                        4
Amplitude:                11.00000000

 -- Cluster Components: from [ calc.cluster ] --
 -----------------------------------------------------------
   Source                                       #
 -----------------------------------------------------------
   /home/kubeckaj/Applications/JKCS2.1/JKCSx/../TOOLS/STRUCTURES/ABC/hso4.xyz     2
   /home/kubeckaj/Applications/JKCS2.1/JKCSx/../TOOLS/STRUCTURES/ABC/nh4.xyz     2
 -----------------------------------------------------------
   External electric field:        0.000000 Volt/Angstrom
 -----------------------------------------------------------

Artificial Bee Colony Optimization Starts!
----------------------------------------------------------------------------------
 * Population: 30; Maximal cycles: 30
 * EM = Employed Bee; Trigonometric mutation
 * OL = Onlooker Bee; ABC/best/2(0.5)+ABC/current/2(0.5);
        Tournament selection from 5 nectars.
 * SC = Scout Bee; Random nectar; Limit = 4
----------------------------------------------------------------------------------
    #       Diversity            maxE            minE    byEM    byOL    bySC
----------------------------------------------------------------------------------
    1     19.30777454  -1228.43578987  -1298.58354195      18       2       0
    2      5.80608899  -1276.91970031  -1298.58354195       9       5       0
    3      3.52243333  -1280.99372068  -1298.58354195       9       0       0
    4      2.19517667  -1290.68908008  -1298.58354195       7       1       0
    5      1.93916985  -1292.61103345  -1298.58354195       8       0       0
    6     53.18820897  -1000.94910154  -1298.58354195       3       0       2
    7    125.45003974   -832.79797334  -1298.58354195       3       0       8
    8     95.15101841   -795.30931554  -1298.58354195       4       1       7
    9    184.95642750   -604.67189173  -1298.58354195       8       0      12
   10     19.92553527  -1228.43578769  -1298.58354195      12       3       0
   11     73.09155190   -888.38552647  -1298.58354195      11       1       1
   12      2.67233065  -1292.61103345  -1298.58354195       8       0       1
   13     77.66848383   -866.06578113  -1298.58354195       4       0       4
   14     16.69178333  -1229.91261680  -1298.58354195       6       0       5
   15     64.26545696   -943.65506887  -1298.58354195       8       0       4
   16    104.35104914   -828.88293040  -1298.58354195       8       1      12
   17     68.36483539   -967.29683211  -1298.58354195      12       1       3
   18     12.97487602  -1228.43578769  -1298.58354195       9       0       2
   19     80.41506073   -850.31226704  -1298.58354195       5       0       2
   20     12.57416246  -1228.43578769  -1298.58354195       8       0       4
   21    128.99509243   -577.84609444  -1298.58354195       6       0       2
   22    100.05247618   -748.18049936  -1298.58354195       4       0      10
   23     96.04803097   -902.50814365  -1298.58354195       8       1       6
   24     50.40618181  -1015.10329956  -1298.58354195      10       0       5
   25     54.01784697   -995.53464478  -1298.58354195       8       0       1
   26    151.79800254   -561.94017310  -1298.58354195       6       0       6
   27    107.11218161   -701.06991790  -1298.58354195       6       0       2
   28     67.09720065   -929.79165387  -1298.58354195       6       2       4
   29     88.00933277   -812.29636888  -1298.58354195       9       0       7
   30     16.79851368  -1229.91261838  -1298.58354195      10       0       6
----------------------------------------------------------------------------------
Artificial Bee Colony Optimization Finished!

 -- Results Report --
 * 3 LMs will be saved in [ calc-LM ].
      #          Energy      Match-RMSD
      0  -1298.58354195      0.00000000
      1  -1295.53446796      1.79715255
      2  -1295.13264047      1.32635351

 * Final Global Minimal Energy:  -1298.58354195
 * The Global Minimum is saved as: [ calc-OPT.(cluster/xyz/gjf) ]

===== (^ _ ^) =====
Normal termination at Thu Apr 18 12:02:50 2024.
Total run time: 2 seconds = 0 days 0 hours 0 minutes 2 seconds.
