                                                      
       * * * * * * * * * * * * * * * * * *            
      *       ____   _____ _           _   *          
     *  /\   |  _ \ / ____| |         | |  * * * * *  
    *  /  \  | |_) | |    | |_   _ ___| |_ ___ _ __  *
   *  / /\ \ |  _ <| |    | | | | / __| __/ _ \ '__| *
  *  / ____ \| |_) | |____| | |_| \__ \ ||  __/ |  *  
  * /_/    \_\____/ \_____|_|\__,_|___/\__\___|_|  *  
  *                                                *  
  * * * * * * * * * * * * * * * * * * * * * * * * *   
                                                      

rigidmol 3.2
Specific flag:  official version
Platform:       LINUX/UNIX
Compiled by:    zhangjun@SZBL-Precision-7920-Tower
Compiling date: Apr  6 2024 09:19:20
C++ compiler:   g++ (Ubuntu 9.3.0-17ubuntu1~20.04) 9.3.0
C++ options:    -O2 -Os -fno-exceptions --std=c++11 -fopenmp -static-libstdc++ -static-libgcc  -static -Wl,--whole-archive -lpthread -Wl,--no-whole-archive  

Contributors:
Jun Zhang(Shenzhen Bay Laboratory): Design and coding.

For any suggestions, comments, and questions on the theory and
implementation of rigidmol, please feel free to contact:

Dr. Jun Zhang, zhangjun@szbl.ac.cn

If you used this program in your work, please cite these references:

[1] Zhang, J.; Dolg, M.; ABCluster: The Artificial Bee Colony Algorithm for
    Cluster Global Optimization. Phys. Chem. Chem. Phys. 2015, 17, 24173-24181.
[2] Zhang, J.; Dolg, M.; Global Optimization of Clusters of Rigid Molecules by the
    Artificial Bee Colony Algorithm. Phys. Chem. Chem. Phys. 2016, 18, 3003-3010.

Program starts at Thu Apr 18 11:58:46 2024.
Command line: " /home/kubeckaj/Applications/ABCluster-3.3pre-Linux//rigidmol calc.inp "
Process ID:   897400
Run by:       kubeckaj@s52n14.grendel.cscaa.dk
Available CPU cores:    64
Read "OMP_NUM_THREADS": 1

Random number testing (integers): 1524804241...1093741440
Random number testing (fractals): 0.25620321...0.68347092

 -- Input/Output Parameters --
Input file name:      calc.inp
Cluster file name:    calc.cluster
Result file name:     calc.(cluster/xyz/gjf)
Temporary file name:  abclusterkubeckajs52n14.grendel.cscaa.dk897400-OPT
# of saved LMs:       3
LMs are stored in:    calc-LM

 -- ABC Control Parameters --
Population size:                   30
Maximal generation:                30
Scout limit:                        4
Amplitude:                 9.00000000

 -- Cluster Components: from [ calc.cluster ] --
 -----------------------------------------------------------
   Source                                       #
 -----------------------------------------------------------
   /home/kubeckaj/Applications/JKCS2.1/JKCSx/../TOOLS/STRUCTURES/JACOB/h2so4_cis.xyz     1
   /home/kubeckaj/Applications/JKCS2.1/JKCSx/../TOOLS/STRUCTURES/ABC/nh3.xyz     1
 -----------------------------------------------------------
   External electric field:        0.000000 Volt/Angstrom
 -----------------------------------------------------------

Artificial Bee Colony Optimization Starts!
----------------------------------------------------------------------------------
 * Population: 30; Maximal cycles: 30
 * EM = Employed Bee; Trigonometric mutation
 * OL = Onlooker Bee; ABC/best/2(0.5)+ABC/current/2(0.5);
        Tournament selection from 5 nectars.
 * SC = Scout Bee; Random nectar; Limit = 4
----------------------------------------------------------------------------------
    #       Diversity            maxE            minE    byEM    byOL    bySC
----------------------------------------------------------------------------------
    1      1.03404984    -60.50927676    -62.76575743      13       0       0
    2      0.84094089    -60.50927927    -62.76576001       4       0       0
    3      0.67694457    -60.50927927    -62.76576042       2       0       0
    4      0.67694457    -60.50927927    -62.76576042       0       0       0
    5      0.67694457    -60.50927927    -62.76576042       0       0       0
    6     17.02516018     -9.94540802    -62.76576042       2       0      14
    7     16.60312848     -9.85838740    -62.76575743       7       0      10
    8     12.76154982    -19.75732722    -62.76575743       7       0       6
    9      6.71272650    -25.27361399    -62.76575743       5       0       0
   10      0.76705610    -60.50927629    -62.76575743       2       0       0
   11     10.94689954     -1.57202754    -62.76575743       1       0       5
   12     12.88555842     -3.39631362    -62.76575743       2       0      12
   13     16.83347812    -12.25364408    -62.76576042       3       0       9
   14      7.68136946    -19.75734158    -62.76576042      10       0       3
   15      0.84094109    -60.50927629    -62.76576042       4       0       1
   16      0.56286530    -60.50927676    -62.76576042       3       0       1
   17     16.86720861     -3.17020923    -62.76576042       1       0      12
   18      9.85877215    -19.75734158    -62.76576042       5       0       5
   19      6.50213755    -26.38677361    -62.76576001       2       0       4
   20      1.06371543    -60.50927927    -62.76575743       3       0       7
   21      0.99785376    -60.50927676    -62.76575743       4       0       2
   22      0.84094141    -60.50927676    -62.76575743       4       0       3
   23     10.30479770     -5.11104215    -62.76575743       4       0      11
   24      0.95438517    -60.50927629    -62.76575743       2       0       4
   25      7.68914566    -19.75732722    -62.76576001       4       0       6
   26      7.70801444    -19.75734158    -62.76575743       5       0       4
   27      7.70801459    -19.75734047    -62.76575743       3       0       4
   28      8.83830919    -13.50263671    -62.76575743       3       0       6
   29      6.55158842    -26.24676947    -62.76575743       2       0       8
   30      7.71690755    -19.75732722    -62.76575743       3       0       4
----------------------------------------------------------------------------------
Artificial Bee Colony Optimization Finished!

 -- Results Report --
 * 3 LMs will be saved in [ calc-LM ].
      #          Energy      Match-RMSD
      0    -62.76576042      0.00000000
      1    -60.50927629      1.82741440
      2    -34.09518710      0.72747370

 * Final Global Minimal Energy:    -62.76576001
 * The Global Minimum is saved as: [ calc-OPT.(cluster/xyz/gjf) ]

===== (^ _ ^) =====
Normal termination at Thu Apr 18 11:58:47 2024.
Total run time: 1 seconds = 0 days 0 hours 0 minutes 1 seconds.
