       * * * * * * * * * * * * * * * * * *            
      *       ____   _____ _           _   *          
     *  /\   |  _ \ / ____| |         | |  * * * * *  
    *  /  \  | |_) | |    | |_   _ ___| |_ ___ _ __  *
   *  / /\ \ |  _ <| |    | | | | / __| __/ _ \ '__| *
  *  / ____ \| |_) | |____| | |_| \__ \ ||  __/ |  *  
  * /_/    \_\____/ \_____|_|\__,_|___/\__\___|_|  *  
  *                                                *  
  * * * * * * * * * * * * * * * * * * * * * * * * *   

geom 3.3 (Release)
Commit:         5d0862dac73fc4a98bddf8c08b05fe5dec8b455e
Specific flag:  official version
Platform:       LINUX/UNIX
Compiled by:    zhangjun@SZBL-Precision-7920-Tower
Compiling date: Jan  9 2024 16:04:00
C++ compiler:   icpc (ICC) 2021.4.0 20210910
C++ options:    -O2 -Os -fno-exceptions -std=c++11 -fopenmp -fno-finite-math-only  -Wall 

Contributors:
 * Jun Zhang(Shenzhen Bay Laboratory): Design and coding.


For any suggestions, comments, and questions on the theory and
implementation of geom, please feel free to contact:

Dr. Jun Zhang, zhangjun@szbl.ac.cn

If you used this program in your work, please cite these references:
 * Zhang, J.; Dolg, M.; ABCluster: the artificial bee colony algorithm for cluster global optimization. Phys. Chem. Chem. Phys., 2015, 17, 24173
 * Zhang, J.; Dolg, M.; Global optimization of clusters of rigid molecules using the artificial bee colony algorithm. Phys. Chem. Chem. Phys., 2016, 18, 3003

Program starts at Fri Apr 19 13:26:02 2024.
Command line: " /home/kubeckaj/Applications/ABCluster-3.3pre-Linux//geom calc.inp "
Process ID:   15125
Run by:       kubeckaj@s81n23.grendel.cscaa.dk
Current working directory:         /home/kubeckaj/TUTORIAL/LECTURE_3/TASK_10/SYS_1slab_3w/ABC_XTB/ABC_XTB_3_1_3/
Absolute directory of the program: /home/kubeckaj/Applications/ABCluster-3.3pre-Linux/
Available CPU cores: 24
CUDA acceleration is disabled.

 -- Basic Control --
Input file name:         calc.inp
Minimum files directory: calc-LM
# of calculations:       10
Do coarse optimization:  Yes
Minimum energy gap:      1.000E-05
"use_CUDA" is set to:    Yes

 -- Internal CHARMM Force Field --
Not used.

 -- xTB Settings --
 * Option "--chrg": 0
 * Option "--uhf":  0
 * Option "--gfn":  1
 * Option "--alpb": Unused
 * Intermediate output of xTB calculations can be found in *-xTB.log.

 -- Output Format --
The optimized clusters will be saved to the following formats:
 * XYZ (.xyz)

 -- Cluster Components --
-------------------------------------------------------------------
  # Molecule                        #mols #atoms
-------------------------------------------------------------------
  1 /home/georgbt/Pyruvic_acid/ABC_geom_surfaces/NaCl_W/slabs_1000_gen/1slab_3w/1slab_3w_slab_6_6_2/slab_B97-3c/calc-LM/slab.xyz      1     72
    Put center at (0.000,0.000,-2.800) and rotate (0.000,0.000,0.000).
    Flexible degrees of freedom:
     None, fully rigid.
  2 /home/georgbt/Pyruvic_acid/ABC_geom_surfaces/NaCl_W/SYS_1w/water_B97-3c/calc-LM/1w-1_1_0.xyz      3      3
    Put randomly in the region (-2.500,-2.500,0.000)-(2.500,2.500,2.500).
    Flexible degrees of freedom:
     None, fully rigid.
-------------------------------------------------------------------
  Total number of components: 2
  Total number of molecules:  4
  Total number of atoms:      81
-------------------------------------------------------------------

 -- Local Optimization Commands --
xTB will be used to optimize clusters.
Please cite:
 * General reference to xTB: WIREs Comput. Mol. Sci., 2020, 11, e01493
 * GFN-FF:   Angew.Chem.Int.Ed.2020,59,15665-15673
 * xTB-GFN0: https://chemrxiv.org/engage/chemrxiv/article-details/60c742abbdbb890c7ba3851a
 * xTB-GFN1: J. Chem. Theory Comput., 2017, 13, 1989-2009
 * xTB-GFN2: J. Chem. Theory Comput., 2019, 15, 1652-1671
Energy unit:                     Hartree
The maximum number of iteration: Unlimited (May be overwritten by external programs)

 -- Restart --
No restart is called in this run.
Restart information will be appended to "calc-LM/restart".

 -- Global Optimization --
All optimized structures will be saved to "calc-LM".
10 structure optimizations will be carried out.
Coarse optimization will be applied for each guess.
-------------------------------------------------------------------
  Step               Energy         Time(s)   Way  State
-------------------------------------------------------------------
     0        -185.43757533         162.223    SC  Succeed
     1        -185.43761766         241.440    SC  Succeed
     2        -185.43374917         141.372    SC  Succeed
     3        -185.43203219         120.047    SC  Succeed
     4        -185.43957763         279.992    SC  Succeed
     5        -185.44040329         220.469    SC  Succeed
     6        -185.43672603         132.310    OL  Succeed
     7        -185.43429885         214.063    OL  Succeed
     8        -185.43724513         222.341    EM  Succeed
     9        -185.43370705         127.854    EM  Succeed
-------------------------------------------------------------------

 -- Result Report --
Results are energy-increasingly reordered.
Structures of energies within 1.000E-05 are treated as degenerate.
All minima are saved to "calc-LM".
-------------------------------------------------------------------
     #  Index               Energy            NaiveRMSD
-------------------------------------------------------------------
     0      5        -185.44040329           0.00000000
     1      4        -185.43957763           1.21994130
     2      1        -185.43761766           1.36141169
     3      0        -185.43757533           1.42215720
     4      8        -185.43724513           1.16208370
     5      6        -185.43672603           3.66649959
     6      7        -185.43429885           1.76544800
     7      2        -185.43374917           3.88710527
     8      9        -185.43370705           3.67739649
     9      3        -185.43203219           1.79655228
-------------------------------------------------------------------


===== (^ _ ^) =====
Normal termination at Fri Apr 19 13:57:04 2024.
Total run time: 1862.175 seconds = 0 days 0 hours 31 minutes 2 seconds 175.0 milliseconds.
