                                                      
       * * * * * * * * * * * * * * * * * *            
      *       ____   _____ _           _   *          
     *  /\   |  _ \ / ____| |         | |  * * * * *  
    *  /  \  | |_) | |    | |_   _ ___| |_ ___ _ __  *
   *  / /\ \ |  _ <| |    | | | | / __| __/ _ \ '__| *
  *  / ____ \| |_) | |____| | |_| \__ \ ||  __/ |  *  
  * /_/    \_\____/ \_____|_|\__,_|___/\__\___|_|  *  
  *                                                *  
  * * * * * * * * * * * * * * * * * * * * * * * * *   
                                                      

rigidmol 3.2
Specific flag:  official version
Platform:       LINUX/UNIX
Compiled by:    zhangjun@SZBL-Precision-7920-Tower
Compiling date: Apr  6 2024 09:19:20
C++ compiler:   g++ (Ubuntu 9.3.0-17ubuntu1~20.04) 9.3.0
C++ options:    -O2 -Os -fno-exceptions --std=c++11 -fopenmp -static-libstdc++ -static-libgcc  -static -Wl,--whole-archive -lpthread -Wl,--no-whole-archive  

Contributors:
Jun Zhang(Shenzhen Bay Laboratory): Design and coding.

For any suggestions, comments, and questions on the theory and
implementation of rigidmol, please feel free to contact:

Dr. Jun Zhang, zhangjun@szbl.ac.cn

If you used this program in your work, please cite these references:

[1] Zhang, J.; Dolg, M.; ABCluster: The Artificial Bee Colony Algorithm for
    Cluster Global Optimization. Phys. Chem. Chem. Phys. 2015, 17, 24173-24181.
[2] Zhang, J.; Dolg, M.; Global Optimization of Clusters of Rigid Molecules by the
    Artificial Bee Colony Algorithm. Phys. Chem. Chem. Phys. 2016, 18, 3003-3010.

Program starts at Thu Apr 18 12:01:48 2024.
Command line: " /home/kubeckaj/Applications/ABCluster-3.3pre-Linux//rigidmol calc.inp "
Process ID:   2704692
Run by:       kubeckaj@s51n10.grendel.cscaa.dk
Available CPU cores:    64
Read "OMP_NUM_THREADS": 1

Random number testing (integers): 841036181...504502827
Random number testing (fractals): 0.59956836...0.98440367

 -- Input/Output Parameters --
Input file name:      calc.inp
Cluster file name:    calc.cluster
Result file name:     calc.(cluster/xyz/gjf)
Temporary file name:  abclusterkubeckajs51n10.grendel.cscaa.dk2704692-OPT
# of saved LMs:       3
LMs are stored in:    calc-LM

 -- ABC Control Parameters --
Population size:                   30
Maximal generation:                30
Scout limit:                        4
Amplitude:                11.00000000

 -- Cluster Components: from [ calc.cluster ] --
 -----------------------------------------------------------
   Source                                       #
 -----------------------------------------------------------
   /home/kubeckaj/Applications/JKCS2.1/JKCSx/../TOOLS/STRUCTURES/JACOB/h2so4_cis.xyz     2
   /home/kubeckaj/Applications/JKCS2.1/JKCSx/../TOOLS/STRUCTURES/ABC/nh3.xyz     2
 -----------------------------------------------------------
   External electric field:        0.000000 Volt/Angstrom
 -----------------------------------------------------------

Artificial Bee Colony Optimization Starts!
----------------------------------------------------------------------------------
 * Population: 30; Maximal cycles: 30
 * EM = Employed Bee; Trigonometric mutation
 * OL = Onlooker Bee; ABC/best/2(0.5)+ABC/current/2(0.5);
        Tournament selection from 5 nectars.
 * SC = Scout Bee; Random nectar; Limit = 4
----------------------------------------------------------------------------------
    #       Diversity            maxE            minE    byEM    byOL    bySC
----------------------------------------------------------------------------------
    1     25.36603581   -156.10334735   -250.89198765      14       4       0
    2     20.29933843   -175.81697715   -250.89198765      13       5       0
    3     18.41929992   -189.60554642   -250.89198765       6       1       0
    4     18.73496373   -195.89983946   -253.68463946       7       3       0
    5     17.60679587   -196.01956799   -253.68464004       7       1       0
    6     29.96637333    -94.19227791   -253.68464004       2       3       1
    7     46.39889349    -15.70753997   -253.68464004       2       1       6
    8     44.05429402    -63.18333333   -253.68464004       3       1      10
    9     35.91269617   -102.83617165   -253.68463945       9       1       8
   10     27.03303830   -147.56650894   -253.68464757      11       2       3
   11     20.66538274   -185.07370454   -253.68464757      11       1       1
   12     20.02142877   -188.50742159   -253.68464757       5       3       1
   13     20.69194059   -185.12055500   -253.68463946       7       1       3
   14     21.99202760   -162.07400008   -253.68463946       4       2       5
   15     29.82197392   -123.64142041   -253.68463945       7       1      10
   16     30.37277266   -123.64142041   -253.68464004       6       1       2
   17     27.47542341   -152.84130549   -253.68464004       6       1       6
   18     25.27133433   -158.23150270   -253.68463946       6       3       3
   19     26.70714178   -158.23150270   -253.68464004       4       2       4
   20     46.74429221    -24.59063829   -253.68464004       7       3       4
   21     29.08334169   -142.48279289   -253.68464757       6       0       7
   22     26.15891889   -149.51394332   -253.68463946       9       1       5
   23     48.41265661    -41.45450397   -253.68463945       5       1       4
   24     45.28176688    -35.37379081   -253.68463945       9       2       3
   25     19.00437359   -186.28188047   -253.68463945      10       1       2
   26     42.20781356    -19.91448291   -253.68463945       5       3       4
   27     30.27896495   -114.17693188   -253.68463945       7       3       6
   28     29.68867404   -113.45306379   -253.68463945       7       0       6
   29     29.60505901   -113.45306379   -253.68463946       8       2       3
   30     42.80254198    -14.71001787   -253.68463946       9       0       2
----------------------------------------------------------------------------------
Artificial Bee Colony Optimization Finished!

 -- Results Report --
 * 3 LMs will be saved in [ calc-LM ].
      #          Energy      Match-RMSD
      0   -253.68463946      0.00000000
      1   -250.89198603      2.22230142
      2   -250.89197223      2.22613636

 * Final Global Minimal Energy:   -253.68463946
 * The Global Minimum is saved as: [ calc-OPT.(cluster/xyz/gjf) ]

===== (^ _ ^) =====
Normal termination at Thu Apr 18 12:01:51 2024.
Total run time: 3 seconds = 0 days 0 hours 0 minutes 3 seconds.
