                                                      
       * * * * * * * * * * * * * * * * * *            
      *       ____   _____ _           _   *          
     *  /\   |  _ \ / ____| |         | |  * * * * *  
    *  /  \  | |_) | |    | |_   _ ___| |_ ___ _ __  *
   *  / /\ \ |  _ <| |    | | | | / __| __/ _ \ '__| *
  *  / ____ \| |_) | |____| | |_| \__ \ ||  __/ |  *  
  * /_/    \_\____/ \_____|_|\__,_|___/\__\___|_|  *  
  *                                                *  
  * * * * * * * * * * * * * * * * * * * * * * * * *   
                                                      

rigidmol 3.2
Specific flag:  official version
Platform:       LINUX/UNIX
Compiled by:    zhangjun@SZBL-Precision-7920-Tower
Compiling date: Apr  6 2024 09:19:20
C++ compiler:   g++ (Ubuntu 9.3.0-17ubuntu1~20.04) 9.3.0
C++ options:    -O2 -Os -fno-exceptions --std=c++11 -fopenmp -static-libstdc++ -static-libgcc  -static -Wl,--whole-archive -lpthread -Wl,--no-whole-archive  

Contributors:
Jun Zhang(Shenzhen Bay Laboratory): Design and coding.

For any suggestions, comments, and questions on the theory and
implementation of rigidmol, please feel free to contact:

Dr. Jun Zhang, zhangjun@szbl.ac.cn

If you used this program in your work, please cite these references:

[1] Zhang, J.; Dolg, M.; ABCluster: The Artificial Bee Colony Algorithm for
    Cluster Global Optimization. Phys. Chem. Chem. Phys. 2015, 17, 24173-24181.
[2] Zhang, J.; Dolg, M.; Global Optimization of Clusters of Rigid Molecules by the
    Artificial Bee Colony Algorithm. Phys. Chem. Chem. Phys. 2016, 18, 3003-3010.

Program starts at Thu Apr 18 11:58:46 2024.
Command line: " /home/kubeckaj/Applications/ABCluster-3.3pre-Linux//rigidmol calc.inp "
Process ID:   897401
Run by:       kubeckaj@s52n14.grendel.cscaa.dk
Available CPU cores:    64
Read "OMP_NUM_THREADS": 1

Random number testing (integers): 1524804241...1093741440
Random number testing (fractals): 0.25620321...0.68347092

 -- Input/Output Parameters --
Input file name:      calc.inp
Cluster file name:    calc.cluster
Result file name:     calc.(cluster/xyz/gjf)
Temporary file name:  abclusterkubeckajs52n14.grendel.cscaa.dk897401-OPT
# of saved LMs:       3
LMs are stored in:    calc-LM

 -- ABC Control Parameters --
Population size:                   30
Maximal generation:                30
Scout limit:                        4
Amplitude:                 9.00000000

 -- Cluster Components: from [ calc.cluster ] --
 -----------------------------------------------------------
   Source                                       #
 -----------------------------------------------------------
   /home/kubeckaj/Applications/JKCS2.1/JKCSx/../TOOLS/STRUCTURES/JACOB/sa.xyz     1
   /home/kubeckaj/Applications/JKCS2.1/JKCSx/../TOOLS/STRUCTURES/ABC/nh3.xyz     1
 -----------------------------------------------------------
   External electric field:        0.000000 Volt/Angstrom
 -----------------------------------------------------------

Artificial Bee Colony Optimization Starts!
----------------------------------------------------------------------------------
 * Population: 30; Maximal cycles: 30
 * EM = Employed Bee; Trigonometric mutation
 * OL = Onlooker Bee; ABC/best/2(0.5)+ABC/current/2(0.5);
        Tournament selection from 5 nectars.
 * SC = Scout Bee; Random nectar; Limit = 4
----------------------------------------------------------------------------------
    #       Diversity            maxE            minE    byEM    byOL    bySC
----------------------------------------------------------------------------------
    1      0.18665807    -19.60591125    -20.35737500      13       0       0
    2      0.00191642    -20.35222983    -20.35737500       5       0       0
    3      0.00154313    -20.35222983    -20.35737500       2       0       0
    4      0.00128335    -20.35222983    -20.35737500       1       0       0
    5      0.00092423    -20.35222236    -20.35737500       1       0       0
    6      3.32978619     -8.24977514    -20.35737500       1       0      10
    7      5.40906013     -2.39186300    -20.35736642       5       0      18
    8      1.86155625    -12.75246876    -20.35736642       8       0       1
    9      0.00154205    -20.35223094    -20.35736642       7       0       1
   10      0.00092257    -20.35223095    -20.35736642       2       0       0
   11      0.13486107    -19.60591824    -20.35736642       1       0       4
   12      0.45361765    -18.00123350    -20.35737388       2       0      13
   13      3.84017259     -5.17843287    -20.35737500       7       0       6
   14      2.82500611     -4.61014045    -20.35737500       6       0       7
   15      0.13408363    -19.60976446    -20.35736643       6       0       0
   16      0.13408358    -19.60976446    -20.35736643       1       0       2
   17      3.90101038     -7.17849229    -20.35736643       3       0       8
   18      0.13468589    -19.60591125    -20.35736643       6       0       5
   19      2.81449735     -6.55381154    -20.35737500       5       0       8
   20      1.59291864    -11.48802715    -20.35737388       3       0       6
   21      0.00174834    -20.35223095    -20.35737388       7       0       1
   22      0.00128243    -20.35223095    -20.35737388       2       0       4
   23      0.00154216    -20.35222982    -20.35736642       1       0       6
   24      3.36060622     -2.22967605    -20.35736642       0       0       8
   25      3.31507521     -4.37167331    -20.35736643       4       0       7
   26      3.04425790     -3.39770591    -20.35736642       4       0       3
   27      0.18630949    -19.60977146    -20.35737500       4       0       6
   28      1.66673178    -11.07171303    -20.35736642       6       0       3
   29      0.74479020    -16.20702574    -20.35736642       2       0       7
   30      1.31209978    -13.07603873    -20.35736642       3       0       7
----------------------------------------------------------------------------------
Artificial Bee Colony Optimization Finished!

 -- Results Report --
 * 3 LMs will be saved in [ calc-LM ].
      #          Energy      Match-RMSD
      0    -20.35736641      0.00000000
      1    -20.35222237      1.33890890
      2    -19.60977146      1.01525070

 * Final Global Minimal Energy:    -20.35737500
 * The Global Minimum is saved as: [ calc-OPT.(cluster/xyz/gjf) ]

===== (^ _ ^) =====
Normal termination at Thu Apr 18 11:58:47 2024.
Total run time: 1 seconds = 0 days 0 hours 0 minutes 1 seconds.
