 
       ==============================================
       |                                            |
       |                 C R E S T                  |
       |                                            |
       |  Conformer-Rotamer Ensemble Sampling Tool  |
       |          based on the GFN methods          |
       |             P.Pracht, S.Grimme             |
       |          Universitaet Bonn, MCTC           |
       ==============================================
       Version 2.12,   Thu 19. Mai 16:32:32 CEST 2022
  Using the xTB program. Compatible with xTB version 6.4.0
 
   Cite work conducted with this code as

   • P.Pracht, F.Bohle, S.Grimme, PCCP, 2020, 22, 7169-7192.
   • S.Grimme, JCTC, 2019, 15, 2847-2862.

   and for works involving QCG as

   • S.Spicher, C.Plett, P.Pracht, A.Hansen, S.Grimme,
     JCTC, 2022, 18 (5), 3174-3189.
 
   with help from:
   C.Bannwarth, F.Bohle, S.Ehlert, S.Grimme,
   C.Plett, P.Pracht, S.Spicher
 
   This program is distributed in the hope that it will be useful,
   but WITHOUT ANY WARRANTY; without even the implied warranty of
   MERCHANTABILITY or FITNESS FOR A PARTICULAR PURPOSE.

 Command line input:
 > /home/kubeckaj/Applications/crest//crest calc.xyz --gfn 2 --noreftopo --T 8 --chrg 0 --uhf 0

  -gfn2 : Use of GFN2-xTB requested.
  --T 8 (CPUs/Threads selected)
  --chrg 0
  --uhf 0
 
 -------------------------
 xTB Geometry Optimization
 -------------------------
 Geometry successfully optimized.
 
------------------------------------------------
Generating MTD length from a flexibility measure
------------------------------------------------
 Calculating WBOs... done.
 Calculating NCI flexibility... done.
     covalent flexibility measure :   0.389
 non-covalent flexibility measure :   0.747
 flexibility measure :   0.427
 t(MTD) / ps    :     6.0
 Σ(t(MTD)) / ps :    84.0 (14 MTDs)
 
-------------------------------------
Starting a trial MTD to test settings
-------------------------------------
 Estimated runtime for one MTD (6.0 ps) on a single thread: 1 min 21 sec
 Estimated runtime for a batch of 14 MTDs on 8 threads: 2 min 42 sec
 
 list of Vbias parameters applied:
$metadyn    0.00300   1.300
$metadyn    0.00150   1.300
$metadyn    0.00075   1.300
$metadyn    0.00300   0.780
$metadyn    0.00150   0.780
$metadyn    0.00075   0.780
$metadyn    0.00300   0.468
$metadyn    0.00150   0.468
$metadyn    0.00075   0.468
$metadyn    0.00300   0.281
$metadyn    0.00150   0.281
$metadyn    0.00075   0.281
$metadyn    0.00100   0.100
$metadyn    0.00500   0.800
 
*******************************************************************************************
**                        N E W    I T E R A T I O N    C Y C L E                        **
*******************************************************************************************
 
========================================
            MTD Iteration  1
========================================
 
     ========================================
     |         Meta-MD (MTD) Sampling       |
     ========================================
 
Starting Meta-MD   7 with the settings:
     MD time /ps        :     6.0
     dt /fs             :     5.0
     dumpstep(trj) /fs  :     100
     dumpstep(Vbias)/ps :     1.0
     Vbias factor k /Eh :  0.0780
     Vbias exp α /bohr⁻²:    0.47
Starting Meta-MD  14 with the settings:
     MD time /ps        :     6.0
     dt /fs             :     5.0
     dumpstep(trj) /fs  :     100
     dumpstep(Vbias)/ps :     1.0
     Vbias factor k /Eh :  0.1300
     Vbias exp α /bohr⁻²:    0.80
Starting Meta-MD   1 with the settings:
     MD time /ps        :     6.0
     dt /fs             :     5.0
     dumpstep(trj) /fs  :     100
     dumpstep(Vbias)/ps :     1.0
     Vbias factor k /Eh :  0.0780
     Vbias exp α /bohr⁻²:    1.30
Starting Meta-MD   5 with the settings:
     MD time /ps        :     6.0
     dt /fs             :     5.0
     dumpstep(trj) /fs  :     100
     dumpstep(Vbias)/ps :     1.0
     Vbias factor k /Eh :  0.0390
     Vbias exp α /bohr⁻²:    0.78
Starting Meta-MD   4 with the settings:
     MD time /ps        :     6.0
     dt /fs             :     5.0
     dumpstep(trj) /fs  :     100
     dumpstep(Vbias)/ps :     1.0
     Vbias factor k /Eh :  0.0780
     Vbias exp α /bohr⁻²:    0.78
Starting Meta-MD   2 with the settings:
     MD time /ps        :     6.0
     dt /fs             :     5.0
     dumpstep(trj) /fs  :     100
     dumpstep(Vbias)/ps :     1.0
     Vbias factor k /Eh :  0.0390
     Vbias exp α /bohr⁻²:    1.30
Starting Meta-MD   6 with the settings:
     MD time /ps        :     6.0
     dt /fs             :     5.0
     dumpstep(trj) /fs  :     100
     dumpstep(Vbias)/ps :     1.0
     Vbias factor k /Eh :  0.0195
     Vbias exp α /bohr⁻²:    0.78
Starting Meta-MD   3 with the settings:
     MD time /ps        :     6.0
     dt /fs             :     5.0
     dumpstep(trj) /fs  :     100
     dumpstep(Vbias)/ps :     1.0
     Vbias factor k /Eh :  0.0195
     Vbias exp α /bohr⁻²:    1.30
*Meta-MTD 1 finished*
Starting Meta-MD   8 with the settings:
     MD time /ps        :     6.0
     dt /fs             :     5.0
     dumpstep(trj) /fs  :     100
     dumpstep(Vbias)/ps :     1.0
     Vbias factor k /Eh :  0.0390
     Vbias exp α /bohr⁻²:    0.47
*Meta-MTD 4 finished*
Starting Meta-MD   9 with the settings:
     MD time /ps        :     6.0
     dt /fs             :     5.0
     dumpstep(trj) /fs  :     100
     dumpstep(Vbias)/ps :     1.0
     Vbias factor k /Eh :  0.0195
     Vbias exp α /bohr⁻²:    0.47
*Meta-MTD 3 finished*
Starting Meta-MD  10 with the settings:
     MD time /ps        :     6.0
     dt /fs             :     5.0
     dumpstep(trj) /fs  :     100
     dumpstep(Vbias)/ps :     1.0
     Vbias factor k /Eh :  0.0780
     Vbias exp α /bohr⁻²:    0.28
*Meta-MTD 6 finished*
Starting Meta-MD  11 with the settings:
     MD time /ps        :     6.0
     dt /fs             :     5.0
     dumpstep(trj) /fs  :     100
     dumpstep(Vbias)/ps :     1.0
     Vbias factor k /Eh :  0.0390
     Vbias exp α /bohr⁻²:    0.28
*Meta-MTD 7 finished*
Starting Meta-MD  12 with the settings:
     MD time /ps        :     6.0
     dt /fs             :     5.0
     dumpstep(trj) /fs  :     100
     dumpstep(Vbias)/ps :     1.0
     Vbias factor k /Eh :  0.0195
     Vbias exp α /bohr⁻²:    0.28
*Meta-MTD 14 finished*
Starting Meta-MD  13 with the settings:
     MD time /ps        :     6.0
     dt /fs             :     5.0
     dumpstep(trj) /fs  :     100
     dumpstep(Vbias)/ps :     1.0
     Vbias factor k /Eh :  0.0260
     Vbias exp α /bohr⁻²:    0.10
*Meta-MTD 2 finished*
*Meta-MTD 5 finished*
*Meta-MTD 8 finished*
*Meta-MTD 11 finished*
*Meta-MTD 10 finished*
*Meta-MTD 12 finished*
*Meta-MTD 9 finished*
*Meta-MTD 13 finished*
 
-----------------------
Multilevel Optimization
-----------------------
 
 -------------------------
 1. crude pre-optimization
 -------------------------
 Optimizing all 826 structures from file "crest_rotamers_0.xyz" ...
 1 2 3 4 5 6 7 8 9 10 11 12 13 14 15 16 17 18 19 20 21 22 23 24 25 26 27 28 29 30 31 32 33 34 35 36 37 38 39 40 41 42 43 44 45 46 47 48 49 50 51 52 53 54 55 56 57 58 59 60 61 62 63 64 65 66 67 68 69 70 71 72 73 74 75 76 77 78 79 80 81 82 83 84 85 86 87 88 89 90 91 92 93 94 95 96 97 98 99 100 101 102 103 104 105 106 107 108 109 110 111 112 113 114 115 116 117 118 119 120 121 122 123 124 125 126 127 128 129 130 131 132 133 134 135 136 137 138 139 140 141 142 143 144 145 146 147 148 149 150 151 152 153 154 155 156 157 158 159 160 161 162 163 164 165 166 167 168 169 170 171 172 173 174 175 176 177 178 179 180 181 182 183 184 185 186 187 188 189 190 191 192 193 194 195 196 197 198 199 200 201 202 203 204 205 206 207 208 209 210 211 212 213 214 215 216 217 218 219 220 221 222 223 224 225 226 227 228 229 230 231 232 233 234 235 236 237 238 239 240 241 242 243 244 245 246 247 248 249 250 251 252 253 254 255 256 257 258 259 260 261 262 263 264 265 266 267 268 269 270 271 272 273 274 275 276 277 278 279 280 281 282 283 284 285 286 287 288 289 290 291 292 293 294 295 296 297 298 299 300 301 302 303 304 305 306 307 308 309 310 311 312 313 314 315 316 317 318 319 320 321 322 323 324 325 326 327 328 329 330 331 332 333 334 335 336 337 338 339 340 341 342 343 344 345 346 347 348 349 350 351 352 353 354 355 356 357 358 359 360 361 362 363 364 365 366 367 368 369 370 371 372 373 374 375 376 377 378 379 380 381 382 383 384 385 386 387 388 389 390 391 392 393 394 395 396 397 398 399 400 401 402 403 404 405 406 407 408 409 410 411 412 413 414 415 416 417 418 419 420 421 422 423 424 425 426 427 428 429 430 431 432 433 434 435 436 437 438 439 440 441 442 443 444 445 446 447 448 449 450 451 452 453 454 455 456 457 458 459 460 461 462 463 464 465 466 467 468 469 470 471 472 473 474 475 476 477 478 479 480 481 482 483 484 485 486 487 488 489 490 491 492 493 494 495 496 497 498 499 500 501 502 503 504 505 506 507 508 509 510 511 512 513 514 515 516 517 518 519 520 521 522 523 524 525 526 527 528 529 530 531 532 533 534 535 536 537 538 539 540 541 542 543 544 545 546 547 548 549 550 551 552 553 554 555 556 557 558 559 560 561 562 563 564 565 566 567 568 569 570 571 572 573 574 575 576 577 578 579 580 581 582 583 584 585 586 587 588 589 590 591 592 593 594 595 596 597 598 599 600 601 602 603 604 605 606 607 608 609 610 611 612 613 614 615 616 617 618 619 620 621 622 623 624 625 626 627 628 629 630 631 632 633 634 635 636 637 638 639 640 641 642 643 644 645 646 647 648 649 650 651 652 653 654 655 656 657 658 659 660 661 662 663 664 665 666 667 668 669 670 671 672 673 674 675 676 677 678 679 680 681 682 683 684 685 686 687 688 689 690 691 692 693 694 695 696 697 698 699 700 701 702 703 704 705 706 707 708 709 710 711 712 713 714 715 716 717 718 719 720 721 722 723 724 725 726 727 728 729 730 731 732 733 734 735 736 737 738 739 740 741 742 743 744 745 746 747 748 749 750 751 752 753 754 755 756 757 758 759 760 761 762 763 764 765 766 767 768 769 770 771 772 773 774 775 776 777 778 779 780 781 782 783 784 785 786 787 788 789 790 791 792 793 794 795 796 797 798 799 800 801 802 803 804 805 806 807 808 809 810 811 812 813 814 815 816 817 818 819 820 821 822 823 824 825 826
 done.
 running RMSDs...
 done.
 E lowest :   -47.69794
 783 structures remain within    12.00 kcal/mol window
 
 -------------------------------------
 2. optimization with tight thresholds
 -------------------------------------
 Optimizing all 784 structures from file "crest_rotamers_1.xyz" ...
 1 2 3 4 5 6 7 8 9 10 11 12 13 14 15 16 17 18 19 20 21 22 23 24 25 26 27 28 29 30 31 32 33 34 35 36 37 38 39 40 41 42 43 44 45 46 47 48 49 50 51 52 53 54 55 56 57 58 59 60 61 62 63 64 65 66 67 68 69 70 71 72 73 74 75 76 77 78 79 80 81 82 83 84 85 86 87 88 89 90 91 92 93 94 95 96 97 98 99 100 101 102 103 104 105 106 107 108 109 110 111 112 113 114 115 116 117 118 119 120 121 122 123 124 125 126 127 128 129 130 131 132 133 134 135 136 137 138 139 140 141 142 143 144 145 146 147 148 149 150 151 152 153 154 155 156 157 158 159 160 161 162 163 164 165 166 167 168 169 170 171 172 173 174 175 176 177 178 179 180 181 182 183 184 185 186 187 188 189 190 191 192 193 194 195 196 197 198 199 200 201 202 203 204 205 206 207 208 209 210 211 212 213 214 215 216 217 218 219 220 221 222 223 224 225 226 227 228 229 230 231 232 233 234 235 236 237 238 239 240 241 242 243 244 245 246 247 248 249 250 251 252 253 254 255 256 257 258 259 260 261 262 263 264 265 266 267 268 269 270 271 272 273 274 275 276 277 278 279 280 281 282 283 284 285 286 287 288 289 290 291 292 293 294 295 296 297 298 299 300 301 302 303 304 305 306 307 308 309 310 311 312 313 314 315 316 317 318 319 320 321 322 323 324 325 326 327 328 329 330 331 332 333 334 335 336 337 338 339 340 341 342 343 344 345 346 347 348 349 350 351 352 353 354 355 356 357 358 359 360 361 362 363 364 365 366 367 368 369 370 371 372 373 374 375 376 377 378 379 380 381 382 383 384 385 386 387 388 389 390 391 392 393 394 395 396 397 398 399 400 401 402 403 404 405 406 407 408 409 410 411 412 413 414 415 416 417 418 419 420 421 422 423 424 425 426 427 428 429 430 431 432 433 434 435 436 437 438 439 440 441 442 443 444 445 446 447 448 449 450 451 452 453 454 455 456 457 458 459 460 461 462 463 464 465 466 467 468 469 470 471 472 473 474 475 476 477 478 479 480 481 482 483 484 485 486 487 488 489 490 491 492 493 494 495 496 497 498 499 500 501 502 503 504 505 506 507 508 509 510 511 512 513 514 515 516 517 518 519 520 521 522 523 524 525 526 527 528 529 530 531 532 533 534 535 536 537 538 539 540 541 542 543 544 545 546 547 548 549 550 551 552 553 554 555 556 557 558 559 560 561 562 563 564 565 566 567 568 569 570 571 572 573 574 575 576 577 578 579 580 581 582 583 584 585 586 587 588 589 590 591 592 593 594 595 596 597 598 599 600 601 602 603 604 605 606 607 608 609 610 611 612 613 614 615 616 617 618 619 620 621 622 623 624 625 626 627 628 629 630 631 632 633 634 635 636 637 638 639 640 641 642 643 644 645 646 647 648 649 650 651 652 653 654 655 656 657 658 659 660 661 662 663 664 665 666 667 668 669 670 671 672 673 674 675 676 677 678 679 680 681 682 683 684 685 686 687 688 689 690 691 692 693 694 695 696 697 698 699 700 701 702 703 704 705 706 707 708 709 710 711 712 713 714 715 716 717 718 719 720 721 722 723 724 725 726 727 728 729 730 731 732 733 734 735 736 737 738 739 740 741 742 743 744 745 746 747 748 749 750 751 752 753 754 755 756 757 758 759 760 761 762 763 764 765 766 767 768 769 770 771 772 773 774 775 776 777 778 779 780 781 782 783 784
 done.
 running RMSDs...
 done.
 E lowest :   -47.69832
 249 structures remain within     6.00 kcal/mol window
 
 
========================================
            MTD Iteration  2
========================================
 
     ========================================
     |         Meta-MD (MTD) Sampling       |
     ========================================
 
Starting Meta-MD   1 with the settings:
     MD time /ps        :     6.0
     dt /fs             :     5.0
     dumpstep(trj) /fs  :     100
     dumpstep(Vbias)/ps :     1.0
     Vbias factor k /Eh :  0.0780
     Vbias exp α /bohr⁻²:    1.30
Starting Meta-MD   3 with the settings:
     MD time /ps        :     6.0
     dt /fs             :     5.0
     dumpstep(trj) /fs  :     100
     dumpstep(Vbias)/ps :     1.0
     Vbias factor k /Eh :  0.0195
     Vbias exp α /bohr⁻²:    1.30
Starting Meta-MD   2 with the settings:
     MD time /ps        :     6.0
     dt /fs             :     5.0
     dumpstep(trj) /fs  :     100
     dumpstep(Vbias)/ps :     1.0
     Vbias factor k /Eh :  0.0390
     Vbias exp α /bohr⁻²:    1.30
Starting Meta-MD   4 with the settings:
     MD time /ps        :     6.0
     dt /fs             :     5.0
     dumpstep(trj) /fs  :     100
     dumpstep(Vbias)/ps :     1.0
     Vbias factor k /Eh :  0.0780
     Vbias exp α /bohr⁻²:    0.78
Starting Meta-MD   5 with the settings:
     MD time /ps        :     6.0
     dt /fs             :     5.0
     dumpstep(trj) /fs  :     100
     dumpstep(Vbias)/ps :     1.0
     Vbias factor k /Eh :  0.0390
     Vbias exp α /bohr⁻²:    0.78
Starting Meta-MD   6 with the settings:
     MD time /ps        :     6.0
     dt /fs             :     5.0
     dumpstep(trj) /fs  :     100
     dumpstep(Vbias)/ps :     1.0
     Vbias factor k /Eh :  0.0195
     Vbias exp α /bohr⁻²:    0.78
Starting Meta-MD   7 with the settings:
     MD time /ps        :     6.0
     dt /fs             :     5.0
     dumpstep(trj) /fs  :     100
     dumpstep(Vbias)/ps :     1.0
     Vbias factor k /Eh :  0.0780
     Vbias exp α /bohr⁻²:    0.47
Starting Meta-MD  12 with the settings:
     MD time /ps        :     6.0
     dt /fs             :     5.0
     dumpstep(trj) /fs  :     100
     dumpstep(Vbias)/ps :     1.0
     Vbias factor k /Eh :  0.0195
     Vbias exp α /bohr⁻²:    0.28
*Meta-MTD 7 finished*
Starting Meta-MD   8 with the settings:
     MD time /ps        :     6.0
     dt /fs             :     5.0
     dumpstep(trj) /fs  :     100
     dumpstep(Vbias)/ps :     1.0
     Vbias factor k /Eh :  0.0390
     Vbias exp α /bohr⁻²:    0.47
*Meta-MTD 2 finished*
Starting Meta-MD   9 with the settings:
     MD time /ps        :     6.0
     dt /fs             :     5.0
     dumpstep(trj) /fs  :     100
     dumpstep(Vbias)/ps :     1.0
     Vbias factor k /Eh :  0.0195
     Vbias exp α /bohr⁻²:    0.47
*Meta-MTD 3 finished*
Starting Meta-MD  10 with the settings:
     MD time /ps        :     6.0
     dt /fs             :     5.0
     dumpstep(trj) /fs  :     100
     dumpstep(Vbias)/ps :     1.0
     Vbias factor k /Eh :  0.0780
     Vbias exp α /bohr⁻²:    0.28
*Meta-MTD 12 finished*
Starting Meta-MD  11 with the settings:
     MD time /ps        :     6.0
     dt /fs             :     5.0
     dumpstep(trj) /fs  :     100
     dumpstep(Vbias)/ps :     1.0
     Vbias factor k /Eh :  0.0390
     Vbias exp α /bohr⁻²:    0.28
*Meta-MTD 5 finished*
*Meta-MTD 1 finished*
*Meta-MTD 4 finished*
*Meta-MTD 6 finished*
*Meta-MTD 10 finished*
*Meta-MTD 11 finished*
*Meta-MTD 9 finished*
*Meta-MTD 8 finished*
 
-----------------------
Multilevel Optimization
-----------------------
 
 -------------------------
 1. crude pre-optimization
 -------------------------
 Optimizing all 708 structures from file "crest_rotamers_0.xyz" ...
 1 2 3 4 5 6 7 8 9 10 11 12 13 14 15 16 17 18 19 20 21 22 23 24 25 26 27 28 29 30 31 32 33 34 35 36 37 38 39 40 41 42 43 44 45 46 47 48 49 50 51 52 53 54 55 56 57 58 59 60 61 62 63 64 65 66 67 68 69 70 71 72 73 74 75 76 77 78 79 80 81 82 83 84 85 86 87 88 89 90 91 92 93 94 95 96 97 98 99 100 101 102 103 104 105 106 107 108 109 110 111 112 113 114 115 116 117 118 119 120 121 122 123 124 125 126 127 128 129 130 131 132 133 134 135 136 137 138 139 140 141 142 143 144 145 146 147 148 149 150 151 152 153 154 155 156 157 158 159 160 161 162 163 164 165 166 167 168 169 170 171 172 173 174 175 176 177 178 179 180 181 182 183 184 185 186 187 188 189 190 191 192 193 194 195 196 197 198 199 200 201 202 203 204 205 206 207 208 209 210 211 212 213 214 215 216 217 218 219 220 221 222 223 224 225 226 227 228 229 230 231 232 233 234 235 236 237 238 239 240 241 242 243 244 245 246 247 248 249 250 251 252 253 254 255 256 257 258 259 260 261 262 263 264 265 266 267 268 269 270 271 272 273 274 275 276 277 278 279 280 281 282 283 284 285 286 287 288 289 290 291 292 293 294 295 296 297 298 299 300 301 302 303 304 305 306 307 308 309 310 311 312 313 314 315 316 317 318 319 320 321 322 323 324 325 326 327 328 329 330 331 332 333 334 335 336 337 338 339 340 341 342 343 344 345 346 347 348 349 350 351 352 353 354 355 356 357 358 359 360 361 362 363 364 365 366 367 368 369 370 371 372 373 374 375 376 377 378 379 380 381 382 383 384 385 386 387 388 389 390 391 392 393 394 395 396 397 398 399 400 401 402 403 404 405 406 407 408 409 410 411 412 413 414 415 416 417 418 419 420 421 422 423 424 425 426 427 428 429 430 431 432 433 434 435 436 437 438 439 440 441 442 443 444 445 446 447 448 449 450 451 452 453 454 455 456 457 458 459 460 461 462 463 464 465 466 467 468 469 470 471 472 473 474 475 476 477 478 479 480 481 482 483 484 485 486 487 488 489 490 491 492 493 494 495 496 497 498 499 500 501 502 503 504 505 506 507 508 509 510 511 512 513 514 515 516 517 518 519 520 521 522 523 524 525 526 527 528 529 530 531 532 533 534 535 536 537 538 539 540 541 542 543 544 545 546 547 548 549 550 551 552 553 554 555 556 557 558 559 560 561 562 563 564 565 566 567 568 569 570 571 572 573 574 575 576 577 578 579 580 581 582 583 584 585 586 587 588 589 590 591 592 593 594 595 596 597 598 599 600 601 602 603 604 605 606 607 608 609 610 611 612 613 614 615 616 617 618 619 620 621 622 623 624 625 626 627 628 629 630 631 632 633 634 635 636 637 638 639 640 641 642 643 644 645 646 647 648 649 650 651 652 653 654 655 656 657 658 659 660 661 662 663 664 665 666 667 668 669 670 671 672 673 674 675 676 677 678 679 680 681 682 683 684 685 686 687 688 689 690 691 692 693 694 695 696 697 698 699 700 701 702 703 704 705 706 707 708
 done.
 running RMSDs...
 done.
 E lowest :   -47.69820
 665 structures remain within    12.00 kcal/mol window
 
 -------------------------------------
 2. optimization with tight thresholds
 -------------------------------------
 Optimizing all 666 structures from file "crest_rotamers_1.xyz" ...
 1 2 3 4 5 6 7 8 9 10 11 12 13 14 15 16 17 18 19 20 21 22 23 24 25 26 27 28 29 30 31 32 33 34 35 36 37 38 39 40 41 42 43 44 45 46 47 48 49 50 51 52 53 54 55 56 57 58 59 60 61 62 63 64 65 66 67 68 69 70 71 72 73 74 75 76 77 78 79 80 81 82 83 84 85 86 87 88 89 90 91 92 93 94 95 96 97 98 99 100 101 102 103 104 105 106 107 108 109 110 111 112 113 114 115 116 117 118 119 120 121 122 123 124 125 126 127 128 129 130 131 132 133 134 135 136 137 138 139 140 141 142 143 144 145 146 147 148 149 150 151 152 153 154 155 156 157 158 159 160 161 162 163 164 165 166 167 168 169 170 171 172 173 174 175 176 177 178 179 180 181 182 183 184 185 186 187 188 189 190 191 192 193 194 195 196 197 198 199 200 201 202 203 204 205 206 207 208 209 210 211 212 213 214 215 216 217 218 219 220 221 222 223 224 225 226 227 228 229 230 231 232 233 234 235 236 237 238 239 240 241 242 243 244 245 246 247 248 249 250 251 252 253 254 255 256 257 258 259 260 261 262 263 264 265 266 267 268 269 270 271 272 273 274 275 276 277 278 279 280 281 282 283 284 285 286 287 288 289 290 291 292 293 294 295 296 297 298 299 300 301 302 303 304 305 306 307 308 309 310 311 312 313 314 315 316 317 318 319 320 321 322 323 324 325 326 327 328 329 330 331 332 333 334 335 336 337 338 339 340 341 342 343 344 345 346 347 348 349 350 351 352 353 354 355 356 357 358 359 360 361 362 363 364 365 366 367 368 369 370 371 372 373 374 375 376 377 378 379 380 381 382 383 384 385 386 387 388 389 390 391 392 393 394 395 396 397 398 399 400 401 402 403 404 405 406 407 408 409 410 411 412 413 414 415 416 417 418 419 420 421 422 423 424 425 426 427 428 429 430 431 432 433 434 435 436 437 438 439 440 441 442 443 444 445 446 447 448 449 450 451 452 453 454 455 456 457 458 459 460 461 462 463 464 465 466 467 468 469 470 471 472 473 474 475 476 477 478 479 480 481 482 483 484 485 486 487 488 489 490 491 492 493 494 495 496 497 498 499 500 501 502 503 504 505 506 507 508 509 510 511 512 513 514 515 516 517 518 519 520 521 522 523 524 525 526 527 528 529 530 531 532 533 534 535 536 537 538 539 540 541 542 543 544 545 546 547 548 549 550 551 552 553 554 555 556 557 558 559 560 561 562 563 564 565 566 567 568 569 570 571 572 573 574 575 576 577 578 579 580 581 582 583 584 585 586 587 588 589 590 591 592 593 594 595 596 597 598 599 600 601 602 603 604 605 606 607 608 609 610 611 612 613 614 615 616 617 618 619 620 621 622 623 624 625 626 627 628 629 630 631 632 633 634 635 636 637 638 639 640 641 642 643 644 645 646 647 648 649 650 651 652 653 654 655 656 657 658 659 660 661 662 663 664 665 666
 done.
 running RMSDs...
 done.
 E lowest :   -47.69832
 255 structures remain within     6.00 kcal/mol window
 
========================================
            MTD Iterations done         
========================================
 Collecting ensmbles.
 running RMSDs...
 done.
 E lowest :   -47.69832
 426 structures remain within     6.00 kcal/mol window
 
 -------------------------------
 Additional orientation sampling
 -------------------------------
 Optimizing all 498 structures from file "oh_ensemble.xyz" ...
 1 2 3 4 5 6 7 8 9 10 11 12 13 14 15 16 17 18 19 20 21 22 23 24 25 26 27 28 29 30 31 32 33 34 35 36 37 38 39 40 41 42 43 44 45 46 47 48 49 50 51 52 53 54 55 56 57 58 59 60 61 62 63 64 65 66 67 68 69 70 71 72 73 74 75 76 77 78 79 80 81 82 83 84 85 86 87 88 89 90 91 92 93 94 95 96 97 98 99 100 101 102 103 104 105 106 107 108 109 110 111 112 113 114 115 116 117 118 119 120 121 122 123 124 125 126 127 128 129 130 131 132 133 134 135 136 137 138 139 140 141 142 143 144 145 146 147 148 149 150 151 152 153 154 155 156 157 158 159 160 161 162 163 164 165 166 167 168 169 170 171 172 173 174 175 176 177 178 179 180 181 182 183 184 185 186 187 188 189 190 191 192 193 194 195 196 197 198 199 200 201 202 203 204 205 206 207 208 209 210 211 212 213 214 215 216 217 218 219 220 221 222 223 224 225 226 227 228 229 230 231 232 233 234 235 236 237 238 239 240 241 242 243 244 245 246 247 248 249 250 251 252 253 254 255 256 257 258 259 260 261 262 263 264 265 266 267 268 269 270 271 272 273 274 275 276 277 278 279 280 281 282 283 284 285 286 287 288 289 290 291 292 293 294 295 296 297 298 299 300 301 302 303 304 305 306 307 308 309 310 311 312 313 314 315 316 317 318 319 320 321 322 323 324 325 326 327 328 329 330 331 332 333 334 335 336 337 338 339 340 341 342 343 344 345 346 347 348 349 350 351 352 353 354 355 356 357 358 359 360 361 362 363 364 365 366 367 368 369 370 371 372 373 374 375 376 377 378 379 380 381 382 383 384 385 386 387 388 389 390 391 392 393 394 395 396 397 398 399 400 401 402 403 404 405 406 407 408 409 410 411 412 413 414 415 416 417 418 419 420 421 422 423 424 425 426 427 428 429 430 431 432 433 434 435 436 437 438 439 440 441 442 443 444 445 446 447 448 449 450 451 452 453 454 455 456 457 458 459 460 461 462 463 464 465 466 467 468 469 470 471 472 473 474 475 476 477 478 479 480 481 482 483 484 485 486 487 488 489 490 491 492 493 494 495 496 497 498
 done.
 running RMSDs...
 done.
 E lowest :   -47.69832
 531 structures remain within     6.00 kcal/mol window
 
-----------------------------------------------
Additional regular MDs on lowest 4 conformer(s)
-----------------------------------------------
Starting MD   1 with the settings:
     MD time /ps        :     3.0
     MD Temperature /K  :   400.0
     dt /fs             :     5.0
     dumpstep(trj) /fs  :     100
Starting MD   2 with the settings:
     MD time /ps        :     3.0
     MD Temperature /K  :   500.0
     dt /fs             :     5.0
     dumpstep(trj) /fs  :     100
Starting MD   3 with the settings:
     MD time /ps        :     3.0
     MD Temperature /K  :   400.0
     dt /fs             :     5.0
     dumpstep(trj) /fs  :     100
Starting MD   4 with the settings:
     MD time /ps        :     3.0
     MD Temperature /K  :   500.0
     dt /fs             :     5.0
     dumpstep(trj) /fs  :     100
Starting MD   5 with the settings:
     MD time /ps        :     3.0
     MD Temperature /K  :   400.0
     dt /fs             :     5.0
     dumpstep(trj) /fs  :     100
Starting MD   6 with the settings:
     MD time /ps        :     3.0
     MD Temperature /K  :   500.0
     dt /fs             :     5.0
     dumpstep(trj) /fs  :     100
Starting MD   7 with the settings:
     MD time /ps        :     3.0
     MD Temperature /K  :   400.0
     dt /fs             :     5.0
     dumpstep(trj) /fs  :     100
Starting MD   8 with the settings:
     MD time /ps        :     3.0
     MD Temperature /K  :   500.0
     dt /fs             :     5.0
     dumpstep(trj) /fs  :     100
*MD 3 finished*
*MD 7 finished*
*MD 1 finished*
*MD 5 finished*
*MD 6 finished*
*MD 8 finished*
*MD 2 finished*
*MD 4 finished*
 Appending file crest_rotamers_2.xyz with new structures
 
 -------------------------------------------
 Ensemble optimization with tight thresholds
 -------------------------------------------
 Optimizing all 763 structures from file "crest_rotamers_2.xyz" ...
 1 2 3 4 5 6 7 8 9 10 11 12 13 14 15 16 17 18 19 20 21 22 23 24 25 26 27 28 29 30 31 32 33 34 35 36 37 38 39 40 41 42 43 44 45 46 47 48 49 50 51 52 53 54 55 56 57 58 59 60 61 62 63 64 65 66 67 68 69 70 71 72 73 74 75 76 77 78 79 80 81 82 83 84 85 86 87 88 89 90 91 92 93 94 95 96 97 98 99 100 101 102 103 104 105 106 107 108 109 110 111 112 113 114 115 116 117 118 119 120 121 122 123 124 125 126 127 128 129 130 131 132 133 134 135 136 137 138 139 140 141 142 143 144 145 146 147 148 149 150 151 152 153 154 155 156 157 158 159 160 161 162 163 164 165 166 167 168 169 170 171 172 173 174 175 176 177 178 179 180 181 182 183 184 185 186 187 188 189 190 191 192 193 194 195 196 197 198 199 200 201 202 203 204 205 206 207 208 209 210 211 212 213 214 215 216 217 218 219 220 221 222 223 224 225 226 227 228 229 230 231 232 233 234 235 236 237 238 239 240 241 242 243 244 245 246 247 248 249 250 251 252 253 254 255 256 257 258 259 260 261 262 263 264 265 266 267 268 269 270 271 272 273 274 275 276 277 278 279 280 281 282 283 284 285 286 287 288 289 290 291 292 293 294 295 296 297 298 299 300 301 302 303 304 305 306 307 308 309 310 311 312 313 314 315 316 317 318 319 320 321 322 323 324 325 326 327 328 329 330 331 332 333 334 335 336 337 338 339 340 341 342 343 344 345 346 347 348 349 350 351 352 353 354 355 356 357 358 359 360 361 362 363 364 365 366 367 368 369 370 371 372 373 374 375 376 377 378 379 380 381 382 383 384 385 386 387 388 389 390 391 392 393 394 395 396 397 398 399 400 401 402 403 404 405 406 407 408 409 410 411 412 413 414 415 416 417 418 419 420 421 422 423 424 425 426 427 428 429 430 431 432 433 434 435 436 437 438 439 440 441 442 443 444 445 446 447 448 449 450 451 452 453 454 455 456 457 458 459 460 461 462 463 464 465 466 467 468 469 470 471 472 473 474 475 476 477 478 479 480 481 482 483 484 485 486 487 488 489 490 491 492 493 494 495 496 497 498 499 500 501 502 503 504 505 506 507 508 509 510 511 512 513 514 515 516 517 518 519 520 521 522 523 524 525 526 527 528 529 530 531 532 533 534 535 536 537 538 539 540 541 542 543 544 545 546 547 548 549 550 551 552 553 554 555 556 557 558 559 560 561 562 563 564 565 566 567 568 569 570 571 572 573 574 575 576 577 578 579 580 581 582 583 584 585 586 587 588 589 590 591 592 593 594 595 596 597 598 599 600 601 602 603 604 605 606 607 608 609 610 611 612 613 614 615 616 617 618 619 620 621 622 623 624 625 626 627 628 629 630 631 632 633 634 635 636 637 638 639 640 641 642 643 644 645 646 647 648 649 650 651 652 653 654 655 656 657 658 659 660 661 662 663 664 665 666 667 668 669 670 671 672 673 674 675 676 677 678 679 680 681 682 683 684 685 686 687 688 689 690 691 692 693 694 695 696 697 698 699 700 701 702 703 704 705 706 707 708 709 710 711 712 713 714 715 716 717 718 719 720 721 722 723 724 725 726 727 728 729 730 731 732 733 734 735 736 737 738 739 740 741 742 743 744 745 746 747 748 749 750 751 752 753 754 755 756 757 758 759 760 761 762 763
 done.
 running RMSDs...
 done.
 E lowest :   -47.69832
 536 structures remain within     6.00 kcal/mol window
 
 
     ========================================
     |        Structure Crossing (GC)       |
     ========================================
 =============================
  # threads =           8
 =============================
 input  file name : crest_rotamers_4.xyz
number of atoms                :    26
number of points on xyz files  :   536
conformer energy window  /kcal :    6.00
CN per atom difference cut-off :  0.3000
RMSD threshold                 :  0.2500
max. # of generated structures : 300
 reading xyz file ...
 # in E window                536
 generating pairs ...      143915
  31.9 % done
  59.1 % done
  72.6 % done
  72.8 % done
  95.9 % done
 generated pairs           :       29582
 number of clash discarded :      113798
 average rmsd w.r.t input  : 3.45489
 sd of ensemble            : 1.00262
 number of new structures      :          73
 removed identical structures  :         527
 writing           73  TMPCONF* dirs ...
 --------------------------
 GC: loose pre-optimization
 --------------------------
 Starting optimization of generated structures
 73 jobs to do.
 1 2 3 4 5 6 7 8 9 10 11 12 13 14 15 16 17 18 19 20 21 22 23 24 25 26 27 28 29 30 31 32 33 34 35 36 37 38 39 40 41 42 43 44 45 46 47 48 49 50 51 52 53 54 55 56 57 58 59 60 61 62 63 64 65 66 67 68 69 70 71 72 73 
 done.
 Now appending opt.xyz file with new structures
 running RMSDs...
 done.
 E lowest :   -47.69832
 45 structures remain within    10.00 kcal/mol window
 --------------------------------------
 GC: optimization with tight thresholds
 --------------------------------------
 Optimizing all 45 structures from file "crest_rotamers_1.xyz" ...
 1 2 3 4 5 6 7 8 9 10 11 12 13 14 15 16 17 18 19 20 21 22 23 24 25 26 27 28 29 30 31 32 33 34 35 36 37 38 39 40 41 42 43 44 45
 done.
 running RMSDs...
 done.
 E lowest :   -47.69832
 
 
   ================================================
   |           Final Geometry Optimization        |
   ================================================
 ------------------------------------------------
 Ensemble optimization with very tight thresholds
 ------------------------------------------------
 Optimizing all 543 structures from file "crest_rotamers_5.xyz" ...
 1 2 3 4 5 6 7 8 9 10 11 12 13 14 15 16 17 18 19 20 21 22 23 24 25 26 27 28 29 30 31 32 33 34 35 36 37 38 39 40 41 42 43 44 45 46 47 48 49 50 51 52 53 54 55 56 57 58 59 60 61 62 63 64 65 66 67 68 69 70 71 72 73 74 75 76 77 78 79 80 81 82 83 84 85 86 87 88 89 90 91 92 93 94 95 96 97 98 99 100 101 102 103 104 105 106 107 108 109 110 111 112 113 114 115 116 117 118 119 120 121 122 123 124 125 126 127 128 129 130 131 132 133 134 135 136 137 138 139 140 141 142 143 144 145 146 147 148 149 150 151 152 153 154 155 156 157 158 159 160 161 162 163 164 165 166 167 168 169 170 171 172 173 174 175 176 177 178 179 180 181 182 183 184 185 186 187 188 189 190 191 192 193 194 195 196 197 198 199 200 201 202 203 204 205 206 207 208 209 210 211 212 213 214 215 216 217 218 219 220 221 222 223 224 225 226 227 228 229 230 231 232 233 234 235 236 237 238 239 240 241 242 243 244 245 246 247 248 249 250 251 252 253 254 255 256 257 258 259 260 261 262 263 264 265 266 267 268 269 270 271 272 273 274 275 276 277 278 279 280 281 282 283 284 285 286 287 288 289 290 291 292 293 294 295 296 297 298 299 300 301 302 303 304 305 306 307 308 309 310 311 312 313 314 315 316 317 318 319 320 321 322 323 324 325 326 327 328 329 330 331 332 333 334 335 336 337 338 339 340 341 342 343 344 345 346 347 348 349 350 351 352 353 354 355 356 357 358 359 360 361 362 363 364 365 366 367 368 369 370 371 372 373 374 375 376 377 378 379 380 381 382 383 384 385 386 387 388 389 390 391 392 393 394 395 396 397 398 399 400 401 402 403 404 405 406 407 408 409 410 411 412 413 414 415 416 417 418 419 420 421 422 423 424 425 426 427 428 429 430 431 432 433 434 435 436 437 438 439 440 441 442 443 444 445 446 447 448 449 450 451 452 453 454 455 456 457 458 459 460 461 462 463 464 465 466 467 468 469 470 471 472 473 474 475 476 477 478 479 480 481 482 483 484 485 486 487 488 489 490 491 492 493 494 495 496 497 498 499 500 501 502 503 504 505 506 507 508 509 510 511 512 513 514 515 516 517 518 519 520 521 522 523 524 525 526 527 528 529 530 531 532 533 534 535 536 537 538 539 540 541 542 543
 done.
 running RMSDs...
 done.
 E lowest :   -47.69832
 521 structures remain within     6.00 kcal/mol window
 
 input  file name : crest_rotamers_6.xyz
 output file name : crest_rotamers_7.xyz
 number of atoms                :   26
 number of points on xyz files  :   543
 RMSD threshold                 :   0.1250
 Bconst threshold               :   0.0100
 population threshold           :   0.0500
 conformer energy window  /kcal :   6.0000
 # fragment in coord            :     1
 # bonds in reference structure :    25
 number of reliable points      :   543
 reference state Etot :  -47.6983249500000
 number of doubles removed by rot/RMSD         :          22
 total number unique points considered further :         521
       Erel/kcal        Etot weight/tot  conformer     set   degen     origin
       1   0.000   -47.69832    0.02483    0.14898       1       6     md2
       2   0.000   -47.69832    0.02483                                mtd12
       3   0.000   -47.69832    0.02483                                mtd14
       4   0.000   -47.69832    0.02483                                gc
       5   0.000   -47.69832    0.02483                                md1
       6   0.000   -47.69832    0.02482                                mtd9
       7   0.125   -47.69813    0.02011    0.12066       2       6     mtd2
       8   0.125   -47.69813    0.02011                                mtd11
       9   0.125   -47.69813    0.02011                                md3
      10   0.125   -47.69813    0.02011                                mtd2
      11   0.125   -47.69813    0.02011                                mtd11
      12   0.125   -47.69813    0.02011                                md4
      13   0.316   -47.69782    0.01457    0.11653       3       8     mtd6
      14   0.316   -47.69782    0.01457                                mtd10
      15   0.316   -47.69782    0.01457                                mtd7
      16   0.316   -47.69782    0.01457                                mtd1
      17   0.316   -47.69782    0.01457                                mtd5
      18   0.316   -47.69782    0.01457                                md5
      19   0.316   -47.69782    0.01456                                mtd5
      20   0.317   -47.69782    0.01456                                mtd1
      21   0.523   -47.69749    0.01028    0.08223       4       8     mtd2
      22   0.523   -47.69749    0.01028                                mtd2
      23   0.523   -47.69749    0.01028                                mtd2
      24   0.523   -47.69749    0.01028                                mtd2
      25   0.523   -47.69749    0.01028                                md3
      26   0.523   -47.69749    0.01028                                mtd5
      27   0.523   -47.69749    0.01028                                mtd13
      28   0.524   -47.69749    0.01027                                mtd2
      29   0.663   -47.69727    0.00811    0.04867       5       6     mtd5
      30   0.663   -47.69727    0.00811                                mtd7
      31   0.663   -47.69727    0.00811                                mtd5
      32   0.664   -47.69727    0.00811                                mtd1
      33   0.664   -47.69727    0.00811                                mtd1
      34   0.664   -47.69727    0.00811                                mtd11
      35   0.729   -47.69716    0.00726    0.02903       6       4     mtd5
      36   0.730   -47.69716    0.00726                                mtd13
      37   0.730   -47.69716    0.00726                                mtd9
      38   0.730   -47.69716    0.00726                                mtd5
      39   0.737   -47.69715    0.00717    0.02867       7       4     mtd8
      40   0.737   -47.69715    0.00717                                mtd6
      41   0.737   -47.69715    0.00717                                mtd7
      42   0.737   -47.69715    0.00717                                mtd11
      43   0.798   -47.69705    0.00646    0.01939       8       3     mtd7
      44   0.798   -47.69705    0.00646                                mtd11
      45   0.798   -47.69705    0.00646                                mtd11
      46   0.908   -47.69688    0.00537    0.01611       9       3     hor
      47   0.908   -47.69688    0.00537                                hor
      48   0.908   -47.69688    0.00537                                hor
      49   0.917   -47.69686    0.00529    0.02115      10       4     mtd10
      50   0.917   -47.69686    0.00529                                mtd2
      51   0.917   -47.69686    0.00529                                mtd13
      52   0.917   -47.69686    0.00529                                md4
      53   0.940   -47.69683    0.00509    0.04582      11       9     md8
      54   0.940   -47.69683    0.00509                                mtd9
      55   0.940   -47.69683    0.00509                                mtd4
      56   0.940   -47.69683    0.00509                                md4
      57   0.940   -47.69683    0.00509                                mtd12
      58   0.940   -47.69683    0.00509                                mtd11
      59   0.940   -47.69683    0.00509                                mtd8
      60   0.940   -47.69683    0.00509                                mtd2
      61   0.940   -47.69683    0.00509                                md4
      62   0.948   -47.69681    0.00502    0.03009      12       6     mtd8
      63   0.948   -47.69681    0.00502                                mtd8
      64   0.948   -47.69681    0.00502                                mtd8
      65   0.948   -47.69681    0.00502                                mtd8
      66   0.948   -47.69681    0.00502                                mtd8
      67   0.950   -47.69681    0.00501                                mtd10
      68   1.064   -47.69663    0.00413    0.00825      13       2     mtd6
      69   1.064   -47.69663    0.00413                                mtd7
      70   1.124   -47.69653    0.00373    0.01865      14       5     mtd6
      71   1.124   -47.69653    0.00373                                mtd7
      72   1.124   -47.69653    0.00373                                mtd6
      73   1.124   -47.69653    0.00373                                mtd7
      74   1.124   -47.69653    0.00373                                mtd3
      75   1.165   -47.69647    0.00348    0.01394      15       4     mtd1
      76   1.165   -47.69647    0.00348                                mtd11
      77   1.165   -47.69647    0.00348                                mtd5
      78   1.165   -47.69647    0.00348                                mtd11
      79   1.186   -47.69643    0.00336    0.01344      16       4     mtd1
      80   1.186   -47.69643    0.00336                                mtd1
      81   1.186   -47.69643    0.00336                                mtd10
      82   1.186   -47.69643    0.00336                                mtd4
      83   1.213   -47.69639    0.00321    0.01283      17       4     mtd7
      84   1.213   -47.69639    0.00321                                mtd8
      85   1.214   -47.69639    0.00321                                mtd7
      86   1.214   -47.69639    0.00321                                mtd8
      87   1.275   -47.69629    0.00289    0.00867      18       3     mtd8
      88   1.275   -47.69629    0.00289                                mtd10
      89   1.276   -47.69629    0.00289                                mtd7
      90   1.302   -47.69625    0.00276    0.01106      19       4     mtd12
      91   1.302   -47.69625    0.00276                                mtd4
      92   1.302   -47.69625    0.00276                                mtd11
      93   1.302   -47.69625    0.00276                                mtd4
      94   1.313   -47.69623    0.00271    0.00542      20       2     mtd11
      95   1.313   -47.69623    0.00271                                mtd7
      96   1.330   -47.69621    0.00264    0.00791      21       3     mtd7
      97   1.330   -47.69621    0.00264                                mtd6
      98   1.330   -47.69621    0.00264                                mtd9
      99   1.376   -47.69613    0.00244    0.00976      22       4     mtd2
     100   1.376   -47.69613    0.00244                                md1
     101   1.376   -47.69613    0.00244                                md1
     102   1.376   -47.69613    0.00244                                mtd7
     103   1.391   -47.69611    0.00238    0.00238      23       1     mtd1
     104   1.436   -47.69604    0.00220    0.00220      24       1     mtd7
     105   1.461   -47.69600    0.00211    0.00634      25       3     mtd9
     106   1.461   -47.69600    0.00211                                mtd13
     107   1.462   -47.69600    0.00211                                mtd8
     108   1.504   -47.69593    0.00197    0.01180      26       6     mtd8
     109   1.504   -47.69593    0.00197                                mtd1
     110   1.504   -47.69593    0.00197                                mtd7
     111   1.504   -47.69593    0.00197                                mtd10
     112   1.504   -47.69593    0.00197                                mtd1
     113   1.504   -47.69593    0.00197                                mtd1
     114   1.542   -47.69587    0.00184    0.00738      27       4     mtd1
     115   1.542   -47.69587    0.00184                                mtd1
     116   1.542   -47.69587    0.00184                                mtd1
     117   1.542   -47.69587    0.00184                                mtd1
     118   1.563   -47.69583    0.00178    0.00178      28       1     mtd1
     119   1.572   -47.69582    0.00175    0.00350      29       2     mtd8
     120   1.573   -47.69582    0.00175                                mtd12
     121   1.663   -47.69567    0.00150    0.01052      30       7     mtd2
     122   1.663   -47.69567    0.00150                                mtd3
     123   1.663   -47.69567    0.00150                                mtd10
     124   1.663   -47.69567    0.00150                                mtd2
     125   1.663   -47.69567    0.00150                                mtd1
     126   1.663   -47.69567    0.00150                                mtd2
     127   1.663   -47.69567    0.00150                                mtd11
     128   1.697   -47.69562    0.00142    0.00284      31       2     mtd7
     129   1.697   -47.69562    0.00142                                mtd10
     130   1.737   -47.69556    0.00133    0.00929      32       7     mtd1
     131   1.737   -47.69556    0.00133                                mtd5
     132   1.737   -47.69556    0.00133                                mtd5
     133   1.737   -47.69556    0.00133                                mtd4
     134   1.737   -47.69556    0.00133                                mtd1
     135   1.737   -47.69556    0.00133                                mtd10
     136   1.737   -47.69556    0.00133                                mtd4
     137   1.755   -47.69553    0.00129    0.00258      33       2     mtd8
     138   1.755   -47.69553    0.00129                                mtd8
     139   1.759   -47.69552    0.00128    0.00639      34       5     mtd5
     140   1.759   -47.69552    0.00128                                mtd5
     141   1.759   -47.69552    0.00128                                mtd6
     142   1.759   -47.69552    0.00128                                mtd5
     143   1.759   -47.69552    0.00128                                mtd6
     144   1.762   -47.69552    0.00127    0.00636      35       5     mtd11
     145   1.762   -47.69552    0.00127                                mtd10
     146   1.762   -47.69552    0.00127                                mtd4
     147   1.762   -47.69552    0.00127                                mtd4
     148   1.764   -47.69551    0.00127                                mtd4
     149   1.817   -47.69543    0.00116    0.00347      36       3     mtd7
     150   1.818   -47.69543    0.00116                                mtd8
     151   1.820   -47.69543    0.00115                                mtd10
     152   1.863   -47.69536    0.00107    0.00536      37       5     mtd8
     153   1.863   -47.69536    0.00107                                mtd11
     154   1.863   -47.69536    0.00107                                mtd8
     155   1.863   -47.69536    0.00107                                mtd11
     156   1.864   -47.69536    0.00107                                mtd1
     157   1.874   -47.69534    0.00105    0.00421      38       4     mtd1
     158   1.874   -47.69534    0.00105                                mtd3
     159   1.874   -47.69534    0.00105                                mtd2
     160   1.874   -47.69534    0.00105                                mtd3
     161   1.884   -47.69532    0.00104    0.00310      39       3     mtd4
     162   1.884   -47.69532    0.00104                                mtd10
     163   1.885   -47.69532    0.00103                                mtd10
     164   1.942   -47.69523    0.00094    0.00564      40       6     mtd7
     165   1.942   -47.69523    0.00094                                mtd14
     166   1.942   -47.69523    0.00094                                mtd3
     167   1.942   -47.69523    0.00094                                mtd14
     168   1.942   -47.69523    0.00094                                mtd14
     169   1.942   -47.69523    0.00094                                mtd14
     170   2.005   -47.69513    0.00084    0.00169      41       2     mtd10
     171   2.005   -47.69513    0.00084                                mtd11
     172   2.011   -47.69512    0.00084    0.00502      42       6     mtd2
     173   2.011   -47.69512    0.00084                                mtd11
     174   2.011   -47.69512    0.00084                                mtd9
     175   2.011   -47.69512    0.00084                                mtd9
     176   2.011   -47.69512    0.00084                                mtd14
     177   2.011   -47.69512    0.00084                                mtd3
     178   2.020   -47.69511    0.00082    0.00082      43       1     mtd5
     179   2.027   -47.69509    0.00081    0.00322      44       4     mtd4
     180   2.027   -47.69509    0.00081                                mtd7
     181   2.039   -47.69508    0.00080                                mtd10
     182   2.039   -47.69508    0.00080                                mtd8
     183   2.043   -47.69507    0.00079    0.00238      45       3     mtd5
     184   2.043   -47.69507    0.00079                                mtd5
     185   2.043   -47.69507    0.00079                                mtd13
     186   2.070   -47.69503    0.00076    0.00530      46       7     mtd5
     187   2.070   -47.69503    0.00076                                mtd5
     188   2.070   -47.69503    0.00076                                mtd5
     189   2.070   -47.69503    0.00076                                mtd6
     190   2.070   -47.69503    0.00076                                mtd5
     191   2.070   -47.69503    0.00076                                mtd10
     192   2.070   -47.69503    0.00076                                mtd5
     193   2.073   -47.69502    0.00075    0.00226      47       3     mtd5
     194   2.073   -47.69502    0.00075                                mtd10
     195   2.073   -47.69502    0.00075                                mtd7
     196   2.106   -47.69497    0.00071    0.00285      48       4     mtd8
     197   2.106   -47.69497    0.00071                                mtd7
     198   2.106   -47.69497    0.00071                                mtd7
     199   2.106   -47.69497    0.00071                                mtd4
     200   2.179   -47.69485    0.00063    0.00189      49       3     mtd6
     201   2.179   -47.69485    0.00063                                mtd6
     202   2.180   -47.69485    0.00063                                mtd8
     203   2.191   -47.69483    0.00062    0.00123      50       2     mtd4
     204   2.191   -47.69483    0.00062                                mtd8
     205   2.215   -47.69480    0.00059    0.00178      51       3     mtd4
     206   2.215   -47.69480    0.00059                                mtd7
     207   2.215   -47.69480    0.00059                                mtd12
     208   2.219   -47.69479    0.00059    0.00412      52       7     mtd4
     209   2.219   -47.69479    0.00059                                mtd4
     210   2.219   -47.69479    0.00059                                mtd4
     211   2.219   -47.69479    0.00059                                mtd5
     212   2.219   -47.69479    0.00059                                mtd4
     213   2.220   -47.69479    0.00059                                mtd4
     214   2.221   -47.69479    0.00059                                mtd10
     215   2.247   -47.69474    0.00056    0.00112      53       2     mtd1
     216   2.247   -47.69474    0.00056                                mtd1
     217   2.266   -47.69471    0.00054    0.00054      54       1     mtd10
     218   2.268   -47.69471    0.00054    0.00108      55       2     mtd12
     219   2.268   -47.69471    0.00054                                mtd13
     220   2.269   -47.69471    0.00054    0.00270      56       5     mtd4
     221   2.269   -47.69471    0.00054                                mtd3
     222   2.269   -47.69471    0.00054                                mtd11
     223   2.269   -47.69471    0.00054                                mtd4
     224   2.269   -47.69471    0.00054                                mtd4
     225   2.271   -47.69471    0.00054    0.00054      57       1     mtd10
     226   2.294   -47.69467    0.00052    0.00156      58       3     mtd10
     227   2.294   -47.69467    0.00052                                mtd7
     228   2.295   -47.69467    0.00052                                mtd4
     229   2.316   -47.69463    0.00050    0.00100      59       2     mtd10
     230   2.316   -47.69463    0.00050                                mtd8
     231   2.325   -47.69462    0.00049    0.00295      60       6     mtd3
     232   2.325   -47.69462    0.00049                                mtd3
     233   2.325   -47.69462    0.00049                                mtd2
     234   2.325   -47.69462    0.00049                                mtd2
     235   2.325   -47.69462    0.00049                                mtd3
     236   2.326   -47.69462    0.00049                                mtd2
     237   2.355   -47.69457    0.00047    0.00187      61       4     mtd12
     238   2.356   -47.69457    0.00047                                mtd3
     239   2.356   -47.69457    0.00047                                mtd12
     240   2.357   -47.69457    0.00047                                mtd4
     241   2.370   -47.69455    0.00046    0.00046      62       1     mtd2
     242   2.384   -47.69453    0.00045    0.00089      63       2     mtd4
     243   2.384   -47.69453    0.00045                                mtd4
     244   2.393   -47.69451    0.00044    0.00395      64       9     mtd3
     245   2.393   -47.69451    0.00044                                mtd14
     246   2.393   -47.69451    0.00044                                mtd7
     247   2.393   -47.69451    0.00044                                mtd14
     248   2.393   -47.69451    0.00044                                mtd14
     249   2.393   -47.69451    0.00044                                mtd2
     250   2.393   -47.69451    0.00044                                mtd8
     251   2.393   -47.69451    0.00044                                mtd3
     252   2.394   -47.69451    0.00044                                mtd2
     253   2.412   -47.69448    0.00043    0.00298      65       7     mtd11
     254   2.412   -47.69448    0.00043                                mtd7
     255   2.412   -47.69448    0.00043                                mtd9
     256   2.412   -47.69448    0.00043                                mtd12
     257   2.412   -47.69448    0.00043                                mtd9
     258   2.412   -47.69448    0.00043                                mtd9
     259   2.412   -47.69448    0.00042                                mtd9
     260   2.422   -47.69447    0.00042    0.00125      66       3     mtd4
     261   2.422   -47.69447    0.00042                                mtd10
     262   2.422   -47.69447    0.00042                                mtd10
     263   2.441   -47.69443    0.00040    0.00081      67       2     mtd13
     264   2.441   -47.69443    0.00040                                mtd5
     265   2.457   -47.69441    0.00039    0.00118      68       3     mtd5
     266   2.457   -47.69441    0.00039                                mtd6
     267   2.457   -47.69441    0.00039                                mtd7
     268   2.492   -47.69435    0.00037    0.00037      69       1     mtd3
     269   2.492   -47.69435    0.00037    0.00037      70       1     mtd9
     270   2.500   -47.69434    0.00037    0.00073      71       2     mtd5
     271   2.501   -47.69434    0.00037                                mtd8
     272   2.505   -47.69433    0.00036    0.00073      72       2     gc
     273   2.505   -47.69433    0.00036                                mtd14
     274   2.515   -47.69432    0.00036    0.00143      73       4     hor
     275   2.515   -47.69432    0.00036                                hor
     276   2.515   -47.69432    0.00036                                hor
     277   2.516   -47.69432    0.00036                                hor
     278   2.524   -47.69430    0.00035    0.00070      74       2     hor
     279   2.524   -47.69430    0.00035                                hor
     280   2.543   -47.69427    0.00034    0.00068      75       2     mtd7
     281   2.543   -47.69427    0.00034                                mtd8
     282   2.555   -47.69425    0.00033    0.00067      76       2     mtd4
     283   2.557   -47.69425    0.00033                                mtd4
     284   2.587   -47.69420    0.00032    0.00032      77       1     mtd1
     285   2.589   -47.69420    0.00032    0.00095      78       3     mtd13
     286   2.589   -47.69420    0.00032                                mtd12
     287   2.589   -47.69420    0.00032                                mtd7
     288   2.592   -47.69419    0.00031    0.00094      79       3     mtd9
     289   2.592   -47.69419    0.00031                                mtd10
     290   2.592   -47.69419    0.00031                                mtd11
     291   2.604   -47.69418    0.00031    0.00062      80       2     hor
     292   2.604   -47.69417    0.00031                                hor
     293   2.609   -47.69417    0.00030    0.00061      81       2     mtd2
     294   2.609   -47.69417    0.00030                                mtd3
     295   2.645   -47.69411    0.00029    0.00086      82       3     hor
     296   2.646   -47.69411    0.00029                                hor
     297   2.646   -47.69411    0.00029                                hor
     298   2.657   -47.69409    0.00028    0.00028      83       1     mtd8
     299   2.671   -47.69407    0.00027    0.00165      84       6     mtd5
     300   2.671   -47.69407    0.00027                                mtd9
     301   2.671   -47.69407    0.00027                                mtd11
     302   2.671   -47.69407    0.00027                                mtd2
     303   2.671   -47.69407    0.00027                                mtd2
     304   2.671   -47.69407    0.00027                                mtd2
     305   2.676   -47.69406    0.00027    0.00054      85       2     mtd10
     306   2.676   -47.69406    0.00027                                mtd11
     307   2.697   -47.69403    0.00026    0.00079      86       3     mtd14
     308   2.697   -47.69403    0.00026                                mtd3
     309   2.697   -47.69403    0.00026                                mtd12
     310   2.709   -47.69401    0.00026    0.00052      87       2     mtd5
     311   2.709   -47.69401    0.00026                                mtd11
     312   2.727   -47.69398    0.00025    0.00025      88       1     mtd5
     313   2.756   -47.69393    0.00024    0.00048      89       2     hor
     314   2.756   -47.69393    0.00024                                hor
     315   2.761   -47.69393    0.00024    0.00024      90       1     mtd8
     316   2.781   -47.69389    0.00023    0.00023      91       1     mtd1
     317   2.786   -47.69389    0.00023    0.00113      92       5     mtd8
     318   2.786   -47.69389    0.00023                                mtd5
     319   2.786   -47.69389    0.00023                                mtd4
     320   2.786   -47.69389    0.00023                                mtd5
     321   2.786   -47.69388    0.00023                                mtd5
     322   2.800   -47.69386    0.00022    0.00066      93       3     mtd3
     323   2.800   -47.69386    0.00022                                mtd2
     324   2.801   -47.69386    0.00022                                mtd2
     325   2.810   -47.69385    0.00022    0.00022      94       1     mtd5
     326   2.816   -47.69384    0.00021    0.00043      95       2     hor
     327   2.816   -47.69384    0.00021                                hor
     328   2.858   -47.69377    0.00020    0.00020      96       1     mtd8
     329   2.864   -47.69376    0.00020    0.00059      97       3     mtd13
     330   2.864   -47.69376    0.00020                                mtd10
     331   2.864   -47.69376    0.00020                                mtd10
     332   2.869   -47.69375    0.00020    0.00059      98       3     mtd13
     333   2.870   -47.69375    0.00020                                mtd12
     334   2.870   -47.69375    0.00020                                mtd13
     335   2.881   -47.69373    0.00019    0.00019      99       1     mtd13
     336   2.891   -47.69372    0.00019    0.00076     100       4     mtd5
     337   2.891   -47.69372    0.00019                                mtd14
     338   2.891   -47.69372    0.00019                                mtd11
     339   2.894   -47.69371    0.00019                                mtd4
     340   2.896   -47.69371    0.00019    0.00019     101       1     mtd5
     341   2.918   -47.69367    0.00018    0.00036     102       2     mtd11
     342   2.918   -47.69367    0.00018                                mtd12
     343   2.919   -47.69367    0.00018    0.00108     103       6     mtd4
     344   2.919   -47.69367    0.00018                                mtd7
     345   2.919   -47.69367    0.00018                                mtd10
     346   2.919   -47.69367    0.00018                                mtd14
     347   2.919   -47.69367    0.00018                                mtd14
     348   2.919   -47.69367    0.00018                                mtd12
     349   2.922   -47.69367    0.00018    0.00018     104       1     hor
     350   2.980   -47.69358    0.00016    0.00016     105       1     mtd5
     351   3.026   -47.69350    0.00015    0.00045     106       3     mtd4
     352   3.026   -47.69350    0.00015                                mtd10
     353   3.026   -47.69350    0.00015                                mtd10
     354   3.038   -47.69348    0.00015    0.00015     107       1     mtd7
     355   3.050   -47.69346    0.00014    0.00072     108       5     mtd10
     356   3.050   -47.69346    0.00014                                mtd3
     357   3.050   -47.69346    0.00014                                mtd14
     358   3.050   -47.69346    0.00014                                mtd14
     359   3.060   -47.69345    0.00014                                mtd3
     360   3.054   -47.69346    0.00014    0.00014     109       1     mtd10
     361   3.066   -47.69344    0.00014    0.00014     110       1     mtd10
     362   3.067   -47.69344    0.00014    0.00028     111       2     hor
     363   3.067   -47.69344    0.00014                                hor
     364   3.084   -47.69341    0.00014    0.00041     112       3     mtd10
     365   3.084   -47.69341    0.00014                                mtd10
     366   3.084   -47.69341    0.00014                                mtd10
     367   3.088   -47.69340    0.00014    0.00041     113       3     mtd3
     368   3.088   -47.69340    0.00014                                mtd4
     369   3.088   -47.69340    0.00014                                mtd14
     370   3.155   -47.69330    0.00012    0.00024     114       2     mtd5
     371   3.155   -47.69330    0.00012                                mtd13
     372   3.168   -47.69328    0.00012    0.00036     115       3     hor
     373   3.168   -47.69328    0.00012                                hor
     374   3.168   -47.69328    0.00012                                hor
     375   3.170   -47.69327    0.00012    0.00036     116       3     mtd4
     376   3.170   -47.69327    0.00012                                mtd10
     377   3.170   -47.69327    0.00012                                mtd3
     378   3.189   -47.69324    0.00011    0.00011     117       1     mtd4
     379   3.194   -47.69324    0.00011    0.00011     118       1     mtd7
     380   3.206   -47.69322    0.00011    0.00011     119       1     mtd10
     381   3.225   -47.69319    0.00011    0.00032     120       3     hor
     382   3.225   -47.69319    0.00011                                hor
     383   3.226   -47.69318    0.00011                                hor
     384   3.292   -47.69308    0.00010    0.00010     121       1     mtd10
     385   3.293   -47.69308    0.00010    0.00038     122       4     mtd11
     386   3.293   -47.69308    0.00010                                mtd11
     387   3.293   -47.69308    0.00010                                mtd7
     388   3.293   -47.69308    0.00010                                mtd10
     389   3.348   -47.69299    0.00009    0.00009     123       1     mtd4
     390   3.367   -47.69296    0.00008    0.00008     124       1     hor
     391   3.374   -47.69295    0.00008    0.00017     125       2     hor
     392   3.374   -47.69295    0.00008                                hor
     393   3.381   -47.69294    0.00008    0.00008     126       1     hor
     394   3.416   -47.69288    0.00008    0.00008     127       1     mtd8
     395   3.447   -47.69283    0.00007    0.00007     128       1     mtd8
     396   3.458   -47.69281    0.00007    0.00029     129       4     hor
     397   3.458   -47.69281    0.00007                                hor
     398   3.458   -47.69281    0.00007                                hor
     399   3.458   -47.69281    0.00007                                hor
     400   3.486   -47.69277    0.00007    0.00021     130       3     hor
     401   3.486   -47.69277    0.00007                                hor
     402   3.486   -47.69277    0.00007                                hor
     403   3.496   -47.69275    0.00007    0.00014     131       2     mtd4
     404   3.496   -47.69275    0.00007                                mtd4
     405   3.538   -47.69269    0.00006    0.00025     132       4     hor
     406   3.538   -47.69269    0.00006                                hor
     407   3.538   -47.69269    0.00006                                hor
     408   3.538   -47.69269    0.00006                                hor
     409   3.568   -47.69264    0.00006    0.00012     133       2     mtd13
     410   3.570   -47.69264    0.00006                                mtd12
     411   3.599   -47.69259    0.00006    0.00011     134       2     mtd7
     412   3.600   -47.69259    0.00006                                mtd7
     413   3.612   -47.69257    0.00006    0.00011     135       2     mtd13
     414   3.613   -47.69257    0.00006                                mtd13
     415   3.651   -47.69251    0.00005    0.00016     136       3     mtd7
     416   3.651   -47.69251    0.00005                                mtd14
     417   3.652   -47.69251    0.00005                                mtd10
     418   3.682   -47.69246    0.00005    0.00010     137       2     mtd5
     419   3.682   -47.69246    0.00005                                mtd11
     420   3.687   -47.69245    0.00005    0.00010     138       2     hor
     421   3.687   -47.69245    0.00005                                hor
     422   3.742   -47.69236    0.00005    0.00005     139       1     mtd7
     423   3.774   -47.69231    0.00004    0.00004     140       1     mtd12
     424   3.832   -47.69222    0.00004    0.00008     141       2     hor
     425   3.832   -47.69222    0.00004                                hor
     426   3.857   -47.69218    0.00004    0.00015     142       4     mtd9
     427   3.857   -47.69218    0.00004                                mtd11
     428   3.857   -47.69218    0.00004                                mtd7
     429   3.858   -47.69218    0.00004                                mtd11
     430   3.899   -47.69211    0.00003    0.00007     143       2     hor
     431   3.899   -47.69211    0.00003                                hor
     432   3.957   -47.69202    0.00003    0.00006     144       2     hor
     433   3.957   -47.69202    0.00003                                hor
     434   3.957   -47.69202    0.00003    0.00003     145       1     mtd12
     435   3.962   -47.69201    0.00003    0.00006     146       2     hor
     436   3.962   -47.69201    0.00003                                hor
     437   4.004   -47.69194    0.00003    0.00009     147       3     mtd2
     438   4.004   -47.69194    0.00003                                mtd12
     439   4.005   -47.69194    0.00003                                hor
     440   4.005   -47.69194    0.00003    0.00006     148       2     mtd14
     441   4.004   -47.69194    0.00003                                hor
     442   4.027   -47.69191    0.00003    0.00006     149       2     hor
     443   4.027   -47.69191    0.00003                                hor
     444   4.051   -47.69187    0.00003    0.00003     150       1     hor
     445   4.061   -47.69185    0.00003    0.00005     151       2     mtd12
     446   4.061   -47.69185    0.00003                                mtd8
     447   4.068   -47.69184    0.00003    0.00003     152       1     hor
     448   4.102   -47.69179    0.00002    0.00002     153       1     mtd2
     449   4.109   -47.69178    0.00002    0.00007     154       3     hor
     450   4.109   -47.69178    0.00002                                hor
     451   4.109   -47.69178    0.00002                                hor
     452   4.119   -47.69176    0.00002    0.00005     155       2     hor
     453   4.119   -47.69176    0.00002                                hor
     454   4.122   -47.69176    0.00002    0.00002     156       1     mtd9
     455   4.236   -47.69157    0.00002    0.00002     157       1     hor
     456   4.269   -47.69152    0.00002    0.00006     158       3     hor
     457   4.269   -47.69152    0.00002                                hor
     458   4.269   -47.69152    0.00002                                hor
     459   4.293   -47.69148    0.00002    0.00002     159       1     mtd7
     460   4.295   -47.69148    0.00002    0.00002     160       1     mtd3
     461   4.355   -47.69138    0.00002    0.00005     161       3     hor
     462   4.355   -47.69138    0.00002                                hor
     463   4.356   -47.69138    0.00002                                hor
     464   4.463   -47.69121    0.00001    0.00001     162       1     mtd11
     465   4.463   -47.69121    0.00001    0.00001     163       1     mtd11
     466   4.547   -47.69108    0.00001    0.00001     164       1     hor
     467   4.594   -47.69100    0.00001    0.00001     165       1     mtd12
     468   4.606   -47.69099    0.00001    0.00004     166       4     hor
     469   4.606   -47.69099    0.00001                                hor
     470   4.606   -47.69099    0.00001                                hor
     471   4.606   -47.69098    0.00001                                hor
     472   4.634   -47.69094    0.00001    0.00005     167       5     hor
     473   4.634   -47.69094    0.00001                                hor
     474   4.634   -47.69094    0.00001                                hor
     475   4.634   -47.69094    0.00001                                hor
     476   4.634   -47.69094    0.00001                                hor
     477   4.667   -47.69089    0.00001    0.00001     168       1     mtd6
     478   4.701   -47.69083    0.00001    0.00001     169       1     mtd11
     479   4.790   -47.69069    0.00001    0.00001     170       1     hor
     480   4.803   -47.69067    0.00001    0.00002     171       2     hor
     481   4.803   -47.69067    0.00001                                hor
     482   4.816   -47.69065    0.00001    0.00004     172       5     hor
     483   4.816   -47.69065    0.00001                                gc
     484   4.816   -47.69065    0.00001                                gc
     485   4.816   -47.69065    0.00001                                gc
     486   4.816   -47.69065    0.00001                                hor
     487   4.978   -47.69039    0.00001    0.00001     173       1     mtd11
     488   4.985   -47.69038    0.00001    0.00001     174       1     mtd6
     489   4.991   -47.69037    0.00001    0.00002     175       4     hor
     490   4.991   -47.69037    0.00001                                hor
     491   4.992   -47.69037    0.00001                                hor
     492   4.994   -47.69037    0.00001                                hor
     493   5.003   -47.69035    0.00001    0.00001     176       1     mtd6
     494   5.007   -47.69035    0.00001    0.00001     177       1     mtd12
     495   5.024   -47.69032    0.00001    0.00001     178       1     mtd7
     496   5.040   -47.69029    0.00001    0.00001     179       1     mtd7
     497   5.225   -47.69000    0.00000    0.00001     180       2     hor
     498   5.225   -47.69000    0.00000                                hor
     499   5.306   -47.68987    0.00000    0.00001     181       2     mtd8
     500   5.306   -47.68987    0.00000                                mtd4
     501   5.418   -47.68969    0.00000    0.00000     182       1     hor
     502   5.445   -47.68965    0.00000    0.00000     183       1     mtd7
     503   5.452   -47.68964    0.00000    0.00001     184       2     hor
     504   5.452   -47.68964    0.00000                                hor
     505   5.540   -47.68950    0.00000    0.00000     185       1     mtd7
     506   5.601   -47.68940    0.00000    0.00000     186       2     hor
     507   5.601   -47.68940    0.00000                                hor
     508   5.670   -47.68929    0.00000    0.00000     187       1     mtd12
     509   5.707   -47.68923    0.00000    0.00000     188       2     hor
     510   5.707   -47.68923    0.00000                                hor
     511   5.710   -47.68923    0.00000    0.00001     189       5     hor
     512   5.710   -47.68923    0.00000                                gc
     513   5.710   -47.68923    0.00000                                gc
     514   5.710   -47.68923    0.00000                                hor
     515   5.710   -47.68923    0.00000                                gc
     516   5.713   -47.68922    0.00000    0.00000     190       1     mtd11
     517   5.733   -47.68919    0.00000    0.00000     191       1     hor
     518   5.745   -47.68917    0.00000    0.00000     192       1     hor
     519   5.835   -47.68903    0.00000    0.00000     193       1     hor
     520   5.880   -47.68896    0.00000    0.00000     194       1     hor
     521   5.885   -47.68895    0.00000    0.00000     195       1     hor
T /K                                  :   298.15
E lowest                              :   -47.69832
ensemble average energy (kcal)        :    0.798
ensemble entropy (J/mol K, cal/mol K) :   41.915   10.018
ensemble free energy (kcal/mol)       :   -2.987
population of lowest in %             :   14.898
 number of unique conformers for further calc          195
 list of relative energies saved as "crest.energies"
 
 -----------------
 Wall Time Summary
 -----------------
             test MD wall time :         0h : 0m : 1s
                 MTD wall time :         0h : 1m :20s
      multilevel OPT wall time :         0h : 3m :26s
                  MD wall time :         0h : 0m :40s
                  GC wall time :         0h : 0m : 5s
--------------------
Overall wall time  : 0h : 5m :51s
 
 CREST terminated normally.
